<?xml version="1.0" encoding="UTF-8"?>
<coverage generated="1585536402655" clover="3.2.0">
  <project timestamp="1585536402656" name="All files">
    <metrics statements="2793" coveredstatements="2527" conditionals="1184" coveredconditionals="963" methods="657" coveredmethods="568" elements="4634" coveredelements="4058" complexity="0" loc="2793" ncloc="2793" packages="11" files="54" classes="54">
      <package name="src">
        <metrics statements="558" coveredstatements="490" conditionals="279" coveredconditionals="225" methods="136" coveredmethods="119"/>
        <file name="constants.ts" path="C:\projects\js-slang\src\constants.ts">
          <metrics statements="5" coveredstatements="5" conditionals="2" coveredconditionals="1" methods="0" coveredmethods="0"/>
          <line num="3" count="24" type="cond" truecount="1" falsecount="1"/>
          <line num="4" count="24" type="stmt"/>
          <line num="5" count="24" type="stmt"/>
          <line num="6" count="24" type="stmt"/>
          <line num="16" count="24" type="stmt"/>
        </file>
        <file name="createContext.ts" path="C:\projects\js-slang\src\createContext.ts">
          <metrics statements="133" coveredstatements="112" conditionals="35" coveredconditionals="29" methods="28" coveredmethods="18"/>
          <line num="3" count="24" type="stmt"/>
          <line num="4" count="24" type="stmt"/>
          <line num="5" count="24" type="stmt"/>
          <line num="6" count="24" type="stmt"/>
          <line num="7" count="24" type="stmt"/>
          <line num="8" count="24" type="stmt"/>
          <line num="9" count="24" type="stmt"/>
          <line num="10" count="24" type="stmt"/>
          <line num="11" count="24" type="stmt"/>
          <line num="13" count="24" type="stmt"/>
          <line num="14" count="24" type="stmt"/>
          <line num="15" count="24" type="stmt"/>
          <line num="20" count="0" type="stmt"/>
          <line num="21" count="0" type="stmt"/>
          <line num="22" count="0" type="stmt"/>
          <line num="25" count="2107" type="stmt"/>
          <line num="34" count="2107" type="stmt"/>
          <line num="39" count="0" type="stmt"/>
          <line num="45" count="2107" type="stmt"/>
          <line num="51" count="24" type="stmt"/>
          <line num="56" count="2107" type="cond" truecount="2" falsecount="0"/>
          <line num="57" count="24" type="stmt"/>
          <line num="59" count="2107" type="stmt"/>
          <line num="63" count="2107" type="stmt"/>
          <line num="78" count="24" type="stmt"/>
          <line num="79" count="4214" type="cond" truecount="1" falsecount="1"/>
          <line num="80" count="0" type="stmt"/>
          <line num="82" count="4214" type="cond" truecount="1" falsecount="1"/>
          <line num="83" count="0" type="stmt"/>
          <line num="85" count="4214" type="cond" truecount="2" falsecount="0"/>
          <line num="86" count="2107" type="stmt"/>
          <line num="90" count="24" type="stmt"/>
          <line num="91" count="134124" type="stmt"/>
          <line num="92" count="134124" type="stmt"/>
          <line num="97" count="134124" type="stmt"/>
          <line num="99" count="35480" type="stmt"/>
          <line num="105" count="24" type="stmt"/>
          <line num="106" count="134124" type="cond" truecount="2" falsecount="0"/>
          <line num="107" count="8883417" type="stmt"/>
          <line num="108" count="110947" type="stmt"/>
          <line num="109" count="110947" type="stmt"/>
          <line num="110" count="110947" type="stmt"/>
          <line num="112" count="110947" type="stmt"/>
          <line num="113" count="23177" type="cond" truecount="1" falsecount="1"/>
          <line num="114" count="0" type="stmt"/>
          <line num="115" count="0" type="stmt"/>
          <line num="116" count="0" type="stmt"/>
          <line num="117" count="0" type="stmt"/>
          <line num="118" count="0" type="stmt"/>
          <line num="120" count="23177" type="stmt"/>
          <line num="124" count="24" type="stmt"/>
          <line num="125" count="2107" type="stmt"/>
          <line num="127" count="2107" type="stmt"/>
          <line num="128" count="0" type="stmt"/>
          <line num="135" count="24" type="stmt"/>
          <line num="140" count="2107" type="stmt"/>
          <line num="142" count="2107" type="stmt"/>
          <line num="143" count="22" type="stmt"/>
          <line num="144" count="2107" type="stmt"/>
          <line num="145" count="2107" type="stmt"/>
          <line num="146" count="2107" type="stmt"/>
          <line num="147" count="2107" type="stmt"/>
          <line num="149" count="2107" type="cond" truecount="1" falsecount="1"/>
          <line num="150" count="2107" type="stmt"/>
          <line num="151" count="2107" type="stmt"/>
          <line num="152" count="2107" type="stmt"/>
          <line num="153" count="2107" type="stmt"/>
          <line num="154" count="2107" type="stmt"/>
          <line num="155" count="2107" type="stmt"/>
          <line num="156" count="2107" type="stmt"/>
          <line num="157" count="2107" type="stmt"/>
          <line num="158" count="2107" type="stmt"/>
          <line num="159" count="2107" type="stmt"/>
          <line num="160" count="2107" type="stmt"/>
          <line num="161" count="2107" type="stmt"/>
          <line num="162" count="2107" type="stmt"/>
          <line num="163" count="2107" type="stmt"/>
          <line num="164" count="2107" type="stmt"/>
          <line num="166" count="2107" type="stmt"/>
          <line num="167" count="2107" type="stmt"/>
          <line num="168" count="90601" type="stmt"/>
          <line num="172" count="2107" type="cond" truecount="2" falsecount="0"/>
          <line num="174" count="789" type="cond" truecount="1" falsecount="1"/>
          <line num="175" count="0" type="stmt"/>
          <line num="176" count="0" type="stmt"/>
          <line num="177" count="0" type="stmt"/>
          <line num="178" count="0" type="stmt"/>
          <line num="179" count="0" type="stmt"/>
          <line num="180" count="0" type="stmt"/>
          <line num="181" count="0" type="stmt"/>
          <line num="183" count="789" type="stmt"/>
          <line num="184" count="789" type="stmt"/>
          <line num="185" count="789" type="stmt"/>
          <line num="186" count="789" type="stmt"/>
          <line num="187" count="789" type="stmt"/>
          <line num="188" count="789" type="stmt"/>
          <line num="189" count="789" type="stmt"/>
          <line num="193" count="2107" type="cond" truecount="2" falsecount="0"/>
          <line num="194" count="647" type="stmt"/>
          <line num="195" count="647" type="stmt"/>
          <line num="196" count="647" type="stmt"/>
          <line num="197" count="647" type="stmt"/>
          <line num="200" count="647" type="stmt"/>
          <line num="201" count="647" type="stmt"/>
          <line num="202" count="647" type="stmt"/>
          <line num="205" count="2107" type="cond" truecount="2" falsecount="0"/>
          <line num="206" count="447" type="stmt"/>
          <line num="207" count="113" type="stmt"/>
          <line num="209" count="447" type="stmt"/>
          <line num="213" count="2" type="stmt"/>
          <line num="217" count="2107" type="cond" truecount="2" falsecount="0"/>
          <line num="218" count="192" type="stmt"/>
          <line num="219" count="192" type="stmt"/>
          <line num="220" count="192" type="stmt"/>
          <line num="221" count="192" type="stmt"/>
          <line num="223" count="192" type="stmt"/>
          <line num="224" count="0" type="stmt"/>
          <line num="230" count="2107" type="stmt"/>
          <line num="231" count="2107" type="cond" truecount="2" falsecount="0"/>
          <line num="232" count="789" type="stmt"/>
          <line num="234" count="2107" type="cond" truecount="2" falsecount="0"/>
          <line num="235" count="647" type="stmt"/>
          <line num="237" count="2107" type="cond" truecount="2" falsecount="0"/>
          <line num="238" count="789" type="stmt"/>
          <line num="242" count="24" type="stmt"/>
          <line num="249" count="0" type="stmt"/>
          <line num="253" count="24" type="stmt"/>
          <line num="260" count="2107" type="stmt"/>
          <line num="262" count="2107" type="stmt"/>
          <line num="263" count="2107" type="stmt"/>
          <line num="264" count="2107" type="stmt"/>
          <line num="266" count="2107" type="stmt"/>
          <line num="269" count="24" type="stmt"/>
        </file>
        <file name="finder.ts" path="C:\projects\js-slang\src\finder.ts">
          <metrics statements="48" coveredstatements="46" conditionals="52" coveredconditionals="46" methods="10" coveredmethods="10"/>
          <line num="1" count="19" type="stmt"/>
          <line num="14" count="19" type="stmt"/>
          <line num="20" count="363" type="stmt"/>
          <line num="21" count="363" type="stmt"/>
          <line num="22" count="363" type="cond" truecount="3" falsecount="1"/>
          <line num="23" count="363" type="stmt"/>
          <line num="30" count="0" type="stmt"/>
          <line num="33" count="16" type="stmt"/>
          <line num="34" count="16" type="cond" truecount="4" falsecount="0"/>
          <line num="38" count="19" type="stmt"/>
          <line num="39" count="15" type="stmt"/>
          <line num="40" count="15" type="cond" truecount="1" falsecount="1"/>
          <line num="42" count="15" type="stmt"/>
          <line num="43" count="15" type="stmt"/>
          <line num="44" count="47" type="stmt"/>
          <line num="46" count="11" type="cond" truecount="2" falsecount="0"/>
          <line num="47" count="15" type="stmt"/>
          <line num="51" count="3" type="cond" truecount="2" falsecount="0"/>
          <line num="52" count="2" type="stmt"/>
          <line num="53" count="2" type="stmt"/>
          <line num="57" count="7" type="cond" truecount="4" falsecount="0"/>
          <line num="58" count="1" type="stmt"/>
          <line num="59" count="6" type="cond" truecount="2" falsecount="0"/>
          <line num="60" count="3" type="stmt"/>
          <line num="61" count="3" type="cond" truecount="2" falsecount="0"/>
          <line num="62" count="1" type="stmt"/>
          <line num="64" count="2" type="stmt"/>
          <line num="69" count="1" type="cond" truecount="1" falsecount="1"/>
          <line num="70" count="1" type="stmt"/>
          <line num="71" count="1" type="cond" truecount="1" falsecount="1"/>
          <line num="72" count="1" type="stmt"/>
          <line num="74" count="0" type="stmt"/>
          <line num="79" count="15" type="cond" truecount="2" falsecount="0"/>
          <line num="80" count="11" type="stmt"/>
          <line num="84" count="47" type="cond" truecount="2" falsecount="0"/>
          <line num="85" count="14" type="stmt"/>
          <line num="89" count="1" type="stmt"/>
          <line num="93" count="21" type="stmt"/>
          <line num="94" count="21" type="stmt"/>
          <line num="95" count="21" type="stmt"/>
          <line num="108" count="15" type="stmt"/>
          <line num="109" count="15" type="stmt"/>
          <line num="111" count="42" type="cond" truecount="4" falsecount="0"/>
          <line num="112" count="13" type="stmt"/>
          <line num="113" count="13" type="stmt"/>
          <line num="122" count="44" type="cond" truecount="4" falsecount="0"/>
          <line num="123" count="2" type="stmt"/>
          <line num="127" count="15" type="stmt"/>
        </file>
        <file name="index.ts" path="C:\projects\js-slang\src\index.ts">
          <metrics statements="143" coveredstatements="129" conditionals="68" coveredconditionals="53" methods="12" coveredmethods="11"/>
          <line num="1" count="19" type="stmt"/>
          <line num="3" count="19" type="stmt"/>
          <line num="4" count="19" type="stmt"/>
          <line num="5" count="19" type="stmt"/>
          <line num="6" count="19" type="stmt"/>
          <line num="12" count="19" type="stmt"/>
          <line num="13" count="19" type="stmt"/>
          <line num="14" count="19" type="stmt"/>
          <line num="15" count="19" type="stmt"/>
          <line num="16" count="19" type="stmt"/>
          <line num="17" count="19" type="stmt"/>
          <line num="18" count="19" type="stmt"/>
          <line num="19" count="19" type="stmt"/>
          <line num="20" count="19" type="stmt"/>
          <line num="21" count="19" type="stmt"/>
          <line num="32" count="19" type="stmt"/>
          <line num="33" count="19" type="stmt"/>
          <line num="44" count="19" type="stmt"/>
          <line num="55" count="19" type="stmt"/>
          <line num="61" count="19" type="stmt"/>
          <line num="62" count="19" type="stmt"/>
          <line num="64" count="19" type="cond" truecount="1" falsecount="0"/>
          <line num="65" count="909" type="stmt"/>
          <line num="66" count="376" type="cond" truecount="1" falsecount="1"/>
          <line num="67" count="376" type="cond" truecount="1" falsecount="1"/>
          <line num="68" count="376" type="stmt"/>
          <line num="70" count="376" type="cond" truecount="2" falsecount="0"/>
          <line num="73" count="94" type="stmt"/>
          <line num="74" count="94" type="stmt"/>
          <line num="76" count="282" type="stmt"/>
          <line num="79" count="909" type="stmt"/>
          <line num="91" count="1" type="stmt"/>
          <line num="97" count="1" type="stmt"/>
          <line num="99" count="1" type="stmt"/>
          <line num="100" count="1" type="cond" truecount="1" falsecount="1"/>
          <line num="101" count="1" type="stmt"/>
          <line num="105" count="5" type="stmt"/>
          <line num="108" count="1" type="cond" truecount="1" falsecount="1"/>
          <line num="109" count="0" type="stmt"/>
          <line num="110" count="1" type="cond" truecount="1" falsecount="1"/>
          <line num="111" count="0" type="stmt"/>
          <line num="114" count="1" type="cond" truecount="1" falsecount="1"/>
          <line num="120" count="1" type="stmt"/>
          <line num="124" count="19" type="stmt"/>
          <line num="128" count="1699" type="cond" truecount="2" falsecount="0"/>
          <line num="129" count="61" type="cond" truecount="2" falsecount="0"/>
          <line num="130" count="20" type="cond" truecount="1" falsecount="1"/>
          <line num="131" count="0" type="stmt"/>
          <line num="132" count="20" type="cond" truecount="2" falsecount="0"/>
          <line num="133" count="10" type="stmt"/>
          <line num="135" count="10" type="stmt"/>
          <line num="136" count="10" type="stmt"/>
          <line num="138" count="7" type="stmt"/>
          <line num="141" count="10" type="stmt"/>
          <line num="143" count="20" type="cond" truecount="2" falsecount="0"/>
          <line num="145" count="41" type="stmt"/>
          <line num="148" count="1638" type="stmt"/>
          <line num="149" count="1638" type="stmt"/>
          <line num="151" count="1699" type="stmt"/>
          <line num="154" count="19" type="stmt"/>
          <line num="159" count="16" type="stmt"/>
          <line num="160" count="16" type="cond" truecount="1" falsecount="1"/>
          <line num="161" count="0" type="stmt"/>
          <line num="163" count="16" type="stmt"/>
          <line num="164" count="16" type="cond" truecount="2" falsecount="0"/>
          <line num="165" count="1" type="stmt"/>
          <line num="167" count="15" type="stmt"/>
          <line num="168" count="15" type="cond" truecount="4" falsecount="0"/>
          <line num="169" count="1" type="stmt"/>
          <line num="171" count="14" type="stmt"/>
          <line num="174" count="19" type="stmt"/>
          <line num="180" count="1860" type="stmt"/>
          <line num="182" count="1860" type="cond" truecount="4" falsecount="0"/>
          <line num="183" count="111" type="stmt"/>
          <line num="186" count="1749" type="stmt"/>
          <line num="188" count="1860" type="stmt"/>
          <line num="189" count="1860" type="stmt"/>
          <line num="190" count="1860" type="stmt"/>
          <line num="192" count="1860" type="stmt"/>
          <line num="193" count="1860" type="stmt"/>
          <line num="194" count="1860" type="cond" truecount="2" falsecount="0"/>
          <line num="195" count="153" type="stmt"/>
          <line num="197" count="1707" type="stmt"/>
          <line num="198" count="1707" type="cond" truecount="2" falsecount="0"/>
          <line num="199" count="8" type="stmt"/>
          <line num="201" count="1699" type="cond" truecount="1" falsecount="1"/>
          <line num="202" count="0" type="stmt"/>
          <line num="203" count="0" type="stmt"/>
          <line num="208" count="1699" type="stmt"/>
          <line num="209" count="1699" type="cond" truecount="2" falsecount="0"/>
          <line num="210" count="480" type="stmt"/>
          <line num="211" count="480" type="stmt"/>
          <line num="212" count="480" type="stmt"/>
          <line num="213" count="480" type="stmt"/>
          <line num="215" count="1219" type="cond" truecount="2" falsecount="0"/>
          <line num="216" count="516" type="cond" truecount="2" falsecount="0"/>
          <line num="217" count="4" type="stmt"/>
          <line num="219" count="512" type="stmt"/>
          <line num="221" count="516" type="stmt"/>
          <line num="225" count="516" type="stmt"/>
          <line num="226" count="516" type="stmt"/>
          <line num="228" count="516" type="stmt"/>
          <line num="229" count="516" type="stmt"/>
          <line num="230" count="516" type="stmt"/>
          <line num="231" count="516" type="stmt"/>
          <line num="236" count="52" type="cond" truecount="2" falsecount="0"/>
          <line num="237" count="33" type="stmt"/>
          <line num="238" count="33" type="stmt"/>
          <line num="240" count="19" type="cond" truecount="1" falsecount="1"/>
          <line num="242" count="19" type="cond" truecount="2" falsecount="0"/>
          <line num="243" count="18" type="stmt"/>
          <line num="244" count="18" type="stmt"/>
          <line num="246" count="1" type="stmt"/>
          <line num="249" count="1" type="stmt"/>
          <line num="250" count="1" type="stmt"/>
          <line num="251" count="1" type="cond" truecount="1" falsecount="1"/>
          <line num="252" count="0" type="stmt"/>
          <line num="253" count="0" type="stmt"/>
          <line num="255" count="1" type="stmt"/>
          <line num="256" count="1" type="stmt"/>
          <line num="257" count="1" type="stmt"/>
          <line num="261" count="1" type="stmt"/>
          <line num="267" count="1" type="stmt"/>
          <line num="270" count="1" type="stmt"/>
          <line num="275" count="703" type="stmt"/>
          <line num="277" count="703" type="cond" truecount="1" falsecount="1"/>
          <line num="278" count="0" type="stmt"/>
          <line num="280" count="703" type="stmt"/>
          <line num="282" count="703" type="stmt"/>
          <line num="286" count="19" type="stmt"/>
          <line num="287" count="15" type="cond" truecount="3" falsecount="1"/>
          <line num="288" count="0" type="stmt"/>
          <line num="290" count="15" type="stmt"/>
          <line num="294" count="19" type="stmt"/>
          <line num="295" count="0" type="stmt"/>
          <line num="296" count="0" type="stmt"/>
          <line num="297" count="0" type="stmt"/>
          <line num="298" count="0" type="stmt"/>
          <line num="302" count="19" type="stmt"/>
          <line num="305" count="19" type="stmt"/>
          <line num="306" count="19" type="stmt"/>
          <line num="307" count="19" type="stmt"/>
          <line num="308" count="19" type="stmt"/>
        </file>
        <file name="schedulers.ts" path="C:\projects\js-slang\src\schedulers.ts">
          <metrics statements="51" coveredstatements="37" conditionals="20" coveredconditionals="16" methods="6" coveredmethods="4"/>
          <line num="2" count="24" type="stmt"/>
          <line num="3" count="24" type="stmt"/>
          <line num="6" count="24" type="stmt"/>
          <line num="8" count="0" type="stmt"/>
          <line num="9" count="0" type="stmt"/>
          <line num="10" count="0" type="stmt"/>
          <line num="11" count="0" type="stmt"/>
          <line num="12" count="0" type="stmt"/>
          <line num="13" count="0" type="stmt"/>
          <line num="14" count="0" type="cond" truecount="0" falsecount="2"/>
          <line num="15" count="0" type="stmt"/>
          <line num="16" count="0" type="stmt"/>
          <line num="20" count="0" type="stmt"/>
          <line num="22" count="0" type="stmt"/>
          <line num="24" count="0" type="cond" truecount="0" falsecount="2"/>
          <line num="25" count="0" type="stmt"/>
          <line num="32" count="0" type="stmt"/>
          <line num="38" count="24" type="stmt"/>
          <line num="39" count="703" type="stmt"/>
          <line num="42" count="718" type="stmt"/>
          <line num="43" count="718" type="stmt"/>
          <line num="46" count="718" type="stmt"/>
          <line num="47" count="718" type="stmt"/>
          <line num="48" count="718" type="stmt"/>
          <line num="49" count="2065" type="stmt"/>
          <line num="50" count="2065" type="stmt"/>
          <line num="51" count="2065" type="cond" truecount="2" falsecount="0"/>
          <line num="52" count="1393240" type="stmt"/>
          <line num="53" count="1393240" type="stmt"/>
          <line num="55" count="1393125" type="cond" truecount="2" falsecount="0"/>
          <line num="56" count="1393125" type="cond" truecount="2" falsecount="0"/>
          <line num="57" count="27" type="stmt"/>
          <line num="60" count="1950" type="stmt"/>
          <line num="62" count="115" type="cond" truecount="2" falsecount="0"/>
          <line num="63" count="11" type="stmt"/>
          <line num="64" count="11" type="stmt"/>
          <line num="65" count="11" type="stmt"/>
          <line num="66" count="11" type="stmt"/>
          <line num="71" count="35" type="cond" truecount="2" falsecount="0"/>
          <line num="72" count="30" type="stmt"/>
          <line num="73" count="30" type="stmt"/>
          <line num="76" count="11" type="stmt"/>
          <line num="78" count="115" type="stmt"/>
          <line num="79" count="115" type="stmt"/>
          <line num="80" count="115" type="stmt"/>
          <line num="82" count="2065" type="cond" truecount="2" falsecount="0"/>
          <line num="83" count="603" type="stmt"/>
          <line num="84" count="603" type="stmt"/>
          <line num="85" count="603" type="cond" truecount="2" falsecount="0"/>
          <line num="86" count="27" type="stmt"/>
          <line num="93" count="576" type="stmt"/>
        </file>
        <file name="scoped-vars.ts" path="C:\projects\js-slang\src\scoped-vars.ts">
          <metrics statements="171" coveredstatements="154" conditionals="98" coveredconditionals="76" methods="78" coveredmethods="74"/>
          <line num="1" count="20" type="stmt"/>
          <line num="5" count="20" type="stmt"/>
          <line num="10" count="44" type="cond" truecount="1" falsecount="1"/>
          <line num="11" count="0" type="stmt"/>
          <line num="14" count="44" type="stmt"/>
          <line num="21" count="44" type="stmt"/>
          <line num="25" count="44" type="stmt"/>
          <line num="26" count="44" type="stmt"/>
          <line num="27" count="44" type="stmt"/>
          <line num="28" count="44" type="stmt"/>
          <line num="29" count="44" type="stmt"/>
          <line num="30" count="44" type="stmt"/>
          <line num="31" count="31" type="stmt"/>
          <line num="34" count="44" type="stmt"/>
          <line num="35" count="44" type="stmt"/>
          <line num="37" count="16" type="cond" truecount="1" falsecount="1"/>
          <line num="38" count="16" type="stmt"/>
          <line num="43" count="44" type="stmt"/>
          <line num="44" count="44" type="stmt"/>
          <line num="45" count="44" type="stmt"/>
          <line num="47" count="44" type="stmt"/>
          <line num="48" count="31" type="stmt"/>
          <line num="49" count="8" type="stmt"/>
          <line num="50" count="44" type="stmt"/>
          <line num="51" count="44" type="stmt"/>
          <line num="53" count="44" type="stmt"/>
          <line num="54" count="14" type="stmt"/>
          <line num="56" count="44" type="stmt"/>
          <line num="57" count="23" type="stmt"/>
          <line num="59" count="44" type="stmt"/>
          <line num="60" count="44" type="stmt"/>
          <line num="64" count="44" type="stmt"/>
          <line num="77" count="44" type="stmt"/>
          <line num="88" count="44" type="stmt"/>
          <line num="90" count="44" type="stmt"/>
          <line num="93" count="20" type="stmt"/>
          <line num="94" count="23" type="stmt"/>
          <line num="103" count="20" type="stmt"/>
          <line num="109" count="8" type="stmt"/>
          <line num="115" count="8" type="stmt"/>
          <line num="122" count="8" type="stmt"/>
          <line num="124" count="8" type="stmt"/>
          <line num="126" count="8" type="stmt"/>
          <line num="130" count="14" type="stmt"/>
          <line num="141" count="16" type="stmt"/>
          <line num="151" count="16" type="stmt"/>
          <line num="162" count="16" type="stmt"/>
          <line num="163" count="16" type="stmt"/>
          <line num="167" count="44" type="stmt"/>
          <line num="168" count="44" type="stmt"/>
          <line num="172" count="4" type="stmt"/>
          <line num="173" count="4" type="cond" truecount="1" falsecount="1"/>
          <line num="174" count="0" type="stmt"/>
          <line num="176" count="4" type="stmt"/>
          <line num="183" count="44" type="stmt"/>
          <line num="188" count="0" type="stmt"/>
          <line num="189" count="0" type="cond" truecount="0" falsecount="2"/>
          <line num="196" count="0" type="stmt"/>
          <line num="199" count="0" type="stmt"/>
          <line num="200" count="0" type="stmt"/>
          <line num="204" count="20" type="stmt"/>
          <line num="214" count="26" type="cond" truecount="1" falsecount="1"/>
          <line num="215" count="0" type="stmt"/>
          <line num="218" count="76" type="stmt"/>
          <line num="219" count="54" type="stmt"/>
          <line num="222" count="30" type="cond" truecount="2" falsecount="0"/>
          <line num="225" count="25" type="stmt"/>
          <line num="231" count="26" type="cond" truecount="2" falsecount="0"/>
          <line num="232" count="26" type="stmt"/>
          <line num="234" count="22" type="stmt"/>
          <line num="236" count="26" type="cond" truecount="1" falsecount="1"/>
          <line num="237" count="0" type="stmt"/>
          <line num="240" count="26" type="stmt"/>
          <line num="255" count="20" type="stmt"/>
          <line num="261" count="7" type="stmt"/>
          <line num="263" count="7" type="stmt"/>
          <line num="264" count="7" type="cond" truecount="4" falsecount="0"/>
          <line num="265" count="1" type="stmt"/>
          <line num="267" count="6" type="stmt"/>
          <line num="268" count="6" type="stmt"/>
          <line num="269" count="6" type="stmt"/>
          <line num="271" count="6" type="stmt"/>
          <line num="272" count="6" type="stmt"/>
          <line num="277" count="6" type="stmt"/>
          <line num="278" count="7" type="stmt"/>
          <line num="280" count="7" type="stmt"/>
          <line num="291" count="8" type="stmt"/>
          <line num="293" count="6" type="stmt"/>
          <line num="294" count="5" type="stmt"/>
          <line num="295" count="8" type="cond" truecount="2" falsecount="0"/>
          <line num="296" count="2" type="stmt"/>
          <line num="300" count="6" type="stmt"/>
          <line num="301" count="6" type="stmt"/>
          <line num="306" count="6" type="stmt"/>
          <line num="307" count="1" type="stmt"/>
          <line num="309" count="6" type="stmt"/>
          <line num="314" count="6" type="stmt"/>
          <line num="315" count="6" type="stmt"/>
          <line num="316" count="7" type="stmt"/>
          <line num="318" count="6" type="stmt"/>
          <line num="320" count="4" type="stmt"/>
          <line num="321" count="4" type="stmt"/>
          <line num="322" count="4" type="stmt"/>
          <line num="323" count="4" type="stmt"/>
          <line num="326" count="6" type="stmt"/>
          <line num="331" count="6" type="stmt"/>
          <line num="333" count="6" type="stmt"/>
          <line num="335" count="11" type="cond" truecount="3" falsecount="1"/>
          <line num="336" count="11" type="stmt"/>
          <line num="340" count="30" type="cond" truecount="1" falsecount="1"/>
          <line num="341" count="30" type="cond" truecount="2" falsecount="0"/>
          <line num="342" count="19" type="stmt"/>
          <line num="344" count="0" type="cond" truecount="0" falsecount="2"/>
          <line num="345" count="0" type="cond" truecount="0" falsecount="2"/>
          <line num="346" count="0" type="cond" truecount="0" falsecount="2"/>
          <line num="347" count="0" type="stmt"/>
          <line num="354" count="6" type="stmt"/>
          <line num="359" count="76" type="stmt"/>
          <line num="365" count="44" type="stmt"/>
          <line num="367" count="76" type="cond" truecount="2" falsecount="0"/>
          <line num="374" count="44" type="stmt"/>
          <line num="376" count="76" type="cond" truecount="2" falsecount="0"/>
          <line num="382" count="76" type="stmt"/>
          <line num="386" count="76" type="stmt"/>
          <line num="390" count="76" type="stmt"/>
          <line num="397" count="62" type="stmt"/>
          <line num="401" count="213" type="stmt"/>
          <line num="405" count="7" type="stmt"/>
          <line num="409" count="176" type="cond" truecount="2" falsecount="0"/>
          <line num="415" count="55" type="cond" truecount="2" falsecount="2"/>
          <line num="416" count="0" type="stmt"/>
          <line num="417" count="55" type="cond" truecount="1" falsecount="1"/>
          <line num="418" count="0" type="stmt"/>
          <line num="419" count="55" type="cond" truecount="1" falsecount="1"/>
          <line num="420" count="0" type="stmt"/>
          <line num="423" count="55" type="cond" truecount="2" falsecount="0"/>
          <line num="424" count="33" type="stmt"/>
          <line num="425" count="22" type="cond" truecount="2" falsecount="0"/>
          <line num="426" count="10" type="stmt"/>
          <line num="428" count="12" type="stmt"/>
          <line num="434" count="319" type="cond" truecount="1" falsecount="1"/>
          <line num="435" count="0" type="stmt"/>
          <line num="438" count="319" type="cond" truecount="4" falsecount="0"/>
          <line num="439" count="128" type="stmt"/>
          <line num="440" count="191" type="cond" truecount="4" falsecount="0"/>
          <line num="441" count="26" type="stmt"/>
          <line num="442" count="165" type="cond" truecount="4" falsecount="0"/>
          <line num="443" count="8" type="stmt"/>
          <line num="444" count="157" type="cond" truecount="4" falsecount="0"/>
          <line num="445" count="70" type="cond" truecount="4" falsecount="0"/>
          <line num="446" count="64" type="stmt"/>
          <line num="448" count="6" type="stmt"/>
          <line num="451" count="87" type="stmt"/>
          <line num="457" count="180" type="stmt"/>
          <line num="469" count="12" type="stmt"/>
          <line num="470" count="65" type="stmt"/>
          <line num="472" count="65" type="stmt"/>
          <line num="473" count="12" type="stmt"/>
          <line num="475" count="30" type="stmt"/>
          <line num="476" count="38" type="stmt"/>
          <line num="478" count="38" type="stmt"/>
          <line num="479" count="33" type="stmt"/>
          <line num="488" count="44" type="stmt"/>
          <line num="489" count="16" type="stmt"/>
          <line num="490" count="16" type="stmt"/>
          <line num="491" count="44" type="stmt"/>
          <line num="493" count="16" type="stmt"/>
          <line num="494" count="46" type="stmt"/>
          <line num="498" count="46" type="cond" truecount="2" falsecount="0"/>
          <line num="501" count="28" type="stmt"/>
          <line num="506" count="26" type="stmt"/>
        </file>
        <file name="types.ts" path="C:\projects\js-slang\src\types.ts">
          <metrics statements="7" coveredstatements="7" conditionals="4" coveredconditionals="4" methods="2" coveredmethods="2"/>
          <line num="23" count="24" type="cond" truecount="2" falsecount="0"/>
          <line num="24" count="24" type="stmt"/>
          <line num="25" count="24" type="stmt"/>
          <line num="26" count="24" type="stmt"/>
          <line num="29" count="24" type="cond" truecount="2" falsecount="0"/>
          <line num="30" count="24" type="stmt"/>
          <line num="31" count="24" type="stmt"/>
        </file>
      </package>
      <package name="src.errors">
        <metrics statements="138" coveredstatements="104" conditionals="14" coveredconditionals="5" methods="55" coveredmethods="34"/>
        <file name="errors.ts" path="C:\projects\js-slang\src\errors\errors.ts">
          <metrics statements="98" coveredstatements="69" conditionals="12" coveredconditionals="4" methods="39" coveredmethods="23"/>
          <line num="3" count="24" type="stmt"/>
          <line num="5" count="24" type="stmt"/>
          <line num="6" count="24" type="stmt"/>
          <line num="7" count="24" type="stmt"/>
          <line num="9" count="24" type="stmt"/>
          <line num="11" count="0" type="stmt"/>
          <line num="15" count="0" type="stmt"/>
          <line num="19" count="0" type="stmt"/>
          <line num="23" count="24" type="stmt"/>
          <line num="24" count="54" type="stmt"/>
          <line num="25" count="54" type="stmt"/>
          <line num="27" count="54" type="stmt"/>
          <line num="30" count="53" type="stmt"/>
          <line num="34" count="0" type="stmt"/>
          <line num="38" count="24" type="stmt"/>
          <line num="39" count="24" type="stmt"/>
          <line num="41" count="11" type="stmt"/>
          <line num="44" count="30" type="stmt"/>
          <line num="45" count="30" type="stmt"/>
          <line num="46" count="31" type="stmt"/>
          <line num="47" count="30" type="stmt"/>
          <line num="48" count="30" type="stmt"/>
          <line num="52" count="11" type="stmt"/>
          <line num="53" count="11" type="stmt"/>
          <line num="57" count="30" type="stmt"/>
          <line num="58" count="11" type="stmt"/>
          <line num="59" count="30" type="stmt"/>
          <line num="64" count="0" type="stmt"/>
          <line num="68" count="24" type="stmt"/>
          <line num="69" count="30" type="stmt"/>
          <line num="70" count="30" type="stmt"/>
          <line num="74" count="30" type="stmt"/>
          <line num="78" count="8" type="stmt"/>
          <line num="79" count="8" type="stmt"/>
          <line num="80" count="8" type="stmt"/>
          <line num="82" count="8" type="stmt"/>
          <line num="84" count="8" type="stmt"/>
          <line num="86" count="8" type="stmt"/>
          <line num="87" count="8" type="stmt"/>
          <line num="89" count="8" type="cond" truecount="2" falsecount="0"/>
          <line num="90" count="1" type="stmt"/>
          <line num="92" count="7" type="stmt"/>
          <line num="97" count="24" type="stmt"/>
          <line num="98" count="8" type="stmt"/>
          <line num="99" count="8" type="stmt"/>
          <line num="103" count="8" type="stmt"/>
          <line num="107" count="1" type="stmt"/>
          <line num="111" count="24" type="stmt"/>
          <line num="112" count="3" type="stmt"/>
          <line num="113" count="3" type="stmt"/>
          <line num="117" count="3" type="stmt"/>
          <line num="121" count="0" type="stmt"/>
          <line num="125" count="24" type="stmt"/>
          <line num="128" count="22" type="stmt"/>
          <line num="129" count="22" type="stmt"/>
          <line num="130" count="22" type="stmt"/>
          <line num="134" count="22" type="stmt"/>
          <line num="138" count="6" type="stmt"/>
          <line num="139" count="6" type="cond" truecount="2" falsecount="0"/>
          <line num="141" count="6" type="stmt"/>
          <line num="145" count="24" type="stmt"/>
          <line num="146" count="0" type="stmt"/>
          <line num="147" count="0" type="stmt"/>
          <line num="151" count="0" type="stmt"/>
          <line num="155" count="0" type="cond" truecount="0" falsecount="2"/>
          <line num="156" count="0" type="stmt"/>
          <line num="158" count="0" type="stmt"/>
          <line num="160" count="0" type="cond" truecount="0" falsecount="2"/>
          <line num="161" count="0" type="stmt"/>
          <line num="163" count="0" type="cond" truecount="0" falsecount="2"/>
          <line num="164" count="0" type="stmt"/>
          <line num="167" count="0" type="stmt"/>
          <line num="168" count="0" type="cond" truecount="0" falsecount="2"/>
          <line num="169" count="0" type="stmt"/>
          <line num="171" count="0" type="stmt"/>
          <line num="176" count="24" type="stmt"/>
          <line num="177" count="6" type="stmt"/>
          <line num="178" count="6" type="stmt"/>
          <line num="182" count="6" type="stmt"/>
          <line num="186" count="2" type="stmt"/>
          <line num="190" count="24" type="stmt"/>
          <line num="191" count="0" type="stmt"/>
          <line num="192" count="0" type="stmt"/>
          <line num="196" count="0" type="stmt"/>
          <line num="200" count="0" type="stmt"/>
          <line num="204" count="24" type="stmt"/>
          <line num="205" count="2" type="stmt"/>
          <line num="206" count="2" type="stmt"/>
          <line num="209" count="2" type="stmt"/>
          <line num="210" count="2" type="stmt"/>
          <line num="211" count="2" type="stmt"/>
          <line num="215" count="2" type="stmt"/>
          <line num="219" count="0" type="stmt"/>
          <line num="223" count="24" type="stmt"/>
          <line num="224" count="0" type="stmt"/>
          <line num="225" count="0" type="stmt"/>
          <line num="229" count="0" type="stmt"/>
          <line num="233" count="0" type="stmt"/>
        </file>
        <file name="runtimeSourceError.ts" path="C:\projects\js-slang\src\errors\runtimeSourceError.ts">
          <metrics statements="8" coveredstatements="6" conditionals="2" coveredconditionals="1" methods="3" coveredmethods="1"/>
          <line num="2" count="24" type="stmt"/>
          <line num="3" count="24" type="stmt"/>
          <line num="5" count="24" type="stmt"/>
          <line num="6" count="950" type="stmt"/>
          <line num="7" count="950" type="stmt"/>
          <line num="11" count="950" type="cond" truecount="1" falsecount="1"/>
          <line num="15" count="0" type="stmt"/>
          <line num="19" count="0" type="stmt"/>
        </file>
        <file name="timeoutErrors.ts" path="C:\projects\js-slang\src\errors\timeoutErrors.ts">
          <metrics statements="24" coveredstatements="22" conditionals="0" coveredconditionals="0" methods="9" coveredmethods="7"/>
          <line num="3" count="24" type="stmt"/>
          <line num="4" count="24" type="stmt"/>
          <line num="6" count="24" type="stmt"/>
          <line num="7" count="24" type="stmt"/>
          <line num="8" count="24" type="stmt"/>
          <line num="11" count="7" type="stmt"/>
          <line num="12" count="7" type="stmt"/>
          <line num="13" count="7" type="stmt"/>
          <line num="18" count="24" type="stmt"/>
          <line num="19" count="2" type="stmt"/>
          <line num="20" count="2" type="stmt"/>
          <line num="23" count="2" type="stmt"/>
          <line num="27" count="2" type="stmt"/>
          <line num="32" count="0" type="stmt"/>
          <line num="36" count="24" type="stmt"/>
          <line num="37" count="5" type="stmt"/>
          <line num="38" count="5" type="stmt"/>
          <line num="40" count="5" type="stmt"/>
          <line num="41" count="5" type="stmt"/>
          <line num="42" count="5" type="stmt"/>
          <line num="46" count="5" type="stmt"/>
          <line num="48" count="27" type="stmt"/>
          <line num="50" count="5" type="stmt"/>
          <line num="55" count="0" type="stmt"/>
        </file>
        <file name="validityErrors.ts" path="C:\projects\js-slang\src\errors\validityErrors.ts">
          <metrics statements="8" coveredstatements="7" conditionals="0" coveredconditionals="0" methods="4" coveredmethods="3"/>
          <line num="2" count="19" type="stmt"/>
          <line num="4" count="19" type="stmt"/>
          <line num="5" count="3" type="stmt"/>
          <line num="6" count="3" type="stmt"/>
          <line num="8" count="3" type="stmt"/>
          <line num="11" count="12" type="stmt"/>
          <line num="15" count="3" type="stmt"/>
          <line num="19" count="0" type="stmt"/>
        </file>
      </package>
      <package name="src.interpreter">
        <metrics statements="365" coveredstatements="334" conditionals="135" coveredconditionals="115" methods="69" coveredmethods="64"/>
        <file name="closure.ts" path="C:\projects\js-slang\src\interpreter\closure.ts">
          <metrics statements="38" coveredstatements="35" conditionals="10" coveredconditionals="10" methods="13" coveredmethods="9"/>
          <line num="2" count="24" type="stmt"/>
          <line num="6" count="24" type="stmt"/>
          <line num="12" count="24" type="stmt"/>
          <line num="14" count="24" type="stmt"/>
          <line num="16" count="622" type="stmt"/>
          <line num="17" count="622" type="stmt"/>
          <line num="18" count="622" type="stmt"/>
          <line num="19" count="622" type="stmt"/>
          <line num="20" count="12218" type="stmt"/>
          <line num="22" count="610" type="stmt"/>
          <line num="24" count="8801" type="stmt"/>
          <line num="27" count="8801" type="stmt"/>
          <line num="28" count="8801" type="stmt"/>
          <line num="30" count="0" type="stmt"/>
          <line num="31" count="0" type="stmt"/>
          <line num="34" count="8801" type="stmt"/>
          <line num="35" count="8801" type="stmt"/>
          <line num="36" count="0" type="stmt"/>
          <line num="38" count="8801" type="stmt"/>
          <line num="43" count="8802" type="stmt"/>
          <line num="44" count="8801" type="stmt"/>
          <line num="51" count="24" type="stmt"/>
          <line num="58" count="691" type="stmt"/>
          <line num="60" count="691" type="stmt"/>
          <line num="63" count="691" type="stmt"/>
          <line num="70" count="690" type="stmt"/>
          <line num="72" count="690" type="stmt"/>
          <line num="85" count="8801" type="stmt"/>
          <line num="86" count="8802" type="stmt"/>
          <line num="87" count="620" type="stmt"/>
          <line num="89" count="8801" type="stmt"/>
          <line num="90" count="8801" type="cond" truecount="4" falsecount="0"/>
          <line num="91" count="8110" type="stmt"/>
          <line num="93" count="691" type="stmt"/>
          <line num="95" count="61" type="stmt"/>
          <line num="101" count="8801" type="stmt"/>
          <line num="102" count="8801" type="stmt"/>
          <line num="106" count="20" type="stmt"/>
        </file>
        <file name="interpreter.ts" path="C:\projects\js-slang\src\interpreter\interpreter.ts">
          <metrics statements="327" coveredstatements="299" conditionals="125" coveredconditionals="105" methods="56" coveredmethods="55"/>
          <line num="3" count="24" type="stmt"/>
          <line num="4" count="24" type="stmt"/>
          <line num="5" count="24" type="stmt"/>
          <line num="6" count="24" type="stmt"/>
          <line num="8" count="24" type="stmt"/>
          <line num="9" count="24" type="stmt"/>
          <line num="10" count="24" type="stmt"/>
          <line num="11" count="24" type="stmt"/>
          <line num="12" count="24" type="stmt"/>
          <line num="19" count="5865" type="stmt"/>
          <line num="23" count="46634" type="stmt"/>
          <line num="29" count="18" type="stmt"/>
          <line num="30" count="18" type="stmt"/>
          <line num="31" count="18" type="stmt"/>
          <line num="35" count="24" type="stmt"/>
          <line num="38" count="565572" type="cond" truecount="2" falsecount="0"/>
          <line num="39" count="19" type="cond" truecount="2" falsecount="0"/>
          <line num="41" count="16" type="stmt"/>
          <line num="42" count="16" type="stmt"/>
          <line num="43" count="16" type="stmt"/>
          <line num="44" count="16" type="stmt"/>
          <line num="45" count="16" type="stmt"/>
          <line num="46" count="16" type="stmt"/>
          <line num="47" count="565553" type="stmt"/>
          <line num="50" count="24" type="stmt"/>
          <line num="51" count="566433" type="stmt"/>
          <line num="52" count="560241" type="stmt"/>
          <line num="53" count="560241" type="stmt"/>
          <line num="56" count="24" type="stmt"/>
          <line num="61" count="58679" type="stmt"/>
          <line num="66" count="58677" type="cond" truecount="1" falsecount="1"/>
          <line num="67" count="58677" type="stmt"/>
          <line num="72" count="58677" type="stmt"/>
          <line num="73" count="118623" type="stmt"/>
          <line num="74" count="118623" type="stmt"/>
          <line num="76" count="58677" type="stmt"/>
          <line num="79" count="24" type="stmt"/>
          <line num="84" count="31384" type="stmt"/>
          <line num="92" count="24" type="stmt"/>
          <line num="93" count="104" type="stmt"/>
          <line num="94" count="104" type="stmt"/>
          <line num="97" count="104" type="stmt"/>
          <line num="100" count="24" type="stmt"/>
          <line num="103" count="8375" type="stmt"/>
          <line num="104" count="8375" type="cond" truecount="1" falsecount="1"/>
          <line num="105" count="0" type="stmt"/>
          <line num="107" count="0" type="stmt"/>
          <line num="112" count="8375" type="stmt"/>
          <line num="113" count="8375" type="stmt"/>
          <line num="117" count="107" type="stmt"/>
          <line num="118" count="107" type="stmt"/>
          <line num="126" count="89924" type="stmt"/>
          <line num="127" count="97989" type="stmt"/>
          <line num="129" count="98" type="stmt"/>
          <line num="130" count="98" type="stmt"/>
          <line num="132" count="8145" type="stmt"/>
          <line num="133" count="8145" type="stmt"/>
          <line num="139" count="8329" type="stmt"/>
          <line num="141" count="8329" type="cond" truecount="1" falsecount="1"/>
          <line num="142" count="0" type="stmt"/>
          <line num="148" count="8329" type="stmt"/>
          <line num="154" count="8329" type="stmt"/>
          <line num="158" count="711292" type="stmt"/>
          <line num="159" count="711291" type="stmt"/>
          <line num="160" count="711291" type="stmt"/>
          <line num="164" count="694201" type="stmt"/>
          <line num="165" count="694201" type="stmt"/>
          <line num="166" count="694201" type="stmt"/>
          <line num="169" count="48578" type="stmt"/>
          <line num="170" count="24" type="stmt"/>
          <line num="171" count="45815" type="stmt"/>
          <line num="172" count="37009" type="stmt"/>
          <line num="173" count="24" type="stmt"/>
          <line num="174" count="44262" type="stmt"/>
          <line num="176" count="24" type="stmt"/>
          <line num="177" count="236034" type="stmt"/>
          <line num="178" count="236034" type="stmt"/>
          <line num="179" count="400366" type="cond" truecount="2" falsecount="0"/>
          <line num="180" count="236027" type="cond" truecount="2" falsecount="0"/>
          <line num="181" count="3" type="stmt"/>
          <line num="186" count="236024" type="stmt"/>
          <line num="189" count="164339" type="stmt"/>
          <line num="192" count="7" type="stmt"/>
          <line num="195" count="24" type="stmt"/>
          <line num="196" count="148" type="stmt"/>
          <line num="197" count="148" type="stmt"/>
          <line num="198" count="187" type="cond" truecount="2" falsecount="0"/>
          <line num="199" count="148" type="cond" truecount="2" falsecount="0"/>
          <line num="200" count="1" type="stmt"/>
          <line num="202" count="147" type="stmt"/>
          <line num="203" count="147" type="cond" truecount="2" falsecount="0"/>
          <line num="204" count="143" type="stmt"/>
          <line num="205" count="143" type="stmt"/>
          <line num="207" count="4" type="stmt"/>
          <line num="212" count="39" type="stmt"/>
          <line num="215" count="1" type="stmt"/>
          <line num="218" count="24" type="stmt"/>
          <line num="224" count="58693" type="cond" truecount="2" falsecount="0"/>
          <line num="225" count="14" type="stmt"/>
          <line num="230" count="58679" type="stmt"/>
          <line num="234" count="62951" type="stmt"/>
          <line num="235" count="62951" type="stmt"/>
          <line num="236" count="124621" type="cond" truecount="2" falsecount="0"/>
          <line num="237" count="124603" type="stmt"/>
          <line num="239" count="18" type="stmt"/>
          <line num="242" count="61746" type="stmt"/>
          <line num="246" count="10377" type="cond" truecount="2" falsecount="0"/>
          <line num="247" count="365" type="stmt"/>
          <line num="249" count="10012" type="stmt"/>
          <line num="257" count="68409" type="stmt"/>
          <line num="259" count="68401" type="stmt"/>
          <line num="260" count="68401" type="cond" truecount="2" falsecount="0"/>
          <line num="261" count="1" type="stmt"/>
          <line num="264" count="68400" type="cond" truecount="2" falsecount="0"/>
          <line num="270" count="89924" type="stmt"/>
          <line num="272" count="89924" type="stmt"/>
          <line num="273" count="97896" type="stmt"/>
          <line num="274" count="91225" type="cond" truecount="2" falsecount="0"/>
          <line num="280" count="82525" type="stmt"/>
          <line num="283" count="83253" type="stmt"/>
          <line num="298" count="24" type="stmt"/>
          <line num="301" count="169880" type="stmt"/>
          <line num="305" count="2" type="stmt"/>
          <line num="309" count="41" type="stmt"/>
          <line num="310" count="41" type="stmt"/>
          <line num="311" count="84" type="stmt"/>
          <line num="313" count="41" type="stmt"/>
          <line num="317" count="6" type="stmt"/>
          <line num="318" count="6" type="stmt"/>
          <line num="322" count="0" type="stmt"/>
          <line num="326" count="691" type="stmt"/>
          <line num="330" count="236034" type="stmt"/>
          <line num="334" count="15134" type="stmt"/>
          <line num="335" count="15127" type="stmt"/>
          <line num="337" count="15112" type="cond" truecount="2" falsecount="0"/>
          <line num="338" count="2" type="stmt"/>
          <line num="340" count="15112" type="stmt"/>
          <line num="341" count="8861" type="stmt"/>
          <line num="345" count="2" type="stmt"/>
          <line num="346" count="2" type="stmt"/>
          <line num="347" count="2" type="stmt"/>
          <line num="348" count="0" type="stmt"/>
          <line num="350" count="2" type="stmt"/>
          <line num="351" count="2" type="cond" truecount="1" falsecount="1"/>
          <line num="352" count="2" type="stmt"/>
          <line num="353" count="2" type="stmt"/>
          <line num="355" count="0" type="stmt"/>
          <line num="356" count="0" type="stmt"/>
          <line num="358" count="0" type="stmt"/>
          <line num="362" count="49" type="stmt"/>
          <line num="364" count="48" type="stmt"/>
          <line num="365" count="48" type="cond" truecount="1" falsecount="1"/>
          <line num="366" count="0" type="stmt"/>
          <line num="368" count="48" type="stmt"/>
          <line num="372" count="154706" type="stmt"/>
          <line num="373" count="153635" type="stmt"/>
          <line num="375" count="151085" type="stmt"/>
          <line num="376" count="151085" type="cond" truecount="2" falsecount="0"/>
          <line num="377" count="7" type="stmt"/>
          <line num="379" count="151078" type="stmt"/>
          <line num="383" count="5266" type="stmt"/>
          <line num="387" count="5262" type="stmt"/>
          <line num="391" count="99" type="stmt"/>
          <line num="392" count="99" type="stmt"/>
          <line num="393" count="99" type="stmt"/>
          <line num="394" count="99" type="stmt"/>
          <line num="395" count="96" type="stmt"/>
          <line num="396" count="96" type="stmt"/>
          <line num="400" count="1" type="stmt"/>
          <line num="404" count="2" type="stmt"/>
          <line num="409" count="10" type="stmt"/>
          <line num="410" count="10" type="stmt"/>
          <line num="412" count="10" type="stmt"/>
          <line num="413" count="10" type="stmt"/>
          <line num="414" count="10" type="stmt"/>
          <line num="415" count="10" type="cond" truecount="2" falsecount="0"/>
          <line num="416" count="9" type="stmt"/>
          <line num="418" count="10" type="stmt"/>
          <line num="421" count="10" type="stmt"/>
          <line num="427" count="127" type="stmt"/>
          <line num="428" count="127" type="stmt"/>
          <line num="429" count="127" type="stmt"/>
          <line num="430" count="123" type="cond" truecount="1" falsecount="1"/>
          <line num="431" count="123" type="stmt"/>
          <line num="432" count="123" type="stmt"/>
          <line num="436" count="127" type="stmt"/>
          <line num="439" count="126" type="stmt"/>
          <line num="440" count="126" type="cond" truecount="2" falsecount="0"/>
          <line num="441" count="1" type="stmt"/>
          <line num="443" count="126" type="cond" truecount="2" falsecount="0"/>
          <line num="444" count="1" type="stmt"/>
          <line num="445" count="1" type="stmt"/>
          <line num="447" count="125" type="cond" truecount="4" falsecount="0"/>
          <line num="448" count="3" type="stmt"/>
          <line num="451" count="122" type="stmt"/>
          <line num="454" count="9" type="stmt"/>
          <line num="456" count="9" type="stmt"/>
          <line num="460" count="24" type="stmt"/>
          <line num="461" count="24" type="cond" truecount="2" falsecount="0"/>
          <line num="462" count="1" type="stmt"/>
          <line num="465" count="24" type="cond" truecount="2" falsecount="0"/>
          <line num="466" count="10" type="stmt"/>
          <line num="468" count="14" type="stmt"/>
          <line num="471" count="24" type="stmt"/>
          <line num="472" count="24" type="cond" truecount="2" falsecount="0"/>
          <line num="473" count="3" type="stmt"/>
          <line num="476" count="21" type="cond" truecount="2" falsecount="0"/>
          <line num="482" count="1" type="stmt"/>
          <line num="484" count="20" type="stmt"/>
          <line num="485" count="20" type="stmt"/>
          <line num="487" count="0" type="stmt"/>
          <line num="492" count="279" type="cond" truecount="2" falsecount="0"/>
          <line num="493" count="131" type="stmt"/>
          <line num="494" count="131" type="stmt"/>
          <line num="496" count="131" type="cond" truecount="2" falsecount="0"/>
          <line num="497" count="123" type="stmt"/>
          <line num="499" count="8" type="stmt"/>
          <line num="502" count="131" type="stmt"/>
          <line num="503" count="131" type="cond" truecount="2" falsecount="0"/>
          <line num="504" count="4" type="stmt"/>
          <line num="507" count="127" type="stmt"/>
          <line num="508" count="127" type="stmt"/>
          <line num="509" count="127" type="stmt"/>
          <line num="511" count="0" type="stmt"/>
          <line num="513" count="127" type="stmt"/>
          <line num="515" count="148" type="stmt"/>
          <line num="517" count="148" type="stmt"/>
          <line num="518" count="148" type="stmt"/>
          <line num="519" count="143" type="stmt"/>
          <line num="523" count="8110" type="stmt"/>
          <line num="525" count="8110" type="stmt"/>
          <line num="526" count="8110" type="stmt"/>
          <line num="527" count="8110" type="stmt"/>
          <line num="531" count="35671" type="stmt"/>
          <line num="535" count="609" type="stmt"/>
          <line num="539" count="58648" type="stmt"/>
          <line num="542" count="58648" type="stmt"/>
          <line num="546" count="32738" type="cond" truecount="2" falsecount="0"/>
          <line num="547" count="5115" type="stmt"/>
          <line num="549" count="32738" type="stmt"/>
          <line num="553" count="58641" type="cond" truecount="4" falsecount="0"/>
          <line num="554" count="49172" type="stmt"/>
          <line num="555" count="47824" type="stmt"/>
          <line num="556" count="46634" type="stmt"/>
          <line num="558" count="9469" type="stmt"/>
          <line num="564" count="7" type="stmt"/>
          <line num="571" count="11" type="stmt"/>
          <line num="573" count="6" type="cond" truecount="2" falsecount="0"/>
          <line num="574" count="1" type="stmt"/>
          <line num="576" count="5" type="stmt"/>
          <line num="580" count="33" type="stmt"/>
          <line num="581" count="33" type="stmt"/>
          <line num="583" count="55" type="cond" truecount="2" falsecount="0"/>
          <line num="584" count="51" type="stmt"/>
          <line num="586" count="4" type="stmt"/>
          <line num="588" count="55" type="stmt"/>
          <line num="590" count="33" type="stmt"/>
          <line num="597" count="30543" type="stmt"/>
          <line num="598" count="30543" type="stmt"/>
          <line num="599" count="30543" type="stmt"/>
          <line num="600" count="30178" type="stmt"/>
          <line num="601" count="30178" type="stmt"/>
          <line num="605" count="704" type="stmt"/>
          <line num="606" count="704" type="stmt"/>
          <line num="607" count="704" type="stmt"/>
          <line num="608" count="704" type="stmt"/>
          <line num="609" count="576" type="stmt"/>
          <line num="614" count="24" type="stmt"/>
          <line num="615" count="711294" type="stmt"/>
          <line num="616" count="711285" type="stmt"/>
          <line num="617" count="694201" type="stmt"/>
          <line num="618" count="694200" type="stmt"/>
          <line num="621" count="24" type="stmt"/>
          <line num="629" count="15734" type="stmt"/>
          <line num="631" count="15734" type="stmt"/>
          <line num="632" count="62368" type="cond" truecount="2" falsecount="0"/>
          <line num="633" count="58693" type="stmt"/>
          <line num="634" count="58679" type="stmt"/>
          <line num="635" count="58677" type="stmt"/>
          <line num="636" count="58677" type="cond" truecount="2" falsecount="0"/>
          <line num="637" count="45815" type="stmt"/>
          <line num="639" count="12862" type="stmt"/>
          <line num="640" count="12862" type="stmt"/>
          <line num="642" count="58677" type="stmt"/>
          <line num="643" count="52499" type="cond" truecount="2" falsecount="0"/>
          <line num="644" count="46634" type="stmt"/>
          <line num="645" count="46634" type="stmt"/>
          <line num="646" count="46634" type="stmt"/>
          <line num="647" count="5865" type="cond" truecount="2" falsecount="0"/>
          <line num="649" count="14" type="stmt"/>
          <line num="651" count="3675" type="cond" truecount="1" falsecount="1"/>
          <line num="652" count="0" type="stmt"/>
          <line num="653" count="0" type="stmt"/>
          <line num="654" count="0" type="cond" truecount="0" falsecount="2"/>
          <line num="655" count="0" type="stmt"/>
          <line num="656" count="0" type="stmt"/>
          <line num="657" count="0" type="stmt"/>
          <line num="659" count="0" type="stmt"/>
          <line num="661" count="0" type="stmt"/>
          <line num="662" count="0" type="cond" truecount="0" falsecount="2"/>
          <line num="663" count="0" type="stmt"/>
          <line num="665" count="0" type="stmt"/>
          <line num="668" count="0" type="stmt"/>
          <line num="672" count="0" type="cond" truecount="0" falsecount="2"/>
          <line num="673" count="0" type="cond" truecount="0" falsecount="4"/>
          <line num="677" count="0" type="stmt"/>
          <line num="679" count="0" type="stmt"/>
          <line num="680" count="0" type="stmt"/>
          <line num="682" count="3675" type="cond" truecount="2" falsecount="0"/>
          <line num="683" count="3650" type="stmt"/>
          <line num="684" count="3650" type="stmt"/>
          <line num="686" count="3650" type="stmt"/>
          <line num="687" count="4755" type="stmt"/>
          <line num="690" count="3650" type="stmt"/>
          <line num="691" count="3606" type="stmt"/>
          <line num="694" count="44" type="stmt"/>
          <line num="698" count="44" type="cond" truecount="1" falsecount="1"/>
          <line num="699" count="44" type="cond" truecount="4" falsecount="0"/>
          <line num="703" count="35" type="stmt"/>
          <line num="705" count="9" type="stmt"/>
          <line num="706" count="9" type="stmt"/>
          <line num="709" count="25" type="stmt"/>
          <line num="713" count="9471" type="cond" truecount="2" falsecount="0"/>
          <line num="714" count="5865" type="stmt"/>
          <line num="716" count="9471" type="stmt"/>
          <line num="717" count="6680" type="stmt"/>
          <line num="719" count="9471" type="stmt"/>
        </file>
      </package>
      <package name="src.mocks">
        <metrics statements="10" coveredstatements="10" conditionals="1" coveredconditionals="1" methods="3" coveredmethods="3"/>
        <file name="context.ts" path="C:\projects\js-slang\src\mocks\context.ts">
          <metrics statements="10" coveredstatements="10" conditionals="1" coveredconditionals="1" methods="3" coveredmethods="3"/>
          <line num="3" count="23" type="stmt"/>
          <line num="4" count="23" type="stmt"/>
          <line num="7" count="23" type="cond" truecount="1" falsecount="0"/>
          <line num="8" count="85" type="stmt"/>
          <line num="11" count="23" type="stmt"/>
          <line num="12" count="1014" type="stmt"/>
          <line num="13" count="1014" type="stmt"/>
          <line num="31" count="1014" type="stmt"/>
          <line num="34" count="23" type="stmt"/>
          <line num="35" count="1" type="stmt"/>
        </file>
      </package>
      <package name="src.parser">
        <metrics statements="94" coveredstatements="92" conditionals="22" coveredconditionals="20" methods="30" coveredmethods="30"/>
        <file name="parser.ts" path="C:\projects\js-slang\src\parser\parser.ts">
          <metrics statements="91" coveredstatements="89" conditionals="22" coveredconditionals="20" methods="30" coveredmethods="30"/>
          <line num="2" count="24" type="stmt"/>
          <line num="8" count="24" type="stmt"/>
          <line num="9" count="24" type="stmt"/>
          <line num="11" count="24" type="stmt"/>
          <line num="12" count="24" type="stmt"/>
          <line num="13" count="24" type="stmt"/>
          <line num="14" count="24" type="stmt"/>
          <line num="16" count="24" type="stmt"/>
          <line num="17" count="97" type="stmt"/>
          <line num="18" count="97" type="stmt"/>
          <line num="21" count="97" type="stmt"/>
          <line num="22" count="97" type="stmt"/>
          <line num="26" count="364" type="stmt"/>
          <line num="30" count="92" type="stmt"/>
          <line num="34" count="30" type="stmt"/>
          <line num="46" count="97" type="stmt"/>
          <line num="48" count="0" type="stmt"/>
          <line num="50" count="2" type="stmt"/>
          <line num="52" count="95" type="stmt"/>
          <line num="53" count="198" type="cond" truecount="2" falsecount="0"/>
          <line num="59" count="24" type="stmt"/>
          <line num="60" count="54" type="stmt"/>
          <line num="61" count="54" type="stmt"/>
          <line num="62" count="54" type="stmt"/>
          <line num="65" count="40" type="stmt"/>
          <line num="69" count="15" type="stmt"/>
          <line num="73" count="24" type="stmt"/>
          <line num="74" count="10" type="stmt"/>
          <line num="75" count="10" type="stmt"/>
          <line num="76" count="10" type="stmt"/>
          <line num="79" count="7" type="stmt"/>
          <line num="83" count="3" type="stmt"/>
          <line num="87" count="24" type="stmt"/>
          <line num="90" count="3" type="stmt"/>
          <line num="93" count="3" type="stmt"/>
          <line num="97" count="1" type="stmt"/>
          <line num="101" count="24" type="stmt"/>
          <line num="103" count="1860" type="stmt"/>
          <line num="104" count="1860" type="stmt"/>
          <line num="106" count="123" type="stmt"/>
          <line num="108" count="1737" type="stmt"/>
          <line num="111" count="24" type="cond" truecount="1" falsecount="0"/>
          <line num="113" count="2441" type="stmt"/>
          <line num="114" count="2441" type="stmt"/>
          <line num="115" count="2387" type="stmt"/>
          <line num="117" count="54" type="cond" truecount="1" falsecount="1"/>
          <line num="119" count="54" type="stmt"/>
          <line num="120" count="54" type="stmt"/>
          <line num="124" count="54" type="stmt"/>
          <line num="126" count="0" type="stmt"/>
          <line num="129" count="2441" type="stmt"/>
          <line num="130" count="2441" type="cond" truecount="4" falsecount="0"/>
          <line num="131" count="2260" type="stmt"/>
          <line num="132" count="181" type="cond" truecount="2" falsecount="0"/>
          <line num="133" count="6" type="stmt"/>
          <line num="135" count="175" type="stmt"/>
          <line num="139" count="2447" type="stmt"/>
          <line num="145" count="10" type="stmt"/>
          <line num="154" count="3" type="stmt"/>
          <line num="163" count="24" type="stmt"/>
          <line num="164" count="6" type="stmt"/>
          <line num="168" count="6" type="stmt"/>
          <line num="175" count="24" type="stmt"/>
          <line num="176" count="24" type="stmt"/>
          <line num="179" count="24" type="stmt"/>
          <line num="180" count="24" type="stmt"/>
          <line num="181" count="1776" type="stmt"/>
          <line num="182" count="1776" type="stmt"/>
          <line num="183" count="779312" type="cond" truecount="2" falsecount="0"/>
          <line num="184" count="381334" type="stmt"/>
          <line num="186" count="381334" type="cond" truecount="2" falsecount="0"/>
          <line num="187" count="97" type="stmt"/>
          <line num="194" count="24" type="stmt"/>
          <line num="195" count="408" type="stmt"/>
          <line num="196" count="408" type="stmt"/>
          <line num="197" count="408" type="stmt"/>
          <line num="198" count="432" type="stmt"/>
          <line num="199" count="432" type="stmt"/>
          <line num="200" count="432" type="stmt"/>
          <line num="201" count="432" type="stmt"/>
          <line num="202" count="226066" type="cond" truecount="4" falsecount="0"/>
          <line num="203" count="22408" type="stmt"/>
          <line num="205" count="203658" type="stmt"/>
          <line num="206" count="203658" type="stmt"/>
          <line num="208" count="432" type="stmt"/>
          <line num="209" count="226066" type="stmt"/>
          <line num="210" count="226066" type="stmt"/>
          <line num="215" count="24" type="stmt"/>
          <line num="218" count="24" type="stmt"/>
          <line num="219" count="1776" type="stmt"/>
          <line num="221" count="24" type="stmt"/>
        </file>
        <file name="syntaxBlacklist.ts" path="C:\projects\js-slang\src\parser\syntaxBlacklist.ts">
          <metrics statements="3" coveredstatements="3" conditionals="0" coveredconditionals="0" methods="0" coveredmethods="0"/>
          <line num="1" count="24" type="stmt"/>
          <line num="3" count="24" type="stmt"/>
          <line num="93" count="24" type="stmt"/>
        </file>
      </package>
      <package name="src.parser.rules">
        <metrics statements="307" coveredstatements="296" conditionals="66" coveredconditionals="64" methods="72" coveredmethods="66"/>
        <file name="bracesAroundFor.ts" path="C:\projects\js-slang\src\parser\rules\bracesAroundFor.ts">
          <metrics statements="18" coveredstatements="18" conditionals="2" coveredconditionals="2" methods="4" coveredmethods="4"/>
          <line num="1" count="24" type="stmt"/>
          <line num="4" count="24" type="stmt"/>
          <line num="6" count="24" type="stmt"/>
          <line num="7" count="2" type="stmt"/>
          <line num="8" count="2" type="stmt"/>
          <line num="10" count="2" type="stmt"/>
          <line num="13" count="8" type="stmt"/>
          <line num="17" count="2" type="stmt"/>
          <line num="21" count="1" type="stmt"/>
          <line num="22" count="1" type="stmt"/>
          <line num="23" count="1" type="stmt"/>
          <line num="25" count="1" type="stmt"/>
          <line num="27" count="1" type="stmt"/>
          <line num="31" count="24" type="stmt"/>
          <line num="36" count="74" type="cond" truecount="2" falsecount="0"/>
          <line num="37" count="2" type="stmt"/>
          <line num="39" count="72" type="stmt"/>
          <line num="45" count="24" type="stmt"/>
        </file>
        <file name="bracesAroundIfElse.ts" path="C:\projects\js-slang\src\parser\rules\bracesAroundIfElse.ts">
          <metrics statements="29" coveredstatements="29" conditionals="14" coveredconditionals="14" methods="4" coveredmethods="4"/>
          <line num="1" count="24" type="stmt"/>
          <line num="4" count="24" type="stmt"/>
          <line num="5" count="24" type="stmt"/>
          <line num="7" count="24" type="stmt"/>
          <line num="8" count="4" type="stmt"/>
          <line num="9" count="4" type="stmt"/>
          <line num="11" count="4" type="stmt"/>
          <line num="14" count="16" type="stmt"/>
          <line num="18" count="4" type="cond" truecount="2" falsecount="0"/>
          <line num="19" count="2" type="stmt"/>
          <line num="21" count="2" type="stmt"/>
          <line num="29" count="2" type="cond" truecount="2" falsecount="0"/>
          <line num="30" count="1" type="stmt"/>
          <line num="31" count="1" type="stmt"/>
          <line num="32" count="1" type="stmt"/>
          <line num="34" count="1" type="stmt"/>
          <line num="35" count="1" type="stmt"/>
          <line num="38" count="2" type="stmt"/>
          <line num="71" count="24" type="stmt"/>
          <line num="76" count="942" type="stmt"/>
          <line num="77" count="942" type="cond" truecount="4" falsecount="0"/>
          <line num="78" count="2" type="stmt"/>
          <line num="80" count="942" type="cond" truecount="2" falsecount="0"/>
          <line num="81" count="940" type="stmt"/>
          <line num="82" count="940" type="stmt"/>
          <line num="83" count="940" type="cond" truecount="4" falsecount="0"/>
          <line num="84" count="2" type="stmt"/>
          <line num="87" count="942" type="stmt"/>
          <line num="92" count="24" type="stmt"/>
        </file>
        <file name="bracesAroundWhile.ts" path="C:\projects\js-slang\src\parser\rules\bracesAroundWhile.ts">
          <metrics statements="16" coveredstatements="16" conditionals="2" coveredconditionals="2" methods="4" coveredmethods="4"/>
          <line num="1" count="24" type="stmt"/>
          <line num="4" count="24" type="stmt"/>
          <line num="6" count="24" type="stmt"/>
          <line num="7" count="2" type="stmt"/>
          <line num="8" count="2" type="stmt"/>
          <line num="10" count="2" type="stmt"/>
          <line num="13" count="8" type="stmt"/>
          <line num="17" count="2" type="stmt"/>
          <line num="21" count="1" type="stmt"/>
          <line num="22" count="1" type="stmt"/>
          <line num="24" count="1" type="stmt"/>
          <line num="28" count="24" type="stmt"/>
          <line num="33" count="40" type="cond" truecount="2" falsecount="0"/>
          <line num="34" count="2" type="stmt"/>
          <line num="36" count="38" type="stmt"/>
          <line num="42" count="24" type="stmt"/>
        </file>
        <file name="forStatementMustHaveAllParts.ts" path="C:\projects\js-slang\src\parser\rules\forStatementMustHaveAllParts.ts">
          <metrics statements="15" coveredstatements="15" conditionals="4" coveredconditionals="4" methods="5" coveredmethods="5"/>
          <line num="3" count="24" type="stmt"/>
          <line num="4" count="24" type="stmt"/>
          <line num="6" count="24" type="stmt"/>
          <line num="7" count="8" type="stmt"/>
          <line num="8" count="8" type="stmt"/>
          <line num="10" count="8" type="stmt"/>
          <line num="13" count="32" type="stmt"/>
          <line num="17" count="8" type="stmt"/>
          <line num="23" count="4" type="stmt"/>
          <line num="29" count="24" type="stmt"/>
          <line num="34" count="222" type="stmt"/>
          <line num="35" count="74" type="cond" truecount="2" falsecount="0"/>
          <line num="36" count="8" type="stmt"/>
          <line num="38" count="66" type="stmt"/>
          <line num="44" count="24" type="stmt"/>
        </file>
        <file name="index.ts" path="C:\projects\js-slang\src\parser\rules\index.ts">
          <metrics statements="19" coveredstatements="19" conditionals="0" coveredconditionals="0" methods="0" coveredmethods="0"/>
          <line num="5" count="24" type="stmt"/>
          <line num="6" count="24" type="stmt"/>
          <line num="7" count="24" type="stmt"/>
          <line num="8" count="24" type="stmt"/>
          <line num="9" count="24" type="stmt"/>
          <line num="10" count="24" type="stmt"/>
          <line num="11" count="24" type="stmt"/>
          <line num="12" count="24" type="stmt"/>
          <line num="13" count="24" type="stmt"/>
          <line num="14" count="24" type="stmt"/>
          <line num="15" count="24" type="stmt"/>
          <line num="16" count="24" type="stmt"/>
          <line num="17" count="24" type="stmt"/>
          <line num="18" count="24" type="stmt"/>
          <line num="19" count="24" type="stmt"/>
          <line num="20" count="24" type="stmt"/>
          <line num="21" count="24" type="stmt"/>
          <line num="23" count="24" type="stmt"/>
          <line num="43" count="24" type="stmt"/>
        </file>
        <file name="noAssignmentExpression.ts" path="C:\projects\js-slang\src\parser\rules\noAssignmentExpression.ts">
          <metrics statements="23" coveredstatements="23" conditionals="8" coveredconditionals="8" methods="5" coveredmethods="5"/>
          <line num="1" count="24" type="stmt"/>
          <line num="4" count="24" type="stmt"/>
          <line num="6" count="24" type="stmt"/>
          <line num="7" count="11" type="stmt"/>
          <line num="8" count="11" type="stmt"/>
          <line num="10" count="11" type="stmt"/>
          <line num="13" count="40" type="stmt"/>
          <line num="17" count="11" type="stmt"/>
          <line num="22" count="6" type="cond" truecount="2" falsecount="0"/>
          <line num="23" count="1" type="stmt"/>
          <line num="25" count="5" type="stmt"/>
          <line num="29" count="5" type="stmt"/>
          <line num="30" count="5" type="stmt"/>
          <line num="31" count="5" type="stmt"/>
          <line num="33" count="5" type="stmt"/>
          <line num="35" count="5" type="stmt"/>
          <line num="39" count="24" type="stmt"/>
          <line num="44" count="281" type="stmt"/>
          <line num="45" count="281" type="stmt"/>
          <line num="47" count="281" type="cond" truecount="2" falsecount="0"/>
          <line num="54" count="270" type="stmt"/>
          <line num="56" count="11" type="stmt"/>
          <line num="62" count="24" type="stmt"/>
        </file>
        <file name="noDeclareMutable.ts" path="C:\projects\js-slang\src\parser\rules\noDeclareMutable.ts">
          <metrics statements="17" coveredstatements="14" conditionals="2" coveredconditionals="2" methods="4" coveredmethods="3"/>
          <line num="1" count="24" type="stmt"/>
          <line num="4" count="24" type="stmt"/>
          <line num="6" count="24" type="stmt"/>
          <line num="8" count="24" type="stmt"/>
          <line num="9" count="6" type="stmt"/>
          <line num="10" count="6" type="stmt"/>
          <line num="12" count="6" type="stmt"/>
          <line num="15" count="24" type="stmt"/>
          <line num="19" count="6" type="stmt"/>
          <line num="25" count="0" type="stmt"/>
          <line num="26" count="0" type="stmt"/>
          <line num="28" count="0" type="stmt"/>
          <line num="32" count="24" type="stmt"/>
          <line num="38" count="87" type="cond" truecount="2" falsecount="0"/>
          <line num="39" count="6" type="stmt"/>
          <line num="41" count="81" type="stmt"/>
          <line num="47" count="24" type="stmt"/>
        </file>
        <file name="noDotAbbreviation.ts" path="C:\projects\js-slang\src\parser\rules\noDotAbbreviation.ts">
          <metrics statements="13" coveredstatements="12" conditionals="2" coveredconditionals="2" methods="4" coveredmethods="3"/>
          <line num="3" count="24" type="stmt"/>
          <line num="5" count="24" type="stmt"/>
          <line num="6" count="3" type="stmt"/>
          <line num="7" count="3" type="stmt"/>
          <line num="9" count="3" type="stmt"/>
          <line num="12" count="12" type="stmt"/>
          <line num="16" count="3" type="stmt"/>
          <line num="20" count="0" type="stmt"/>
          <line num="25" count="24" type="stmt"/>
          <line num="32" count="59" type="cond" truecount="2" falsecount="0"/>
          <line num="33" count="3" type="stmt"/>
          <line num="35" count="56" type="stmt"/>
          <line num="41" count="24" type="stmt"/>
        </file>
        <file name="noEval.ts" path="C:\projects\js-slang\src\parser\rules\noEval.ts">
          <metrics statements="13" coveredstatements="6" conditionals="2" coveredconditionals="1" methods="4" coveredmethods="0"/>
          <line num="3" count="24" type="stmt"/>
          <line num="5" count="24" type="stmt"/>
          <line num="6" count="0" type="stmt"/>
          <line num="7" count="0" type="stmt"/>
          <line num="9" count="0" type="stmt"/>
          <line num="12" count="0" type="stmt"/>
          <line num="16" count="0" type="stmt"/>
[...]
          <line num="138" count="20" type="stmt"/>
          <line num="146" count="20" type="stmt"/>
          <line num="154" count="20" type="stmt"/>
          <line num="160" count="125" type="stmt"/>
        </file>
        <file name="formatters.ts" path="C:\projects\js-slang\src\utils\formatters.ts">
          <metrics statements="13" coveredstatements="13" conditionals="6" coveredconditionals="6" methods="5" coveredmethods="5"/>
          <line num="2" count="499" type="cond" truecount="2" falsecount="0"/>
          <line num="3" count="94" type="stmt"/>
          <line num="5" count="405" type="stmt"/>
          <line num="6" count="82" type="stmt"/>
          <line num="11" count="24" type="stmt"/>
          <line num="12" count="1" type="stmt"/>
          <line num="17" count="24" type="stmt"/>
          <line num="18" count="498" type="stmt"/>
          <line num="19" count="498" type="stmt"/>
          <line num="20" count="1297" type="cond" truecount="2" falsecount="0"/>
          <line num="21" count="498" type="cond" truecount="2" falsecount="0"/>
          <line num="22" count="463" type="stmt"/>
          <line num="24" count="35" type="stmt"/>
        </file>
        <file name="operators.ts" path="C:\projects\js-slang\src\utils\operators.ts">
          <metrics statements="130" coveredstatements="126" conditionals="69" coveredconditionals="65" methods="15" coveredmethods="14"/>
          <line num="2" count="24" type="stmt"/>
          <line num="3" count="24" type="stmt"/>
          <line num="9" count="24" type="stmt"/>
          <line num="10" count="24" type="stmt"/>
          <line num="14" count="24" type="stmt"/>
          <line num="15" count="24" type="stmt"/>
          <line num="16" count="24" type="stmt"/>
          <line num="18" count="24" type="stmt"/>
          <line num="19" count="8874320" type="cond" truecount="2" falsecount="0"/>
          <line num="20" count="2" type="stmt"/>
          <line num="24" count="24" type="stmt"/>
          <line num="25" count="24927895" type="cond" truecount="5" falsecount="0"/>
          <line num="26" count="19" type="stmt"/>
          <line num="28" count="19" type="cond" truecount="2" falsecount="0"/>
          <line num="29" count="3" type="stmt"/>
          <line num="32" count="16" type="stmt"/>
          <line num="34" count="16" type="stmt"/>
          <line num="35" count="16" type="stmt"/>
          <line num="37" count="16" type="stmt"/>
          <line num="39" count="24927876" type="stmt"/>
          <line num="43" count="24" type="stmt"/>
          <line num="49" count="10701" type="stmt"/>
          <line num="54" count="10701" type="stmt"/>
          <line num="56" count="10701" type="cond" truecount="2" falsecount="0"/>
          <line num="57" count="10696" type="cond" truecount="2" falsecount="0"/>
          <line num="58" count="4006" type="stmt"/>
          <line num="59" count="4006" type="stmt"/>
          <line num="60" count="4006" type="stmt"/>
          <line num="63" count="26" type="cond" truecount="4" falsecount="0"/>
          <line num="64" count="17" type="stmt"/>
          <line num="66" count="9" type="stmt"/>
          <line num="70" count="6690" type="stmt"/>
          <line num="71" count="6690" type="stmt"/>
          <line num="72" count="6690" type="cond" truecount="2" falsecount="0"/>
          <line num="73" count="7" type="stmt"/>
          <line num="75" count="6683" type="stmt"/>
          <line num="78" count="5" type="stmt"/>
          <line num="82" count="24" type="stmt"/>
          <line num="83" count="8941584" type="stmt"/>
          <line num="84" count="8941584" type="stmt"/>
          <line num="85" count="8941584" type="cond" truecount="2" falsecount="0"/>
          <line num="86" count="8941583" type="stmt"/>
          <line num="88" count="1" type="stmt"/>
          <line num="92" count="24" type="stmt"/>
          <line num="93" count="48" type="stmt"/>
          <line num="94" count="48" type="stmt"/>
          <line num="99" count="48" type="cond" truecount="1" falsecount="1"/>
          <line num="100" count="48" type="stmt"/>
          <line num="102" count="0" type="stmt"/>
          <line num="106" count="24" type="stmt"/>
          <line num="107" count="99" type="cond" truecount="2" falsecount="0"/>
          <line num="108" count="19" type="stmt"/>
          <line num="109" count="80" type="cond" truecount="1" falsecount="1"/>
          <line num="110" count="80" type="stmt"/>
          <line num="112" count="0" type="stmt"/>
          <line num="116" count="24" type="stmt"/>
          <line num="123" count="7985397" type="stmt"/>
          <line num="124" count="7985397" type="stmt"/>
          <line num="125" count="7985397" type="stmt"/>
          <line num="131" count="7985397" type="cond" truecount="2" falsecount="0"/>
          <line num="132" count="7985391" type="stmt"/>
          <line num="134" count="6" type="stmt"/>
          <line num="138" count="24" type="stmt"/>
          <line num="139" count="8136550" type="stmt"/>
          <line num="141" count="7931679" type="stmt"/>
          <line num="143" count="91858" type="stmt"/>
          <line num="145" count="73" type="stmt"/>
          <line num="147" count="10" type="stmt"/>
          <line num="149" count="12" type="stmt"/>
          <line num="151" count="1875" type="stmt"/>
          <line num="153" count="6" type="stmt"/>
          <line num="155" count="100421" type="stmt"/>
          <line num="157" count="294" type="stmt"/>
          <line num="159" count="10308" type="stmt"/>
          <line num="161" count="14" type="stmt"/>
          <line num="163" count="0" type="stmt"/>
          <line num="174" count="24" type="stmt"/>
          <line num="175" count="7912" type="stmt"/>
          <line num="176" count="7912" type="stmt"/>
          <line num="177" count="7912" type="stmt"/>
          <line num="178" count="7912" type="stmt"/>
          <line num="179" count="7912" type="stmt"/>
          <line num="180" count="7912" type="stmt"/>
          <line num="181" count="4343975" type="stmt"/>
          <line num="182" count="4343975" type="cond" truecount="2" falsecount="0"/>
          <line num="183" count="5" type="stmt"/>
          <line num="184" count="4343970" type="cond" truecount="1" falsecount="1"/>
          <line num="185" count="0" type="stmt"/>
          <line num="187" count="4343970" type="cond" truecount="2" falsecount="0"/>
          <line num="188" count="4334632" type="stmt"/>
          <line num="189" count="4334632" type="stmt"/>
          <line num="190" count="4334632" type="stmt"/>
          <line num="191" count="4334632" type="cond" truecount="2" falsecount="0"/>
          <line num="192" count="1" type="stmt"/>
          <line num="203" count="4343969" type="stmt"/>
          <line num="204" count="4343969" type="stmt"/>
          <line num="207" count="1171" type="cond" truecount="4" falsecount="0"/>
          <line num="208" count="51" type="stmt"/>
          <line num="210" count="1120" type="stmt"/>
          <line num="213" count="4342798" type="cond" truecount="4" falsecount="0"/>
          <line num="214" count="16" type="stmt"/>
          <line num="215" count="4342782" type="cond" truecount="2" falsecount="0"/>
          <line num="216" count="4336063" type="stmt"/>
          <line num="217" count="4336063" type="stmt"/>
          <line num="218" count="4336063" type="stmt"/>
          <line num="219" count="4336063" type="stmt"/>
          <line num="220" count="4336063" type="stmt"/>
          <line num="221" count="6719" type="cond" truecount="2" falsecount="0"/>
          <line num="222" count="5293" type="stmt"/>
          <line num="224" count="1426" type="stmt"/>
          <line num="229" count="24" type="stmt"/>
          <line num="230" count="7912" type="stmt"/>
          <line num="231" count="7084" type="stmt"/>
          <line num="232" count="7084" type="stmt"/>
          <line num="233" count="7084" type="stmt"/>
          <line num="234" count="7084" type="stmt"/>
          <line num="237" count="24" type="stmt"/>
          <line num="238" count="126" type="stmt"/>
          <line num="239" count="126" type="stmt"/>
          <line num="240" count="126" type="cond" truecount="2" falsecount="0"/>
          <line num="241" count="124" type="stmt"/>
          <line num="243" count="2" type="stmt"/>
          <line num="247" count="24" type="stmt"/>
          <line num="248" count="18" type="stmt"/>
          <line num="249" count="18" type="stmt"/>
          <line num="250" count="18" type="cond" truecount="2" falsecount="0"/>
          <line num="251" count="15" type="cond" truecount="4" falsecount="0"/>
          <line num="252" count="1" type="stmt"/>
          <line num="254" count="14" type="stmt"/>
          <line num="257" count="3" type="stmt"/>
        </file>
        <file name="rttc.ts" path="C:\projects\js-slang\src\utils\rttc.ts">
          <metrics statements="50" coveredstatements="50" conditionals="52" coveredconditionals="52" methods="14" coveredmethods="14"/>
          <line num="2" count="24" type="stmt"/>
          <line num="3" count="24" type="stmt"/>
          <line num="5" count="24" type="stmt"/>
          <line num="6" count="24" type="stmt"/>
          <line num="8" count="24" type="stmt"/>
          <line num="9" count="861" type="stmt"/>
          <line num="10" count="861" type="stmt"/>
          <line num="13" count="861" type="stmt"/>
          <line num="14" count="861" type="stmt"/>
          <line num="18" count="1686" type="stmt"/>
          <line num="22" count="830" type="stmt"/>
          <line num="27" count="24" type="stmt"/>
          <line num="28" count="25282698" type="cond" truecount="2" falsecount="0"/>
          <line num="29" count="281" type="stmt"/>
          <line num="30" count="25282417" type="cond" truecount="2" falsecount="0"/>
          <line num="31" count="776" type="stmt"/>
          <line num="33" count="25281641" type="stmt"/>
          <line num="37" count="16270504" type="stmt"/>
          <line num="41" count="264" type="cond" truecount="3" falsecount="0"/>
          <line num="42" count="544" type="stmt"/>
          <line num="43" count="9010071" type="stmt"/>
          <line num="44" count="386" type="stmt"/>
          <line num="45" count="337" type="stmt"/>
          <line num="47" count="24" type="stmt"/>
          <line num="48" count="126" type="cond" truecount="5" falsecount="0"/>
          <line num="49" count="16" type="stmt"/>
          <line num="50" count="110" type="cond" truecount="4" falsecount="0"/>
          <line num="51" count="8" type="stmt"/>
          <line num="53" count="102" type="stmt"/>
          <line num="57" count="24" type="stmt"/>
          <line num="63" count="8137457" type="stmt"/>
          <line num="68" count="92284" type="cond" truecount="2" falsecount="0"/>
          <line num="69" count="292" type="stmt"/>
          <line num="70" count="91992" type="cond" truecount="2" falsecount="0"/>
          <line num="71" count="35" type="stmt"/>
          <line num="73" count="91957" type="stmt"/>
          <line num="80" count="8043130" type="cond" truecount="2" falsecount="0"/>
          <line num="81" count="8042725" type="cond" truecount="2" falsecount="0"/>
          <line num="82" count="405" type="cond" truecount="2" falsecount="0"/>
          <line num="83" count="90" type="cond" truecount="2" falsecount="0"/>
          <line num="85" count="315" type="stmt"/>
          <line num="90" count="2043" type="stmt"/>
          <line num="94" count="24" type="stmt"/>
          <line num="95" count="9010043" type="cond" truecount="2" falsecount="0"/>
          <line num="98" count="24" type="stmt"/>
          <line num="99" count="386" type="cond" truecount="2" falsecount="0"/>
          <line num="100" count="49" type="cond" truecount="2" falsecount="0"/>
          <line num="101" count="337" type="cond" truecount="2" falsecount="0"/>
          <line num="102" count="264" type="stmt"/>
          <line num="108" count="73" type="stmt"/>
        </file>
        <file name="stringify.ts" path="C:\projects\js-slang\src\utils\stringify.ts">
          <metrics statements="61" coveredstatements="59" conditionals="36" coveredconditionals="33" methods="11" coveredmethods="11"/>
          <line num="1" count="24" type="stmt"/>
          <line num="2" count="24" type="stmt"/>
          <line num="6" count="3421" type="cond" truecount="2" falsecount="0"/>
          <line num="7" count="3417" type="cond" truecount="2" falsecount="0"/>
          <line num="8" count="2" type="stmt"/>
          <line num="10" count="3417" type="stmt"/>
          <line num="12" count="4" type="cond" truecount="2" falsecount="0"/>
          <line num="13" count="2" type="stmt"/>
          <line num="15" count="4" type="stmt"/>
          <line num="20" count="3284" type="stmt"/>
          <line num="22" count="23767" type="stmt"/>
          <line num="26" count="24" type="stmt"/>
          <line num="32" count="3421" type="stmt"/>
          <line num="35" count="3421" type="stmt"/>
          <line num="36" count="3421" type="stmt"/>
          <line num="37" count="3421" type="stmt"/>
          <line num="38" count="3421" type="stmt"/>
          <line num="39" count="3421" type="stmt"/>
          <line num="45" count="3421" type="stmt"/>
          <line num="46" count="4232" type="cond" truecount="3" falsecount="0"/>
          <line num="47" count="2659" type="stmt"/>
          <line num="52" count="3421" type="stmt"/>
          <line num="53" count="4211" type="stmt"/>
          <line num="54" count="6125" type="stmt"/>
          <line num="55" count="4211" type="stmt"/>
          <line num="57" count="4211" type="cond" truecount="2" falsecount="0"/>
          <line num="58" count="1642" type="cond" truecount="2" falsecount="0"/>
          <line num="62" count="1640" type="stmt"/>
          <line num="70" count="2" type="stmt"/>
          <line num="76" count="2569" type="stmt"/>
          <line num="80" count="3421" type="stmt"/>
          <line num="81" count="21" type="stmt"/>
          <line num="82" count="21" type="stmt"/>
          <line num="83" count="57" type="stmt"/>
          <line num="84" count="57" type="stmt"/>
          <line num="85" count="57" type="cond" truecount="1" falsecount="1"/>
          <line num="86" count="0" type="stmt"/>
          <line num="88" count="57" type="stmt"/>
          <line num="91" count="21" type="stmt"/>
          <line num="93" count="21" type="cond" truecount="2" falsecount="0"/>
          <line num="94" count="2" type="stmt"/>
          <line num="99" count="19" type="stmt"/>
          <line num="103" count="3421" type="cond" truecount="0" falsecount="1"/>
          <line num="104" count="9660" type="cond" truecount="2" falsecount="0"/>
          <line num="105" count="1201" type="stmt"/>
          <line num="106" count="8459" type="cond" truecount="2" falsecount="0"/>
          <line num="107" count="143" type="stmt"/>
          <line num="108" count="8316" type="cond" truecount="2" falsecount="0"/>
          <line num="109" count="2" type="stmt"/>
          <line num="110" count="8314" type="cond" truecount="2" falsecount="0"/>
          <line num="111" count="18" type="stmt"/>
          <line num="112" count="8296" type="cond" truecount="2" falsecount="0"/>
          <line num="113" count="2772" type="stmt"/>
          <line num="114" count="5524" type="cond" truecount="2" falsecount="0"/>
          <line num="115" count="1292" type="stmt"/>
          <line num="116" count="4232" type="cond" truecount="1" falsecount="1"/>
          <line num="117" count="0" type="stmt"/>
          <line num="118" count="4232" type="cond" truecount="2" falsecount="0"/>
          <line num="119" count="4211" type="stmt"/>
          <line num="121" count="21" type="stmt"/>
          <line num="125" count="3421" type="stmt"/>
        </file>
      </package>
      <package name="src.validator">
        <metrics statements="59" coveredstatements="59" conditionals="37" coveredconditionals="35" methods="6" coveredmethods="6"/>
        <file name="validator.ts" path="C:\projects\js-slang\src\validator\validator.ts">
          <metrics statements="59" coveredstatements="59" conditionals="37" coveredconditionals="35" methods="6" coveredmethods="6"/>
          <line num="1" count="19" type="stmt"/>
          <line num="3" count="19" type="stmt"/>
          <line num="4" count="19" type="stmt"/>
          <line num="6" count="19" type="stmt"/>
          <line num="9" count="43743" type="stmt"/>
          <line num="10" count="43743" type="stmt"/>
          <line num="13" count="19" type="stmt"/>
          <line num="17" count="1708" type="stmt"/>
          <line num="18" count="1708" type="stmt"/>
          <line num="20" count="19268" type="stmt"/>
          <line num="21" count="19268" type="stmt"/>
          <line num="22" count="35809" type="cond" truecount="2" falsecount="0"/>
          <line num="23" count="268" type="stmt"/>
          <line num="27" count="35541" type="cond" truecount="2" falsecount="0"/>
          <line num="28" count="15702" type="stmt"/>
          <line num="31" count="19268" type="stmt"/>
          <line num="32" count="19268" type="stmt"/>
          <line num="35" count="19451" type="stmt"/>
          <line num="37" count="27738" type="stmt"/>
          <line num="39" count="19451" type="stmt"/>
          <line num="43" count="1708" type="stmt"/>
          <line num="49" count="39" type="stmt"/>
          <line num="50" count="39" type="cond" truecount="2" falsecount="0"/>
          <line num="51" count="35" type="stmt"/>
          <line num="55" count="35" type="stmt"/>
          <line num="61" count="187372" type="stmt"/>
          <line num="62" count="187372" type="stmt"/>
          <line num="63" count="187372" type="stmt"/>
          <line num="64" count="1201307" type="stmt"/>
          <line num="65" count="1201307" type="stmt"/>
          <line num="66" count="1201307" type="cond" truecount="6" falsecount="0"/>
          <line num="67" count="136982" type="stmt"/>
          <line num="68" count="136982" type="cond" truecount="4" falsecount="0"/>
          <line num="69" count="85" type="cond" truecount="2" falsecount="0"/>
          <line num="70" count="2" type="stmt"/>
          <line num="72" count="85" type="cond" truecount="5" falsecount="0"/>
          <line num="73" count="3" type="stmt"/>
          <line num="76" count="136982" type="stmt"/>
          <line num="80" count="1708" type="stmt"/>
          <line num="84" count="303" type="cond" truecount="1" falsecount="1"/>
          <line num="85" count="303" type="stmt"/>
          <line num="89" count="1708" type="stmt"/>
          <line num="93" count="303" type="stmt"/>
          <line num="94" count="303" type="stmt"/>
          <line num="95" count="303" type="stmt"/>
          <line num="97" count="303" type="cond" truecount="2" falsecount="0"/>
          <line num="102" count="15702" type="stmt"/>
          <line num="103" count="15702" type="cond" truecount="2" falsecount="0"/>
          <line num="106" count="43590" type="cond" truecount="2" falsecount="0"/>
          <line num="107" count="43536" type="stmt"/>
          <line num="108" count="54" type="cond" truecount="1" falsecount="1"/>
          <line num="109" count="54" type="cond" truecount="2" falsecount="0"/>
          <line num="110" count="38" type="stmt"/>
          <line num="115" count="72554" type="stmt"/>
          <line num="116" count="346014" type="stmt"/>
          <line num="117" count="346014" type="cond" truecount="2" falsecount="0"/>
          <line num="118" count="72554" type="stmt"/>
          <line num="119" count="72554" type="stmt"/>
          <line num="138" count="1708" type="stmt"/>
        </file>
      </package>
    </metrics>
  </project>
</coverage>
