{"C:\\projects\\js-slang\\src\\constants.ts": {"path":"C:\\projects\\js-slang\\src\\constants.ts","statementMap":{"0":{"start":{"line":3,"column":13},"end":{"line":3,"column":69}},"1":{"start":{"line":4,"column":13},"end":{"line":4,"column":69}},"2":{"start":{"line":5,"column":13},"end":{"line":5,"column":42}},"3":{"start":{"line":6,"column":13},"end":{"line":15,"column":1}},"4":{"start":{"line":16,"column":13},"end":{"line":19,"column":1}}},"fnMap":{},"branchMap":{"0":{"loc":{"start":{"line":3,"column":54},"end":{"line":3,"column":60}},"type":"cond-expr","locations":[{"start":{"line":3,"column":54},"end":{"line":3,"column":60}},{"start":{"line":3,"column":63},"end":{"line":3,"column":69}}]}},"s":{"0":24,"1":24,"2":24,"3":24,"4":24},"f":{},"b":{"0":[0,24]}}
,"C:\\projects\\js-slang\\src\\createContext.ts": {"path":"C:\\projects\\js-slang\\src\\createContext.ts","statementMap":{"0":{"start":{"line":3,"column":0},"end":{"line":3,"column":72}},"1":{"start":{"line":4,"column":0},"end":{"line":4,"column":44}},"2":{"start":{"line":5,"column":0},"end":{"line":5,"column":36}},"3":{"start":{"line":6,"column":0},"end":{"line":6,"column":45}},"4":{"start":{"line":7,"column":0},"end":{"line":7,"column":50}},"5":{"start":{"line":8,"column":0},"end":{"line":8,"column":36}},"6":{"start":{"line":9,"column":0},"end":{"line":9,"column":40}},"7":{"start":{"line":10,"column":0},"end":{"line":10,"column":40}},"8":{"start":{"line":11,"column":0},"end":{"line":11,"column":54}},"9":{"start":{"line":13,"column":0},"end":{"line":13,"column":45}},"10":{"start":{"line":14,"column":0},"end":{"line":14,"column":44}},"11":{"start":{"line":20,"column":4},"end":{"line":20,"column":20}},"12":{"start":{"line":21,"column":4},"end":{"line":21,"column":36}},"13":{"start":{"line":22,"column":4},"end":{"line":22,"column":34}},"14":{"start":{"line":15,"column":0},"end":{"line":24,"column":1}},"15":{"start":{"line":25,"column":27},"end":{"line":32,"column":2}},"16":{"start":{"line":25,"column":34},"end":{"line":32,"column":1}},"17":{"start":{"line":34,"column":28},"end":{"line":43,"column":2}},"18":{"start":{"line":34,"column":35},"end":{"line":43,"column":1}},"19":{"start":{"line":39,"column":6},"end":{"line":39,"column":12}},"20":{"start":{"line":45,"column":32},"end":{"line":49,"column":2}},"21":{"start":{"line":45,"column":39},"end":{"line":49,"column":1}},"22":{"start":{"line":51,"column":13},"end":{"line":76,"column":1}},"23":{"start":{"line":56,"column":2},"end":{"line":58,"column":3}},"24":{"start":{"line":57,"column":4},"end":{"line":57,"column":52}},"25":{"start":{"line":59,"column":17},"end":{"line":62,"column":4}},"26":{"start":{"line":63,"column":2},"end":{"line":75,"column":3}},"27":{"start":{"line":78,"column":13},"end":{"line":88,"column":1}},"28":{"start":{"line":79,"column":2},"end":{"line":81,"column":3}},"29":{"start":{"line":80,"column":4},"end":{"line":80,"column":42}},"30":{"start":{"line":82,"column":2},"end":{"line":84,"column":3}},"31":{"start":{"line":83,"column":4},"end":{"line":83,"column":37}},"32":{"start":{"line":85,"column":2},"end":{"line":87,"column":3}},"33":{"start":{"line":86,"column":4},"end":{"line":86,"column":64}},"34":{"start":{"line":90,"column":21},"end":{"line":101,"column":1}},"35":{"start":{"line":91,"column":28},"end":{"line":91,"column":59}},"36":{"start":{"line":92,"column":2},"end":{"line":96,"column":4}},"37":{"start":{"line":97,"column":2},"end":{"line":100,"column":4}},"38":{"start":{"line":99,"column":20},"end":{"line":99,"column":25}},"39":{"start":{"line":105,"column":13},"end":{"line":122,"column":1}},"40":{"start":{"line":106,"column":2},"end":{"line":121,"column":3}},"41":{"start":{"line":107,"column":20},"end":{"line":107,"column":52}},"42":{"start":{"line":107,"column":38},"end":{"line":107,"column":52}},"43":{"start":{"line":108,"column":20},"end":{"line":108,"column":45}},"44":{"start":{"line":109,"column":17},"end":{"line":109,"column":67}},"45":{"start":{"line":110,"column":4},"end":{"line":110,"column":33}},"46":{"start":{"line":110,"column":29},"end":{"line":110,"column":33}},"47":{"start":{"line":112,"column":4},"end":{"line":112,"column":43}},"48":{"start":{"line":113,"column":9},"end":{"line":121,"column":3}},"49":{"start":{"line":114,"column":20},"end":{"line":114,"column":57}},"50":{"start":{"line":114,"column":38},"end":{"line":114,"column":57}},"51":{"start":{"line":115,"column":20},"end":{"line":115,"column":45}},"52":{"start":{"line":116,"column":17},"end":{"line":116,"column":67}},"53":{"start":{"line":117,"column":4},"end":{"line":117,"column":33}},"54":{"start":{"line":117,"column":29},"end":{"line":117,"column":33}},"55":{"start":{"line":118,"column":4},"end":{"line":118,"column":99}},"56":{"start":{"line":120,"column":4},"end":{"line":120,"column":38}},"57":{"start":{"line":124,"column":13},"end":{"line":130,"column":1}},"58":{"start":{"line":125,"column":2},"end":{"line":125,"column":39}},"59":{"start":{"line":127,"column":2},"end":{"line":129,"column":4}},"60":{"start":{"line":128,"column":4},"end":{"line":128,"column":49}},"61":{"start":{"line":135,"column":13},"end":{"line":227,"column":1}},"62":{"start":{"line":140,"column":2},"end":{"line":140,"column":39}},"63":{"start":{"line":142,"column":21},"end":{"line":143,"column":62}},"64":{"start":{"line":143,"column":4},"end":{"line":143,"column":62}},"65":{"start":{"line":144,"column":18},"end":{"line":144,"column":75}},"66":{"start":{"line":144,"column":44},"end":{"line":144,"column":74}},"67":{"start":{"line":145,"column":17},"end":{"line":145,"column":86}},"68":{"start":{"line":145,"column":31},"end":{"line":145,"column":86}},"69":{"start":{"line":146,"column":16},"end":{"line":146,"column":84}},"70":{"start":{"line":146,"column":30},"end":{"line":146,"column":84}},"71":{"start":{"line":147,"column":24},"end":{"line":147,"column":96}},"72":{"start":{"line":147,"column":38},"end":{"line":147,"column":96}},"73":{"start":{"line":149,"column":2},"end":{"line":170,"column":3}},"74":{"start":{"line":150,"column":4},"end":{"line":150,"column":53}},"75":{"start":{"line":151,"column":4},"end":{"line":151,"column":51}},"76":{"start":{"line":152,"column":4},"end":{"line":152,"column":58}},"77":{"start":{"line":153,"column":4},"end":{"line":153,"column":55}},"78":{"start":{"line":154,"column":4},"end":{"line":154,"column":60}},"79":{"start":{"line":155,"column":4},"end":{"line":155,"column":49}},"80":{"start":{"line":156,"column":4},"end":{"line":156,"column":60}},"81":{"start":{"line":157,"column":4},"end":{"line":157,"column":60}},"82":{"start":{"line":158,"column":4},"end":{"line":158,"column":64}},"83":{"start":{"line":159,"column":4},"end":{"line":159,"column":62}},"84":{"start":{"line":160,"column":4},"end":{"line":160,"column":66}},"85":{"start":{"line":161,"column":4},"end":{"line":161,"column":67}},"86":{"start":{"line":162,"column":4},"end":{"line":162,"column":50}},"87":{"start":{"line":163,"column":4},"end":{"line":163,"column":38}},"88":{"start":{"line":164,"column":4},"end":{"line":164,"column":48}},"89":{"start":{"line":166,"column":18},"end":{"line":166,"column":50}},"90":{"start":{"line":167,"column":4},"end":{"line":169,"column":5}},"91":{"start":{"line":168,"column":6},"end":{"line":168,"column":56}},"92":{"start":{"line":172,"column":2},"end":{"line":191,"column":3}},"93":{"start":{"line":174,"column":4},"end":{"line":190,"column":5}},"94":{"start":{"line":175,"column":6},"end":{"line":175,"column":91}},"95":{"start":{"line":176,"column":6},"end":{"line":176,"column":88}},"96":{"start":{"line":177,"column":6},"end":{"line":177,"column":80}},"97":{"start":{"line":178,"column":6},"end":{"line":178,"column":80}},"98":{"start":{"line":179,"column":6},"end":{"line":179,"column":88}},"99":{"start":{"line":180,"column":6},"end":{"line":180,"column":89}},"100":{"start":{"line":181,"column":6},"end":{"line":181,"column":90}},"101":{"start":{"line":183,"column":6},"end":{"line":183,"column":60}},"102":{"start":{"line":184,"column":6},"end":{"line":184,"column":58}},"103":{"start":{"line":185,"column":6},"end":{"line":185,"column":51}},"104":{"start":{"line":186,"column":6},"end":{"line":186,"column":51}},"105":{"start":{"line":187,"column":6},"end":{"line":187,"column":58}},"106":{"start":{"line":188,"column":6},"end":{"line":188,"column":58}},"107":{"start":{"line":189,"column":6},"end":{"line":189,"column":60}},"108":{"start":{"line":193,"column":2},"end":{"line":203,"column":3}},"109":{"start":{"line":194,"column":4},"end":{"line":194,"column":62}},"110":{"start":{"line":195,"column":4},"end":{"line":195,"column":62}},"111":{"start":{"line":196,"column":4},"end":{"line":196,"column":66}},"112":{"start":{"line":197,"column":4},"end":{"line":197,"column":58}},"113":{"start":{"line":200,"column":4},"end":{"line":200,"column":69}},"114":{"start":{"line":201,"column":4},"end":{"line":201,"column":62}},"115":{"start":{"line":202,"column":4},"end":{"line":202,"column":71}},"116":{"start":{"line":205,"column":2},"end":{"line":215,"column":3}},"117":{"start":{"line":206,"column":4},"end":{"line":208,"column":5}},"118":{"start":{"line":207,"column":6},"end":{"line":207,"column":55}},"119":{"start":{"line":209,"column":4},"end":{"line":214,"column":5}},"120":{"start":{"line":213,"column":38},"end":{"line":213,"column":74}},"121":{"start":{"line":217,"column":2},"end":{"line":226,"column":3}},"122":{"start":{"line":218,"column":4},"end":{"line":218,"column":60}},"123":{"start":{"line":219,"column":4},"end":{"line":219,"column":54}},"124":{"start":{"line":220,"column":4},"end":{"line":220,"column":80}},"125":{"start":{"line":221,"column":4},"end":{"line":221,"column":47}},"126":{"start":{"line":223,"column":4},"end":{"line":225,"column":5}},"127":{"start":{"line":224,"column":6},"end":{"line":224,"column":82}},"128":{"start":{"line":230,"column":16},"end":{"line":230,"column":18}},"129":{"start":{"line":231,"column":2},"end":{"line":233,"column":3}},"130":{"start":{"line":232,"column":4},"end":{"line":232,"column":26}},"131":{"start":{"line":234,"column":2},"end":{"line":236,"column":3}},"132":{"start":{"line":235,"column":4},"end":{"line":235,"column":28}},"133":{"start":{"line":237,"column":2},"end":{"line":239,"column":3}},"134":{"start":{"line":238,"column":4},"end":{"line":238,"column":29}},"135":{"start":{"line":242,"column":40},"end":{"line":251,"column":1}},"136":{"start":{"line":249,"column":4},"end":{"line":249,"column":53}},"137":{"start":{"line":253,"column":22},"end":{"line":267,"column":1}},"138":{"start":{"line":260,"column":18},"end":{"line":260,"column":79}},"139":{"start":{"line":262,"column":2},"end":{"line":262,"column":49}},"140":{"start":{"line":263,"column":2},"end":{"line":263,"column":24}},"141":{"start":{"line":264,"column":2},"end":{"line":264,"column":49}},"142":{"start":{"line":266,"column":2},"end":{"line":266,"column":16}},"143":{"start":{"line":269,"column":0},"end":{"line":269,"column":28}}},"fnMap":{"0":{"name":"(anonymous_0)","decl":{"start":{"line":19,"column":2},"end":{"line":19,"column":13}},"loc":{"start":{"line":19,"column":86},"end":{"line":23,"column":3}}},"1":{"name":"(anonymous_1)","decl":{"start":{"line":25,"column":27},"end":{"line":25,"column":29}},"loc":{"start":{"line":25,"column":34},"end":{"line":32,"column":1}}},"2":{"name":"(anonymous_2)","decl":{"start":{"line":34,"column":28},"end":{"line":34,"column":30}},"loc":{"start":{"line":34,"column":35},"end":{"line":43,"column":1}}},"3":{"name":"(anonymous_3)","decl":{"start":{"line":38,"column":9},"end":{"line":38,"column":16}},"loc":{"start":{"line":38,"column":18},"end":{"line":40,"column":5}}},"4":{"name":"(anonymous_4)","decl":{"start":{"line":45,"column":32},"end":{"line":45,"column":34}},"loc":{"start":{"line":45,"column":39},"end":{"line":49,"column":1}}},"5":{"name":"(anonymous_5)","decl":{"start":{"line":51,"column":34},"end":{"line":52,"column":2}},"loc":{"start":{"line":55,"column":16},"end":{"line":76,"column":1}}},"6":{"name":"(anonymous_6)","decl":{"start":{"line":78,"column":44},"end":{"line":78,"column":45}},"loc":{"start":{"line":78,"column":65},"end":{"line":88,"column":1}}},"7":{"name":"(anonymous_7)","decl":{"start":{"line":90,"column":21},"end":{"line":90,"column":22}},"loc":{"start":{"line":90,"column":70},"end":{"line":101,"column":1}}},"8":{"name":"(anonymous_8)","decl":{"start":{"line":99,"column":14},"end":{"line":99,"column":16}},"loc":{"start":{"line":99,"column":20},"end":{"line":99,"column":25}}},"9":{"name":"(anonymous_9)","decl":{"start":{"line":105,"column":29},"end":{"line":105,"column":30}},"loc":{"start":{"line":105,"column":78},"end":{"line":122,"column":1}}},"10":{"name":"(anonymous_10)","decl":{"start":{"line":107,"column":20},"end":{"line":107,"column":21}},"loc":{"start":{"line":107,"column":38},"end":{"line":107,"column":52}}},"11":{"name":"(anonymous_11)","decl":{"start":{"line":110,"column":23},"end":{"line":110,"column":25}},"loc":{"start":{"line":110,"column":29},"end":{"line":110,"column":33}}},"12":{"name":"(anonymous_12)","decl":{"start":{"line":114,"column":20},"end":{"line":114,"column":21}},"loc":{"start":{"line":114,"column":38},"end":{"line":114,"column":57}}},"13":{"name":"(anonymous_13)","decl":{"start":{"line":117,"column":23},"end":{"line":117,"column":25}},"loc":{"start":{"line":117,"column":29},"end":{"line":117,"column":33}}},"14":{"name":"(anonymous_14)","decl":{"start":{"line":124,"column":37},"end":{"line":124,"column":38}},"loc":{"start":{"line":124,"column":85},"end":{"line":130,"column":1}}},"15":{"name":"(anonymous_15)","decl":{"start":{"line":127,"column":26},"end":{"line":127,"column":31}},"loc":{"start":{"line":127,"column":35},"end":{"line":129,"column":3}}},"16":{"name":"(anonymous_16)","decl":{"start":{"line":135,"column":30},"end":{"line":136,"column":2}},"loc":{"start":{"line":139,"column":4},"end":{"line":227,"column":1}}},"17":{"name":"(anonymous_17)","decl":{"start":{"line":142,"column":21},"end":{"line":142,"column":22}},"loc":{"start":{"line":143,"column":4},"end":{"line":143,"column":62}}},"18":{"name":"(anonymous_18)","decl":{"start":{"line":144,"column":18},"end":{"line":144,"column":19}},"loc":{"start":{"line":144,"column":44},"end":{"line":144,"column":74}}},"19":{"name":"(anonymous_19)","decl":{"start":{"line":145,"column":17},"end":{"line":145,"column":18}},"loc":{"start":{"line":145,"column":31},"end":{"line":145,"column":86}}},"20":{"name":"(anonymous_20)","decl":{"start":{"line":146,"column":16},"end":{"line":146,"column":17}},"loc":{"start":{"line":146,"column":30},"end":{"line":146,"column":84}}},"21":{"name":"(anonymous_21)","decl":{"start":{"line":147,"column":24},"end":{"line":147,"column":25}},"loc":{"start":{"line":147,"column":38},"end":{"line":147,"column":96}}},"22":{"name":"(anonymous_22)","decl":{"start":{"line":206,"column":52},"end":{"line":206,"column":53}},"loc":{"start":{"line":207,"column":6},"end":{"line":207,"column":55}}},"23":{"name":"(anonymous_23)","decl":{"start":{"line":213,"column":6},"end":{"line":213,"column":7}},"loc":{"start":{"line":213,"column":38},"end":{"line":213,"column":74}}},"24":{"name":"(anonymous_24)","decl":{"start":{"line":223,"column":41},"end":{"line":223,"column":42}},"loc":{"start":{"line":224,"column":6},"end":{"line":224,"column":82}}},"25":{"name":"importPrelude","decl":{"start":{"line":229,"column":9},"end":{"line":229,"column":22}},"loc":{"start":{"line":229,"column":39},"end":{"line":240,"column":1}}},"26":{"name":"(anonymous_26)","decl":{"start":{"line":248,"column":17},"end":{"line":248,"column":18}},"loc":{"start":{"line":248,"column":30},"end":{"line":250,"column":3}}},"27":{"name":"(anonymous_27)","decl":{"start":{"line":253,"column":22},"end":{"line":254,"column":2}},"loc":{"start":{"line":259,"column":4},"end":{"line":267,"column":1}}}},"branchMap":{"0":{"loc":{"start":{"line":56,"column":2},"end":{"line":58,"column":3}},"type":"if","locations":[{"start":{"line":56,"column":2},"end":{"line":58,"column":3}},{"start":{"line":56,"column":2},"end":{"line":58,"column":3}}]},"1":{"loc":{"start":{"line":79,"column":2},"end":{"line":81,"column":3}},"type":"if","locations":[{"start":{"line":79,"column":2},"end":{"line":81,"column":3}},{"start":{"line":79,"column":2},"end":{"line":81,"column":3}}]},"2":{"loc":{"start":{"line":82,"column":2},"end":{"line":84,"column":3}},"type":"if","locations":[{"start":{"line":82,"column":2},"end":{"line":84,"column":3}},{"start":{"line":82,"column":2},"end":{"line":84,"column":3}}]},"3":{"loc":{"start":{"line":85,"column":2},"end":{"line":87,"column":3}},"type":"if","locations":[{"start":{"line":85,"column":2},"end":{"line":87,"column":3}},{"start":{"line":85,"column":2},"end":{"line":87,"column":3}}]},"4":{"loc":{"start":{"line":106,"column":2},"end":{"line":121,"column":3}},"type":"if","locations":[{"start":{"line":106,"column":2},"end":{"line":121,"column":3}},{"start":{"line":106,"column":2},"end":{"line":121,"column":3}}]},"5":{"loc":{"start":{"line":113,"column":9},"end":{"line":121,"column":3}},"type":"if","locations":[{"start":{"line":113,"column":9},"end":{"line":121,"column":3}},{"start":{"line":113,"column":9},"end":{"line":121,"column":3}}]},"6":{"loc":{"start":{"line":138,"column":18},"end":{"line":138,"column":23}},"type":"default-arg","locations":[{"start":{"line":138,"column":18},"end":{"line":138,"column":23}}]},"7":{"loc":{"start":{"line":149,"column":2},"end":{"line":170,"column":3}},"type":"if","locations":[{"start":{"line":149,"column":2},"end":{"line":170,"column":3}},{"start":{"line":149,"column":2},"end":{"line":170,"column":3}}]},"8":{"loc":{"start":{"line":172,"column":2},"end":{"line":191,"column":3}},"type":"if","locations":[{"start":{"line":172,"column":2},"end":{"line":191,"column":3}},{"start":{"line":172,"column":2},"end":{"line":191,"column":3}}]},"9":{"loc":{"start":{"line":174,"column":4},"end":{"line":190,"column":5}},"type":"if","locations":[{"start":{"line":174,"column":4},"end":{"line":190,"column":5}},{"start":{"line":174,"column":4},"end":{"line":190,"column":5}}]},"10":{"loc":{"start":{"line":193,"column":2},"end":{"line":203,"column":3}},"type":"if","locations":[{"start":{"line":193,"column":2},"end":{"line":203,"column":3}},{"start":{"line":193,"column":2},"end":{"line":203,"column":3}}]},"11":{"loc":{"start":{"line":205,"column":2},"end":{"line":215,"column":3}},"type":"if","locations":[{"start":{"line":205,"column":2},"end":{"line":215,"column":3}},{"start":{"line":205,"column":2},"end":{"line":215,"column":3}}]},"12":{"loc":{"start":{"line":217,"column":2},"end":{"line":226,"column":3}},"type":"if","locations":[{"start":{"line":217,"column":2},"end":{"line":226,"column":3}},{"start":{"line":217,"column":2},"end":{"line":226,"column":3}}]},"13":{"loc":{"start":{"line":231,"column":2},"end":{"line":233,"column":3}},"type":"if","locations":[{"start":{"line":231,"column":2},"end":{"line":233,"column":3}},{"start":{"line":231,"column":2},"end":{"line":233,"column":3}}]},"14":{"loc":{"start":{"line":234,"column":2},"end":{"line":236,"column":3}},"type":"if","locations":[{"start":{"line":234,"column":2},"end":{"line":236,"column":3}},{"start":{"line":234,"column":2},"end":{"line":236,"column":3}}]},"15":{"loc":{"start":{"line":237,"column":2},"end":{"line":239,"column":3}},"type":"if","locations":[{"start":{"line":237,"column":2},"end":{"line":239,"column":3}},{"start":{"line":237,"column":2},"end":{"line":239,"column":3}}]},"16":{"loc":{"start":{"line":254,"column":12},"end":{"line":254,"column":13}},"type":"default-arg","locations":[{"start":{"line":254,"column":12},"end":{"line":254,"column":13}}]},"17":{"loc":{"start":{"line":255,"column":30},"end":{"line":255,"column":32}},"type":"default-arg","locations":[{"start":{"line":255,"column":30},"end":{"line":255,"column":32}}]},"18":{"loc":{"start":{"line":257,"column":37},"end":{"line":257,"column":52}},"type":"default-arg","locations":[{"start":{"line":257,"column":37},"end":{"line":257,"column":52}}]},"19":{"loc":{"start":{"line":258,"column":18},"end":{"line":258,"column":23}},"type":"default-arg","locations":[{"start":{"line":258,"column":18},"end":{"line":258,"column":23}}]}},"s":{"0":24,"1":24,"2":24,"3":24,"4":24,"5":24,"6":24,"7":24,"8":24,"9":24,"10":24,"11":0,"12":0,"13":0,"14":24,"15":24,"16":2107,"17":24,"18":2107,"19":0,"20":24,"21":2107,"22":24,"23":2107,"24":24,"25":2107,"26":2107,"27":24,"28":4214,"29":0,"30":4214,"31":0,"32":4214,"33":2107,"34":24,"35":134124,"36":134124,"37":134124,"38":35480,"39":24,"40":134124,"41":110947,"42":8883417,"43":110947,"44":110947,"45":110947,"46":6,"47":110947,"48":23177,"49":0,"50":0,"51":0,"52":0,"53":0,"54":0,"55":0,"56":23177,"57":24,"58":2107,"59":2107,"60":0,"61":24,"62":2107,"63":2107,"64":22,"65":2107,"66":20,"67":2107,"68":0,"69":2107,"70":0,"71":2107,"72":0,"73":2107,"74":2107,"75":2107,"76":2107,"77":2107,"78":2107,"79":2107,"80":2107,"81":2107,"82":2107,"83":2107,"84":2107,"85":2107,"86":2107,"87":2107,"88":2107,"89":2107,"90":2107,"91":90601,"92":2107,"93":789,"94":0,"95":0,"96":0,"97":0,"98":0,"99":0,"100":0,"101":789,"102":789,"103":789,"104":789,"105":789,"106":789,"107":789,"108":2107,"109":647,"110":647,"111":647,"112":647,"113":647,"114":647,"115":647,"116":2107,"117":447,"118":113,"119":447,"120":2,"121":2107,"122":192,"123":192,"124":192,"125":192,"126":192,"127":0,"128":2107,"129":2107,"130":789,"131":2107,"132":647,"133":2107,"134":789,"135":24,"136":0,"137":24,"138":2107,"139":2107,"140":2107,"141":2107,"142":2107,"143":24},"f":{"0":0,"1":2107,"2":2107,"3":0,"4":2107,"5":2107,"6":4214,"7":134124,"8":35480,"9":134124,"10":8883417,"11":6,"12":0,"13":0,"14":2107,"15":0,"16":2107,"17":22,"18":20,"19":0,"20":0,"21":0,"22":113,"23":2,"24":0,"25":2107,"26":0,"27":2107},"b":{"0":[24,2083],"1":[0,4214],"2":[0,4214],"3":[2107,2107],"4":[110947,23177],"5":[0,23177],"6":[0],"7":[2107,0],"8":[789,1318],"9":[0,789],"10":[647,1460],"11":[447,1660],"12":[192,1915],"13":[789,1318],"14":[647,1460],"15":[789,1318],"16":[1014],"17":[1226],"18":[1226],"19":[2107]}}
,"C:\\projects\\js-slang\\src\\finder.ts": {"path":"C:\\projects\\js-slang\\src\\finder.ts","statementMap":{"0":{"start":{"line":1,"column":0},"end":{"line":1,"column":85}},"1":{"start":{"line":20,"column":21},"end":{"line":20,"column":29}},"2":{"start":{"line":21,"column":21},"end":{"line":21,"column":30}},"3":{"start":{"line":22,"column":4},"end":{"line":29,"column":5}},"4":{"start":{"line":23,"column":6},"end":{"line":28,"column":7}},"5":{"start":{"line":30,"column":4},"end":{"line":30,"column":16}},"6":{"start":{"line":33,"column":16},"end":{"line":33,"column":79}},"7":{"start":{"line":34,"column":2},"end":{"line":34,"column":34}},"8":{"start":{"line":14,"column":0},"end":{"line":35,"column":1}},"9":{"start":{"line":39,"column":20},"end":{"line":39,"column":54}},"10":{"start":{"line":40,"column":2},"end":{"line":40,"column":34}},"11":{"start":{"line":40,"column":18},"end":{"line":40,"column":34}},"12":{"start":{"line":42,"column":31},"end":{"line":42,"column":33}},"13":{"start":{"line":43,"column":2},"end":{"line":87,"column":3}},"14":{"start":{"line":44,"column":4},"end":{"line":83,"column":6}},"15":{"start":{"line":46,"column":8},"end":{"line":48,"column":9}},"16":{"start":{"line":47,"column":10},"end":{"line":47,"column":48}},"17":{"start":{"line":47,"column":29},"end":{"line":47,"column":47}},"18":{"start":{"line":51,"column":8},"end":{"line":54,"column":9}},"19":{"start":{"line":52,"column":10},"end":{"line":52,"column":43}},"20":{"start":{"line":53,"column":10},"end":{"line":53,"column":36}},"21":{"start":{"line":57,"column":8},"end":{"line":66,"column":9}},"22":{"start":{"line":58,"column":10},"end":{"line":58,"column":36}},"23":{"start":{"line":59,"column":15},"end":{"line":66,"column":9}},"24":{"start":{"line":60,"column":24},"end":{"line":60,"column":89}},"25":{"start":{"line":60,"column":47},"end":{"line":60,"column":88}},"26":{"start":{"line":61,"column":10},"end":{"line":65,"column":11}},"27":{"start":{"line":62,"column":12},"end":{"line":62,"column":36}},"28":{"start":{"line":64,"column":12},"end":{"line":64,"column":38}},"29":{"start":{"line":69,"column":8},"end":{"line":76,"column":9}},"30":{"start":{"line":70,"column":24},"end":{"line":70,"column":89}},"31":{"start":{"line":70,"column":47},"end":{"line":70,"column":88}},"32":{"start":{"line":71,"column":10},"end":{"line":75,"column":11}},"33":{"start":{"line":72,"column":12},"end":{"line":72,"column":36}},"34":{"start":{"line":74,"column":12},"end":{"line":74,"column":38}},"35":{"start":{"line":79,"column":8},"end":{"line":81,"column":9}},"36":{"start":{"line":80,"column":10},"end":{"line":80,"column":36}},"37":{"start":{"line":84,"column":4},"end":{"line":86,"column":5}},"38":{"start":{"line":85,"column":6},"end":{"line":85,"column":33}},"39":{"start":{"line":89,"column":2},"end":{"line":89,"column":18}},"40":{"start":{"line":38,"column":0},"end":{"line":90,"column":1}},"41":{"start":{"line":93,"column":19},"end":{"line":93,"column":32}},"42":{"start":{"line":94,"column":19},"end":{"line":94,"column":32}},"43":{"start":{"line":95,"column":2},"end":{"line":104,"column":3}},"44":{"start":{"line":108,"column":31},"end":{"line":108,"column":33}},"45":{"start":{"line":109,"column":2},"end":{"line":126,"column":4}},"46":{"start":{"line":111,"column":6},"end":{"line":114,"column":7}},"47":{"start":{"line":112,"column":8},"end":{"line":112,"column":63}},"48":{"start":{"line":113,"column":8},"end":{"line":113,"column":30}},"49":{"start":{"line":122,"column":6},"end":{"line":124,"column":7}},"50":{"start":{"line":123,"column":8},"end":{"line":123,"column":63}},"51":{"start":{"line":127,"column":2},"end":{"line":127,"column":23}}},"fnMap":{"0":{"name":"findIdentifierNode","decl":{"start":{"line":14,"column":16},"end":{"line":14,"column":34}},"loc":{"start":{"line":17,"column":39},"end":{"line":35,"column":1}}},"1":{"name":"findByLocationPredicate","decl":{"start":{"line":19,"column":11},"end":{"line":19,"column":34}},"loc":{"start":{"line":19,"column":59},"end":{"line":31,"column":3}}},"2":{"name":"findDeclarationNode","decl":{"start":{"line":38,"column":16},"end":{"line":38,"column":35}},"loc":{"start":{"line":38,"column":73},"end":{"line":90,"column":1}}},"3":{"name":"(anonymous_3)","decl":{"start":{"line":47,"column":24},"end":{"line":47,"column":25}},"loc":{"start":{"line":47,"column":29},"end":{"line":47,"column":47}}},"4":{"name":"(anonymous_4)","decl":{"start":{"line":60,"column":41},"end":{"line":60,"column":42}},"loc":{"start":{"line":60,"column":47},"end":{"line":60,"column":88}}},"5":{"name":"(anonymous_5)","decl":{"start":{"line":70,"column":41},"end":{"line":70,"column":42}},"loc":{"start":{"line":70,"column":47},"end":{"line":70,"column":88}}},"6":{"name":"containsNode","decl":{"start":{"line":92,"column":9},"end":{"line":92,"column":21}},"loc":{"start":{"line":92,"column":54},"end":{"line":105,"column":1}}},"7":{"name":"findAncestors","decl":{"start":{"line":107,"column":9},"end":{"line":107,"column":22}},"loc":{"start":{"line":107,"column":57},"end":{"line":128,"column":1}}},"8":{"name":"(anonymous_8)","decl":{"start":{"line":110,"column":16},"end":{"line":110,"column":17}},"loc":{"start":{"line":110,"column":56},"end":{"line":115,"column":5}}},"9":{"name":"(anonymous_9)","decl":{"start":{"line":121,"column":21},"end":{"line":121,"column":22}},"loc":{"start":{"line":121,"column":54},"end":{"line":125,"column":5}}}},"branchMap":{"0":{"loc":{"start":{"line":22,"column":4},"end":{"line":29,"column":5}},"type":"if","locations":[{"start":{"line":22,"column":4},"end":{"line":29,"column":5}},{"start":{"line":22,"column":4},"end":{"line":29,"column":5}}]},"1":{"loc":{"start":{"line":22,"column":8},"end":{"line":22,"column":16}},"type":"binary-expr","locations":[{"start":{"line":22,"column":8},"end":{"line":22,"column":16}},{"start":{"line":22,"column":20},"end":{"line":22,"column":28}}]},"2":{"loc":{"start":{"line":24,"column":8},"end":{"line":24,"column":33}},"type":"binary-expr","locations":[{"start":{"line":24,"column":8},"end":{"line":24,"column":33}},{"start":{"line":25,"column":8},"end":{"line":25,"column":40}},{"start":{"line":26,"column":8},"end":{"line":26,"column":43}},{"start":{"line":27,"column":8},"end":{"line":27,"column":41}}]},"3":{"loc":{"start":{"line":34,"column":14},"end":{"line":34,"column":8}},"type":"cond-expr","locations":[{"start":{"line":34,"column":14},"end":{"line":34,"column":8}},{"start":{"line":34,"column":9},"end":{"line":34,"column":34}}]},"4":{"loc":{"start":{"line":34,"column":9},"end":{"line":34,"column":14}},"type":"binary-expr","locations":[{"start":{"line":34,"column":9},"end":{"line":34,"column":14}},{"start":{"line":34,"column":9},"end":{"line":34,"column":14}}]},"5":{"loc":{"start":{"line":40,"column":2},"end":{"line":40,"column":34}},"type":"if","locations":[{"start":{"line":40,"column":2},"end":{"line":40,"column":34}},{"start":{"line":40,"column":2},"end":{"line":40,"column":34}}]},"6":{"loc":{"start":{"line":46,"column":8},"end":{"line":48,"column":9}},"type":"if","locations":[{"start":{"line":46,"column":8},"end":{"line":48,"column":9}},{"start":{"line":46,"column":8},"end":{"line":48,"column":9}}]},"7":{"loc":{"start":{"line":51,"column":8},"end":{"line":54,"column":9}},"type":"if","locations":[{"start":{"line":51,"column":8},"end":{"line":54,"column":9}},{"start":{"line":51,"column":8},"end":{"line":54,"column":9}}]},"8":{"loc":{"start":{"line":57,"column":8},"end":{"line":66,"column":9}},"type":"if","locations":[{"start":{"line":57,"column":8},"end":{"line":66,"column":9}},{"start":{"line":57,"column":8},"end":{"line":66,"column":9}}]},"9":{"loc":{"start":{"line":57,"column":12},"end":{"line":57,"column":19}},"type":"binary-expr","locations":[{"start":{"line":57,"column":12},"end":{"line":57,"column":19}},{"start":{"line":57,"column":24},"end":{"line":57,"column":71}}]},"10":{"loc":{"start":{"line":59,"column":15},"end":{"line":66,"column":9}},"type":"if","locations":[{"start":{"line":59,"column":15},"end":{"line":66,"column":9}},{"start":{"line":59,"column":15},"end":{"line":66,"column":9}}]},"11":{"loc":{"start":{"line":61,"column":10},"end":{"line":65,"column":11}},"type":"if","locations":[{"start":{"line":61,"column":10},"end":{"line":65,"column":11}},{"start":{"line":61,"column":10},"end":{"line":65,"column":11}}]},"12":{"loc":{"start":{"line":69,"column":8},"end":{"line":76,"column":9}},"type":"if","locations":[{"start":{"line":69,"column":8},"end":{"line":76,"column":9}},{"start":{"line":69,"column":8},"end":{"line":76,"column":9}}]},"13":{"loc":{"start":{"line":71,"column":10},"end":{"line":75,"column":11}},"type":"if","locations":[{"start":{"line":71,"column":10},"end":{"line":75,"column":11}},{"start":{"line":71,"column":10},"end":{"line":75,"column":11}}]},"14":{"loc":{"start":{"line":79,"column":8},"end":{"line":81,"column":9}},"type":"if","locations":[{"start":{"line":79,"column":8},"end":{"line":81,"column":9}},{"start":{"line":79,"column":8},"end":{"line":81,"column":9}}]},"15":{"loc":{"start":{"line":84,"column":4},"end":{"line":86,"column":5}},"type":"if","locations":[{"start":{"line":84,"column":4},"end":{"line":86,"column":5}},{"start":{"line":84,"column":4},"end":{"line":86,"column":5}}]},"16":{"loc":{"start":{"line":96,"column":4},"end":{"line":96,"column":12}},"type":"binary-expr","locations":[{"start":{"line":96,"column":4},"end":{"line":96,"column":12}},{"start":{"line":97,"column":4},"end":{"line":97,"column":12}},{"start":{"line":98,"column":6},"end":{"line":98,"column":49}},{"start":{"line":99,"column":6},"end":{"line":99,"column":45}},{"start":{"line":100,"column":6},"end":{"line":100,"column":52}},{"start":{"line":101,"column":6},"end":{"line":101,"column":48}},{"start":{"line":102,"column":7},"end":{"line":102,"column":48}},{"start":{"line":102,"column":52},"end":{"line":102,"column":90}},{"start":{"line":103,"column":7},"end":{"line":103,"column":49}},{"start":{"line":103,"column":53},"end":{"line":103,"column":90}}]},"17":{"loc":{"start":{"line":111,"column":6},"end":{"line":114,"column":7}},"type":"if","locations":[{"start":{"line":111,"column":6},"end":{"line":114,"column":7}},{"start":{"line":111,"column":6},"end":{"line":114,"column":7}}]},"18":{"loc":{"start":{"line":111,"column":10},"end":{"line":111,"column":39}},"type":"binary-expr","locations":[{"start":{"line":111,"column":10},"end":{"line":111,"column":39}},{"start":{"line":111,"column":43},"end":{"line":111,"column":70}}]},"19":{"loc":{"start":{"line":122,"column":6},"end":{"line":124,"column":7}},"type":"if","locations":[{"start":{"line":122,"column":6},"end":{"line":124,"column":7}},{"start":{"line":122,"column":6},"end":{"line":124,"column":7}}]},"20":{"loc":{"start":{"line":122,"column":10},"end":{"line":122,"column":39}},"type":"binary-expr","locations":[{"start":{"line":122,"column":10},"end":{"line":122,"column":39}},{"start":{"line":122,"column":43},"end":{"line":122,"column":70}}]}},"s":{"0":19,"1":363,"2":363,"3":363,"4":363,"5":0,"6":16,"7":16,"8":19,"9":15,"10":15,"11":0,"12":15,"13":15,"14":47,"15":11,"16":10,"17":15,"18":3,"19":2,"20":2,"21":7,"22":1,"23":6,"24":3,"25":1,"26":3,"27":1,"28":2,"29":1,"30":1,"31":1,"32":1,"33":1,"34":0,"35":15,"36":11,"37":47,"38":14,"39":1,"40":19,"41":21,"42":21,"43":21,"44":15,"45":15,"46":42,"47":13,"48":13,"49":44,"50":2,"51":15},"f":{"0":16,"1":363,"2":15,"3":15,"4":1,"5":1,"6":21,"7":15,"8":42,"9":44},"b":{"0":[363,0],"1":[363,363],"2":[363,139,27,25],"3":[1,15],"4":[16,16],"5":[0,15],"6":[10,1],"7":[2,1],"8":[1,6],"9":[7,7],"10":[3,3],"11":[1,2],"12":[1,0],"13":[1,0],"14":[11,4],"15":[14,33],"16":[21,21,21,2,0,0,21,19,7,7],"17":[13,29],"18":[42,31],"19":[2,42],"20":[44,27]}}
,"C:\\projects\\js-slang\\src\\index.ts": {"path":"C:\\projects\\js-slang\\src\\index.ts","statementMap":{"0":{"start":{"line":1,"column":0},"end":{"line":1,"column":44}},"1":{"start":{"line":3,"column":0},"end":{"line":3,"column":59}},"2":{"start":{"line":4,"column":0},"end":{"line":4,"column":65}},"3":{"start":{"line":5,"column":0},"end":{"line":5,"column":42}},"4":{"start":{"line":302,"column":2},"end":{"line":302,"column":15}},"5":{"start":{"line":6,"column":0},"end":{"line":11,"column":23}},"6":{"start":{"line":12,"column":0},"end":{"line":12,"column":63}},"7":{"start":{"line":13,"column":0},"end":{"line":13,"column":65}},"8":{"start":{"line":14,"column":0},"end":{"line":14,"column":51}},"9":{"start":{"line":15,"column":0},"end":{"line":15,"column":47}},"10":{"start":{"line":16,"column":0},"end":{"line":16,"column":65}},"11":{"start":{"line":17,"column":0},"end":{"line":17,"column":89}},"12":{"start":{"line":308,"column":2},"end":{"line":308,"column":26}},"13":{"start":{"line":307,"column":2},"end":{"line":307,"column":18}},"14":{"start":{"line":306,"column":2},"end":{"line":306,"column":16}},"15":{"start":{"line":18,"column":0},"end":{"line":18,"column":74}},"16":{"start":{"line":305,"column":2},"end":{"line":305,"column":21}},"17":{"start":{"line":19,"column":0},"end":{"line":19,"column":53}},"18":{"start":{"line":20,"column":0},"end":{"line":20,"column":57}},"19":{"start":{"line":21,"column":0},"end":{"line":21,"column":50}},"20":{"start":{"line":32,"column":0},"end":{"line":32,"column":53}},"21":{"start":{"line":33,"column":0},"end":{"line":33,"column":58}},"22":{"start":{"line":44,"column":34},"end":{"line":51,"column":1}},"23":{"start":{"line":55,"column":0},"end":{"line":57,"column":2}},"24":{"start":{"line":61,"column":20},"end":{"line":61,"column":25}},"25":{"start":{"line":62,"column":29},"end":{"line":62,"column":75}},"26":{"start":{"line":65,"column":27},"end":{"line":78,"column":4}},"27":{"start":{"line":66,"column":17},"end":{"line":66,"column":73}},"28":{"start":{"line":67,"column":19},"end":{"line":67,"column":77}},"29":{"start":{"line":68,"column":24},"end":{"line":68,"column":39}},"30":{"start":{"line":70,"column":4},"end":{"line":77,"column":5}},"31":{"start":{"line":73,"column":26},"end":{"line":73,"column":43}},"32":{"start":{"line":74,"column":6},"end":{"line":74,"column":79}},"33":{"start":{"line":76,"column":6},"end":{"line":76,"column":43}},"34":{"start":{"line":79,"column":2},"end":{"line":79,"column":36}},"35":{"start":{"line":64,"column":0},"end":{"line":80,"column":1}},"36":{"start":{"line":91,"column":28},"end":{"line":96,"column":3}},"37":{"start":{"line":97,"column":28},"end":{"line":97,"column":46}},"38":{"start":{"line":99,"column":18},"end":{"line":99,"column":31}},"39":{"start":{"line":100,"column":2},"end":{"line":102,"column":3}},"40":{"start":{"line":101,"column":4},"end":{"line":101,"column":20}},"41":{"start":{"line":105,"column":4},"end":{"line":105,"column":85}},"42":{"start":{"line":105,"column":54},"end":{"line":105,"column":84}},"43":{"start":{"line":108,"column":2},"end":{"line":121,"column":3}},"44":{"start":{"line":109,"column":4},"end":{"line":109,"column":71}},"45":{"start":{"line":110,"column":9},"end":{"line":121,"column":3}},"46":{"start":{"line":111,"column":4},"end":{"line":111,"column":73}},"47":{"start":{"line":114,"column":6},"end":{"line":119,"column":11}},"48":{"start":{"line":120,"column":4},"end":{"line":120,"column":46}},"49":{"start":{"line":124,"column":19},"end":{"line":124,"column":21}},"50":{"start":{"line":128,"column":2},"end":{"line":150,"column":3}},"51":{"start":{"line":129,"column":4},"end":{"line":146,"column":5}},"52":{"start":{"line":130,"column":6},"end":{"line":142,"column":7}},"53":{"start":{"line":131,"column":8},"end":{"line":131,"column":32}},"54":{"start":{"line":132,"column":13},"end":{"line":142,"column":7}},"55":{"start":{"line":133,"column":8},"end":{"line":133,"column":32}},"56":{"start":{"line":135,"column":34},"end":{"line":135,"column":39}},"57":{"start":{"line":136,"column":8},"end":{"line":140,"column":10}},"58":{"start":{"line":138,"column":12},"end":{"line":138,"column":38}},"59":{"start":{"line":141,"column":8},"end":{"line":141,"column":47}},"60":{"start":{"line":143,"column":6},"end":{"line":143,"column":75}},"61":{"start":{"line":145,"column":6},"end":{"line":145,"column":61}},"62":{"start":{"line":148,"column":4},"end":{"line":148,"column":62}},"63":{"start":{"line":149,"column":4},"end":{"line":149,"column":56}},"64":{"start":{"line":151,"column":2},"end":{"line":151,"column":25}},"65":{"start":{"line":159,"column":18},"end":{"line":159,"column":44}},"66":{"start":{"line":160,"column":2},"end":{"line":162,"column":3}},"67":{"start":{"line":161,"column":4},"end":{"line":161,"column":15}},"68":{"start":{"line":163,"column":25},"end":{"line":163,"column":66}},"69":{"start":{"line":164,"column":2},"end":{"line":166,"column":3}},"70":{"start":{"line":165,"column":4},"end":{"line":165,"column":15}},"71":{"start":{"line":167,"column":26},"end":{"line":167,"column":70}},"72":{"start":{"line":168,"column":2},"end":{"line":170,"column":3}},"73":{"start":{"line":169,"column":4},"end":{"line":169,"column":15}},"74":{"start":{"line":171,"column":2},"end":{"line":171,"column":28}},"75":{"start":{"line":154,"column":0},"end":{"line":172,"column":1}},"76":{"start":{"line":180,"column":38},"end":{"line":180,"column":57}},"77":{"start":{"line":182,"column":4},"end":{"line":184,"column":5}},"78":{"start":{"line":183,"column":6},"end":{"line":183,"column":70}},"79":{"start":{"line":186,"column":4},"end":{"line":186,"column":20}},"80":{"start":{"line":188,"column":18},"end":{"line":188,"column":65}},"81":{"start":{"line":189,"column":2},"end":{"line":189,"column":56}},"82":{"start":{"line":190,"column":2},"end":{"line":190,"column":21}},"83":{"start":{"line":192,"column":2},"end":{"line":192,"column":57}},"84":{"start":{"line":193,"column":18},"end":{"line":193,"column":38}},"85":{"start":{"line":194,"column":2},"end":{"line":196,"column":3}},"86":{"start":{"line":195,"column":4},"end":{"line":195,"column":31}},"87":{"start":{"line":197,"column":2},"end":{"line":197,"column":50}},"88":{"start":{"line":198,"column":2},"end":{"line":200,"column":3}},"89":{"start":{"line":199,"column":4},"end":{"line":199,"column":31}},"90":{"start":{"line":201,"column":2},"end":{"line":207,"column":3}},"91":{"start":{"line":202,"column":18},"end":{"line":202,"column":54}},"92":{"start":{"line":203,"column":4},"end":{"line":206,"column":16}},"93":{"start":{"line":208,"column":27},"end":{"line":208,"column":81}},"94":{"start":{"line":209,"column":2},"end":{"line":214,"column":3}},"95":{"start":{"line":210,"column":20},"end":{"line":210,"column":35}},"96":{"start":{"line":211,"column":4},"end":{"line":211,"column":26}},"97":{"start":{"line":212,"column":4},"end":{"line":212,"column":49}},"98":{"start":{"line":213,"column":4},"end":{"line":213,"column":47}},"99":{"start":{"line":215,"column":2},"end":{"line":283,"column":3}},"100":{"start":{"line":216,"column":4},"end":{"line":220,"column":5}},"101":{"start":{"line":217,"column":6},"end":{"line":217,"column":77}},"102":{"start":{"line":219,"column":6},"end":{"line":219,"column":69}},"103":{"start":{"line":221,"column":4},"end":{"line":221,"column":23}},"104":{"start":{"line":225,"column":4},"end":{"line":273,"column":5}},"105":{"start":{"line":226,"column":19},"end":{"line":226,"column":89}},"106":{"start":{"line":228,"column":6},"end":{"line":228,"column":34}},"107":{"start":{"line":229,"column":6},"end":{"line":229,"column":34}},"108":{"start":{"line":230,"column":6},"end":{"line":230,"column":47}},"109":{"start":{"line":231,"column":6},"end":{"line":234,"column":18}},"110":{"start":{"line":236,"column":6},"end":{"line":239,"column":7}},"111":{"start":{"line":237,"column":8},"end":{"line":237,"column":34}},"112":{"start":{"line":238,"column":8},"end":{"line":238,"column":35}},"113":{"start":{"line":240,"column":6},"end":{"line":248,"column":7}},"114":{"start":{"line":242,"column":8},"end":{"line":247,"column":9}},"115":{"start":{"line":243,"column":10},"end":{"line":243,"column":36}},"116":{"start":{"line":244,"column":10},"end":{"line":244,"column":37}},"117":{"start":{"line":246,"column":10},"end":{"line":246,"column":29}},"118":{"start":{"line":249,"column":25},"end":{"line":249,"column":36}},"119":{"start":{"line":250,"column":20},"end":{"line":250,"column":62}},"120":{"start":{"line":251,"column":6},"end":{"line":254,"column":7}},"121":{"start":{"line":252,"column":8},"end":{"line":252,"column":72}},"122":{"start":{"line":253,"column":8},"end":{"line":253,"column":35}},"123":{"start":{"line":255,"column":19},"end":{"line":255,"column":36}},"124":{"start":{"line":256,"column":21},"end":{"line":256,"column":38}},"125":{"start":{"line":257,"column":6},"end":{"line":272,"column":7}},"126":{"start":{"line":261,"column":71},"end":{"line":266,"column":11}},"127":{"start":{"line":267,"column":10},"end":{"line":269,"column":11}},"128":{"start":{"line":270,"column":10},"end":{"line":270,"column":37}},"129":{"start":{"line":275,"column":15},"end":{"line":275,"column":41}},"130":{"start":{"line":277,"column":4},"end":{"line":281,"column":5}},"131":{"start":{"line":278,"column":6},"end":{"line":278,"column":38}},"132":{"start":{"line":280,"column":6},"end":{"line":280,"column":59}},"133":{"start":{"line":282,"column":4},"end":{"line":282,"column":37}},"134":{"start":{"line":174,"column":0},"end":{"line":284,"column":1}},"135":{"start":{"line":287,"column":2},"end":{"line":291,"column":3}},"136":{"start":{"line":288,"column":4},"end":{"line":288,"column":17}},"137":{"start":{"line":290,"column":4},"end":{"line":290,"column":58}},"138":{"start":{"line":286,"column":0},"end":{"line":292,"column":1}},"139":{"start":{"line":295,"column":28},"end":{"line":295,"column":97}},"140":{"start":{"line":296,"column":2},"end":{"line":296,"column":52}},"141":{"start":{"line":297,"column":2},"end":{"line":297,"column":35}},"142":{"start":{"line":298,"column":2},"end":{"line":298,"column":69}},"143":{"start":{"line":294,"column":0},"end":{"line":299,"column":1}}},"fnMap":{"0":{"name":"parseError","decl":{"start":{"line":64,"column":16},"end":{"line":64,"column":26}},"loc":{"start":{"line":64,"column":82},"end":{"line":80,"column":1}}},"1":{"name":"(anonymous_8)","decl":{"start":{"line":65,"column":38},"end":{"line":65,"column":42}},"loc":{"start":{"line":65,"column":46},"end":{"line":78,"column":3}}},"2":{"name":"convertNativeErrorToSourceError","decl":{"start":{"line":82,"column":9},"end":{"line":82,"column":40}},"loc":{"start":{"line":86,"column":21},"end":{"line":122,"column":1}}},"3":{"name":"messageContains","decl":{"start":{"line":104,"column":11},"end":{"line":104,"column":26}},"loc":{"start":{"line":104,"column":58},"end":{"line":106,"column":3}}},"4":{"name":"(anonymous_11)","decl":{"start":{"line":105,"column":38},"end":{"line":105,"column":49}},"loc":{"start":{"line":105,"column":54},"end":{"line":105,"column":84}}},"5":{"name":"determineExecutionMethod","decl":{"start":{"line":126,"column":9},"end":{"line":126,"column":33}},"loc":{"start":{"line":126,"column":90},"end":{"line":152,"column":1}}},"6":{"name":"findDeclaration","decl":{"start":{"line":154,"column":16},"end":{"line":154,"column":31}},"loc":{"start":{"line":157,"column":39},"end":{"line":172,"column":1}}},"7":{"name":"runInContext","decl":{"start":{"line":174,"column":22},"end":{"line":174,"column":34}},"loc":{"start":{"line":177,"column":33},"end":{"line":284,"column":1}}},"8":{"name":"getFirstLine","decl":{"start":{"line":179,"column":11},"end":{"line":179,"column":23}},"loc":{"start":{"line":179,"column":39},"end":{"line":187,"column":3}}},"9":{"name":"(anonymous_17)","decl":{"start":{"line":260,"column":8},"end":{"line":260,"column":15}},"loc":{"start":{"line":260,"column":19},"end":{"line":271,"column":9}}},"10":{"name":"resume","decl":{"start":{"line":286,"column":16},"end":{"line":286,"column":22}},"loc":{"start":{"line":286,"column":37},"end":{"line":292,"column":1}}},"11":{"name":"interrupt","decl":{"start":{"line":294,"column":16},"end":{"line":294,"column":25}},"loc":{"start":{"line":294,"column":42},"end":{"line":299,"column":1}}}},"branchMap":{"0":{"loc":{"start":{"line":64,"column":69},"end":{"line":64,"column":82}},"type":"default-arg","locations":[{"start":{"line":64,"column":69},"end":{"line":64,"column":82}}]},"1":{"loc":{"start":{"line":66,"column":34},"end":{"line":66,"column":59}},"type":"cond-expr","locations":[{"start":{"line":66,"column":34},"end":{"line":66,"column":59}},{"start":{"line":66,"column":62},"end":{"line":66,"column":73}}]},"2":{"loc":{"start":{"line":67,"column":36},"end":{"line":67,"column":63}},"type":"cond-expr","locations":[{"start":{"line":67,"column":36},"end":{"line":67,"column":63}},{"start":{"line":67,"column":66},"end":{"line":67,"column":77}}]},"3":{"loc":{"start":{"line":70,"column":4},"end":{"line":77,"column":5}},"type":"if","locations":[{"start":{"line":70,"column":4},"end":{"line":77,"column":5}},{"start":{"line":70,"column":4},"end":{"line":77,"column":5}}]},"4":{"loc":{"start":{"line":100,"column":2},"end":{"line":102,"column":3}},"type":"if","locations":[{"start":{"line":100,"column":2},"end":{"line":102,"column":3}},{"start":{"line":100,"column":2},"end":{"line":102,"column":3}}]},"5":{"loc":{"start":{"line":108,"column":2},"end":{"line":121,"column":3}},"type":"if","locations":[{"start":{"line":108,"column":2},"end":{"line":121,"column":3}},{"start":{"line":108,"column":2},"end":{"line":121,"column":3}}]},"6":{"loc":{"start":{"line":110,"column":9},"end":{"line":121,"column":3}},"type":"if","locations":[{"start":{"line":110,"column":9},"end":{"line":121,"column":3}},{"start":{"line":110,"column":9},"end":{"line":121,"column":3}}]},"7":{"loc":{"start":{"line":115,"column":10},"end":{"line":115,"column":26}},"type":"cond-expr","locations":[{"start":{"line":115,"column":10},"end":{"line":115,"column":26}},{"start":{"line":116,"column":10},"end":{"line":119,"column":11}}]},"8":{"loc":{"start":{"line":114,"column":6},"end":{"line":114,"column":19}},"type":"binary-expr","locations":[{"start":{"line":114,"column":6},"end":{"line":114,"column":19}},{"start":{"line":114,"column":23},"end":{"line":114,"column":38}}]},"9":{"loc":{"start":{"line":128,"column":2},"end":{"line":150,"column":3}},"type":"if","locations":[{"start":{"line":128,"column":2},"end":{"line":150,"column":3}},{"start":{"line":128,"column":2},"end":{"line":150,"column":3}}]},"10":{"loc":{"start":{"line":129,"column":4},"end":{"line":146,"column":5}},"type":"if","locations":[{"start":{"line":129,"column":4},"end":{"line":146,"column":5}},{"start":{"line":129,"column":4},"end":{"line":146,"column":5}}]},"11":{"loc":{"start":{"line":130,"column":6},"end":{"line":142,"column":7}},"type":"if","locations":[{"start":{"line":130,"column":6},"end":{"line":142,"column":7}},{"start":{"line":130,"column":6},"end":{"line":142,"column":7}}]},"12":{"loc":{"start":{"line":132,"column":13},"end":{"line":142,"column":7}},"type":"if","locations":[{"start":{"line":132,"column":13},"end":{"line":142,"column":7}},{"start":{"line":132,"column":13},"end":{"line":142,"column":7}}]},"13":{"loc":{"start":{"line":143,"column":51},"end":{"line":143,"column":59}},"type":"cond-expr","locations":[{"start":{"line":143,"column":51},"end":{"line":143,"column":59}},{"start":{"line":143,"column":62},"end":{"line":143,"column":75}}]},"14":{"loc":{"start":{"line":160,"column":2},"end":{"line":162,"column":3}},"type":"if","locations":[{"start":{"line":160,"column":2},"end":{"line":162,"column":3}},{"start":{"line":160,"column":2},"end":{"line":162,"column":3}}]},"15":{"loc":{"start":{"line":164,"column":2},"end":{"line":166,"column":3}},"type":"if","locations":[{"start":{"line":164,"column":2},"end":{"line":166,"column":3}},{"start":{"line":164,"column":2},"end":{"line":166,"column":3}}]},"16":{"loc":{"start":{"line":168,"column":2},"end":{"line":170,"column":3}},"type":"if","locations":[{"start":{"line":168,"column":2},"end":{"line":170,"column":3}},{"start":{"line":168,"column":2},"end":{"line":170,"column":3}}]},"17":{"loc":{"start":{"line":168,"column":6},"end":{"line":168,"column":22}},"type":"binary-expr","locations":[{"start":{"line":168,"column":6},"end":{"line":168,"column":22}},{"start":{"line":168,"column":26},"end":{"line":168,"column":60}}]},"18":{"loc":{"start":{"line":177,"column":31},"end":{"line":177,"column":33}},"type":"default-arg","locations":[{"start":{"line":177,"column":31},"end":{"line":177,"column":33}}]},"19":{"loc":{"start":{"line":182,"column":4},"end":{"line":184,"column":5}},"type":"if","locations":[{"start":{"line":182,"column":4},"end":{"line":184,"column":5}},{"start":{"line":182,"column":4},"end":{"line":184,"column":5}}]},"20":{"loc":{"start":{"line":182,"column":8},"end":{"line":182,"column":33}},"type":"binary-expr","locations":[{"start":{"line":182,"column":8},"end":{"line":182,"column":33}},{"start":{"line":182,"column":37},"end":{"line":182,"column":81}}]},"21":{"loc":{"start":{"line":194,"column":2},"end":{"line":196,"column":3}},"type":"if","locations":[{"start":{"line":194,"column":2},"end":{"line":196,"column":3}},{"start":{"line":194,"column":2},"end":{"line":196,"column":3}}]},"22":{"loc":{"start":{"line":198,"column":2},"end":{"line":200,"column":3}},"type":"if","locations":[{"start":{"line":198,"column":2},"end":{"line":200,"column":3}},{"start":{"line":198,"column":2},"end":{"line":200,"column":3}}]},"23":{"loc":{"start":{"line":201,"column":2},"end":{"line":207,"column":3}},"type":"if","locations":[{"start":{"line":201,"column":2},"end":{"line":207,"column":3}},{"start":{"line":201,"column":2},"end":{"line":207,"column":3}}]},"24":{"loc":{"start":{"line":209,"column":2},"end":{"line":214,"column":3}},"type":"if","locations":[{"start":{"line":209,"column":2},"end":{"line":214,"column":3}},{"start":{"line":209,"column":2},"end":{"line":214,"column":3}}]},"25":{"loc":{"start":{"line":215,"column":2},"end":{"line":283,"column":3}},"type":"if","locations":[{"start":{"line":215,"column":2},"end":{"line":283,"column":3}},{"start":{"line":215,"column":2},"end":{"line":283,"column":3}}]},"26":{"loc":{"start":{"line":216,"column":4},"end":{"line":220,"column":5}},"type":"if","locations":[{"start":{"line":216,"column":4},"end":{"line":220,"column":5}},{"start":{"line":216,"column":4},"end":{"line":220,"column":5}}]},"27":{"loc":{"start":{"line":236,"column":6},"end":{"line":239,"column":7}},"type":"if","locations":[{"start":{"line":236,"column":6},"end":{"line":239,"column":7}},{"start":{"line":236,"column":6},"end":{"line":239,"column":7}}]},"28":{"loc":{"start":{"line":240,"column":6},"end":{"line":248,"column":7}},"type":"if","locations":[{"start":{"line":240,"column":6},"end":{"line":248,"column":7}},{"start":{"line":240,"column":6},"end":{"line":248,"column":7}}]},"29":{"loc":{"start":{"line":242,"column":8},"end":{"line":247,"column":9}},"type":"if","locations":[{"start":{"line":242,"column":8},"end":{"line":247,"column":9}},{"start":{"line":242,"column":8},"end":{"line":247,"column":9}}]},"30":{"loc":{"start":{"line":251,"column":6},"end":{"line":254,"column":7}},"type":"if","locations":[{"start":{"line":251,"column":6},"end":{"line":254,"column":7}},{"start":{"line":251,"column":6},"end":{"line":254,"column":7}}]},"31":{"loc":{"start":{"line":258,"column":21},"end":{"line":258,"column":48}},"type":"cond-expr","locations":[{"start":{"line":258,"column":21},"end":{"line":258,"column":48}},{"start":{"line":258,"column":51},"end":{"line":258,"column":65}}]},"32":{"loc":{"start":{"line":277,"column":4},"end":{"line":281,"column":5}},"type":"if","locations":[{"start":{"line":277,"column":4},"end":{"line":281,"column":5}},{"start":{"line":277,"column":4},"end":{"line":281,"column":5}}]},"33":{"loc":{"start":{"line":287,"column":2},"end":{"line":291,"column":3}},"type":"if","locations":[{"start":{"line":287,"column":2},"end":{"line":291,"column":3}},{"start":{"line":287,"column":2},"end":{"line":291,"column":3}}]},"34":{"loc":{"start":{"line":287,"column":6},"end":{"line":287,"column":34}},"type":"binary-expr","locations":[{"start":{"line":287,"column":6},"end":{"line":287,"column":34}},{"start":{"line":287,"column":38},"end":{"line":287,"column":63}}]}},"s":{"0":19,"1":19,"2":19,"3":19,"4":19,"5":19,"6":19,"7":19,"8":19,"9":19,"10":19,"11":19,"12":19,"13":19,"14":19,"15":19,"16":19,"17":19,"18":19,"19":19,"20":19,"21":19,"22":19,"23":19,"24":19,"25":19,"26":909,"27":376,"28":376,"29":376,"30":376,"31":94,"32":94,"33":282,"34":909,"35":19,"36":1,"37":1,"38":1,"39":1,"40":1,"41":2,"42":5,"43":1,"44":0,"45":1,"46":0,"47":1,"48":1,"49":19,"50":1699,"51":61,"52":20,"53":0,"54":20,"55":10,"56":10,"57":10,"58":7,"59":10,"60":20,"61":41,"62":1638,"63":1638,"64":1699,"65":16,"66":16,"67":0,"68":16,"69":16,"70":1,"71":15,"72":15,"73":1,"74":14,"75":19,"76":1860,"77":1860,"78":111,"79":1749,"80":1860,"81":1860,"82":1860,"83":1860,"84":1860,"85":1860,"86":153,"87":1707,"88":1707,"89":8,"90":1699,"91":0,"92":0,"93":1699,"94":1699,"95":480,"96":480,"97":480,"98":480,"99":1219,"100":516,"101":4,"102":512,"103":516,"104":516,"105":516,"106":516,"107":516,"108":516,"109":516,"110":52,"111":33,"112":33,"113":19,"114":19,"115":18,"116":18,"117":1,"118":1,"119":1,"120":1,"121":0,"122":0,"123":1,"124":1,"125":1,"126":1,"127":1,"128":1,"129":703,"130":703,"131":0,"132":703,"133":703,"134":19,"135":15,"136":0,"137":15,"138":19,"139":0,"140":0,"141":0,"142":0,"143":19},"f":{"0":909,"1":376,"2":1,"3":2,"4":5,"5":1699,"6":16,"7":1860,"8":1860,"9":1,"10":15,"11":0},"b":{"0":[909],"1":[376,0],"2":[376,0],"3":[94,282],"4":[1,0],"5":[0,1],"6":[0,1],"7":[1,0],"8":[1,0],"9":[61,1638],"10":[20,41],"11":[0,20],"12":[10,10],"13":[3,17],"14":[0,16],"15":[1,15],"16":[1,14],"17":[15,14],"18":[4],"19":[111,1749],"20":[1860,1737],"21":[153,1707],"22":[8,1699],"23":[0,1699],"24":[480,1219],"25":[516,703],"26":[4,512],"27":[33,19],"28":[19,0],"29":[18,1],"30":[0,1],"31":[0,1],"32":[0,703],"33":[0,15],"34":[15,15]}}
,"C:\\projects\\js-slang\\src\\schedulers.ts": {"path":"C:\\projects\\js-slang\\src\\schedulers.ts","statementMap":{"0":{"start":{"line":2,"column":0},"end":{"line":2,"column":58}},"1":{"start":{"line":3,"column":0},"end":{"line":3,"column":45}},"2":{"start":{"line":8,"column":4},"end":{"line":34,"column":6}},"3":{"start":{"line":9,"column":6},"end":{"line":9,"column":38}},"4":{"start":{"line":10,"column":20},"end":{"line":10,"column":29}},"5":{"start":{"line":11,"column":6},"end":{"line":23,"column":7}},"6":{"start":{"line":12,"column":8},"end":{"line":18,"column":9}},"7":{"start":{"line":13,"column":10},"end":{"line":13,"column":29}},"8":{"start":{"line":14,"column":10},"end":{"line":17,"column":11}},"9":{"start":{"line":15,"column":12},"end":{"line":15,"column":40}},"10":{"start":{"line":16,"column":12},"end":{"line":16,"column":31}},"11":{"start":{"line":20,"column":8},"end":{"line":20,"column":36}},"12":{"start":{"line":22,"column":8},"end":{"line":22,"column":41}},"13":{"start":{"line":24,"column":6},"end":{"line":33,"column":7}},"14":{"start":{"line":25,"column":8},"end":{"line":30,"column":10}},"15":{"start":{"line":32,"column":8},"end":{"line":32,"column":70}},"16":{"start":{"line":6,"column":0},"end":{"line":36,"column":1}},"17":{"start":{"line":39,"column":21},"end":{"line":39,"column":34}},"18":{"start":{"line":42,"column":4},"end":{"line":97,"column":6}},"19":{"start":{"line":43,"column":6},"end":{"line":43,"column":38}},"20":{"start":{"line":46,"column":35},"end":{"line":46,"column":40}},"21":{"start":{"line":47,"column":20},"end":{"line":47,"column":29}},"22":{"start":{"line":48,"column":31},"end":{"line":96,"column":8}},"23":{"start":{"line":49,"column":19},"end":{"line":49,"column":20}},"24":{"start":{"line":50,"column":8},"end":{"line":81,"column":9}},"25":{"start":{"line":51,"column":10},"end":{"line":59,"column":11}},"26":{"start":{"line":52,"column":12},"end":{"line":52,"column":18}},"27":{"start":{"line":53,"column":12},"end":{"line":53,"column":31}},"28":{"start":{"line":55,"column":12},"end":{"line":55,"column":79}},"29":{"start":{"line":56,"column":12},"end":{"line":58,"column":13}},"30":{"start":{"line":57,"column":14},"end":{"line":57,"column":33}},"31":{"start":{"line":60,"column":10},"end":{"line":60,"column":38}},"32":{"start":{"line":62,"column":10},"end":{"line":77,"column":11}},"33":{"start":{"line":63,"column":33},"end":{"line":63,"column":61}},"34":{"start":{"line":64,"column":32},"end":{"line":64,"column":34}},"35":{"start":{"line":65,"column":26},"end":{"line":65,"column":27}},"36":{"start":{"line":66,"column":12},"end":{"line":75,"column":13}},"37":{"start":{"line":71,"column":14},"end":{"line":74,"column":15}},"38":{"start":{"line":72,"column":16},"end":{"line":72,"column":62}},"39":{"start":{"line":73,"column":16},"end":{"line":73,"column":25}},"40":{"start":{"line":76,"column":12},"end":{"line":76,"column":96}},"41":{"start":{"line":78,"column":10},"end":{"line":78,"column":43}},"42":{"start":{"line":79,"column":10},"end":{"line":79,"column":33}},"43":{"start":{"line":80,"column":10},"end":{"line":80,"column":38}},"44":{"start":{"line":82,"column":8},"end":{"line":95,"column":9}},"45":{"start":{"line":83,"column":10},"end":{"line":83,"column":43}},"46":{"start":{"line":84,"column":10},"end":{"line":84,"column":33}},"47":{"start":{"line":85,"column":10},"end":{"line":94,"column":11}},"48":{"start":{"line":86,"column":12},"end":{"line":91,"column":14}},"49":{"start":{"line":93,"column":12},"end":{"line":93,"column":74}},"50":{"start":{"line":38,"column":0},"end":{"line":99,"column":1}}},"fnMap":{"0":{"name":"(anonymous_0)","decl":{"start":{"line":7,"column":9},"end":{"line":7,"column":11}},"loc":{"start":{"line":7,"column":58},"end":{"line":35,"column":3}}},"1":{"name":"(anonymous_1)","decl":{"start":{"line":8,"column":23},"end":{"line":8,"column":24}},"loc":{"start":{"line":8,"column":43},"end":{"line":34,"column":5}}},"2":{"name":"(anonymous_2)","decl":{"start":{"line":39,"column":2},"end":{"line":39,"column":20}},"loc":{"start":{"line":39,"column":34},"end":{"line":39,"column":38}}},"3":{"name":"(anonymous_3)","decl":{"start":{"line":41,"column":9},"end":{"line":41,"column":11}},"loc":{"start":{"line":41,"column":58},"end":{"line":98,"column":3}}},"4":{"name":"(anonymous_4)","decl":{"start":{"line":42,"column":23},"end":{"line":42,"column":24}},"loc":{"start":{"line":42,"column":43},"end":{"line":97,"column":5}}},"5":{"name":"(anonymous_5)","decl":{"start":{"line":48,"column":43},"end":{"line":48,"column":45}},"loc":{"start":{"line":48,"column":48},"end":{"line":96,"column":7}}}},"branchMap":{"0":{"loc":{"start":{"line":14,"column":10},"end":{"line":17,"column":11}},"type":"if","locations":[{"start":{"line":14,"column":10},"end":{"line":17,"column":11}},{"start":{"line":14,"column":10},"end":{"line":17,"column":11}}]},"1":{"loc":{"start":{"line":24,"column":6},"end":{"line":33,"column":7}},"type":"if","locations":[{"start":{"line":24,"column":6},"end":{"line":33,"column":7}},{"start":{"line":24,"column":6},"end":{"line":33,"column":7}}]},"2":{"loc":{"start":{"line":51,"column":17},"end":{"line":51,"column":30}},"type":"binary-expr","locations":[{"start":{"line":51,"column":17},"end":{"line":51,"column":30}},{"start":{"line":51,"column":34},"end":{"line":51,"column":51}}]},"3":{"loc":{"start":{"line":55,"column":28},"end":{"line":55,"column":49}},"type":"binary-expr","locations":[{"start":{"line":55,"column":28},"end":{"line":55,"column":49}},{"start":{"line":55,"column":53},"end":{"line":55,"column":79}}]},"4":{"loc":{"start":{"line":56,"column":12},"end":{"line":58,"column":13}},"type":"if","locations":[{"start":{"line":56,"column":12},"end":{"line":58,"column":13}},{"start":{"line":56,"column":12},"end":{"line":58,"column":13}}]},"5":{"loc":{"start":{"line":62,"column":10},"end":{"line":77,"column":11}},"type":"if","locations":[{"start":{"line":62,"column":10},"end":{"line":77,"column":11}},{"start":{"line":62,"column":10},"end":{"line":77,"column":11}}]},"6":{"loc":{"start":{"line":68,"column":14},"end":{"line":68,"column":67}},"type":"binary-expr","locations":[{"start":{"line":68,"column":14},"end":{"line":68,"column":67}},{"start":{"line":68,"column":71},"end":{"line":68,"column":94}}]},"7":{"loc":{"start":{"line":71,"column":14},"end":{"line":74,"column":15}},"type":"if","locations":[{"start":{"line":71,"column":14},"end":{"line":74,"column":15}},{"start":{"line":71,"column":14},"end":{"line":74,"column":15}}]},"8":{"loc":{"start":{"line":82,"column":8},"end":{"line":95,"column":9}},"type":"if","locations":[{"start":{"line":82,"column":8},"end":{"line":95,"column":9}},{"start":{"line":82,"column":8},"end":{"line":95,"column":9}}]},"9":{"loc":{"start":{"line":85,"column":10},"end":{"line":94,"column":11}},"type":"if","locations":[{"start":{"line":85,"column":10},"end":{"line":94,"column":11}},{"start":{"line":85,"column":10},"end":{"line":94,"column":11}}]}},"s":{"0":24,"1":24,"2":0,"3":0,"4":0,"5":0,"6":0,"7":0,"8":0,"9":0,"10":0,"11":0,"12":0,"13":0,"14":0,"15":0,"16":24,"17":703,"18":718,"19":718,"20":718,"21":718,"22":718,"23":2065,"24":2065,"25":2065,"26":1393240,"27":1393240,"28":1393125,"29":1393125,"30":27,"31":1950,"32":115,"33":11,"34":11,"35":11,"36":11,"37":35,"38":30,"39":30,"40":11,"41":115,"42":115,"43":115,"44":2065,"45":603,"46":603,"47":603,"48":27,"49":576,"50":24},"f":{"0":0,"1":0,"2":703,"3":718,"4":718,"5":2065},"b":{"0":[0,0],"1":[0,0],"2":[1395190,1394587],"3":[1393125,27],"4":[27,1393098],"5":[11,104],"6":[46,36],"7":[30,5],"8":[603,1462],"9":[27,576]}}
,"C:\\projects\\js-slang\\src\\scoped-vars.ts": {"path":"C:\\projects\\js-slang\\src\\scoped-vars.ts","statementMap":{"0":{"start":{"line":1,"column":0},"end":{"line":1,"column":44}},"1":{"start":{"line":10,"column":2},"end":{"line":12,"column":3}},"2":{"start":{"line":11,"column":4},"end":{"line":11,"column":53}},"3":{"start":{"line":14,"column":28},"end":{"line":20,"column":3}},"4":{"start":{"line":21,"column":31},"end":{"line":24,"column":5}},"5":{"start":{"line":25,"column":26},"end":{"line":25,"column":58}},"6":{"start":{"line":26,"column":24},"end":{"line":26,"column":54}},"7":{"start":{"line":27,"column":23},"end":{"line":27,"column":52}},"8":{"start":{"line":28,"column":26},"end":{"line":28,"column":58}},"9":{"start":{"line":29,"column":31},"end":{"line":29,"column":68}},"10":{"start":{"line":30,"column":29},"end":{"line":32,"column":31}},"11":{"start":{"line":31,"column":4},"end":{"line":31,"column":36}},"12":{"start":{"line":34,"column":55},"end":{"line":34,"column":57}},"13":{"start":{"line":35,"column":2},"end":{"line":41,"column":4}},"14":{"start":{"line":37,"column":6},"end":{"line":39,"column":7}},"15":{"start":{"line":38,"column":8},"end":{"line":38,"column":33}},"16":{"start":{"line":43,"column":27},"end":{"line":43,"column":58}},"17":{"start":{"line":44,"column":30},"end":{"line":44,"column":67}},"18":{"start":{"line":45,"column":28},"end":{"line":45,"column":88}},"19":{"start":{"line":45,"column":59},"end":{"line":45,"column":87}},"20":{"start":{"line":47,"column":31},"end":{"line":49,"column":84}},"21":{"start":{"line":48,"column":25},"end":{"line":48,"column":58}},"22":{"start":{"line":49,"column":48},"end":{"line":49,"column":83}},"23":{"start":{"line":50,"column":34},"end":{"line":50,"column":97}},"24":{"start":{"line":50,"column":74},"end":{"line":50,"column":96}},"25":{"start":{"line":51,"column":28},"end":{"line":51,"column":85}},"26":{"start":{"line":51,"column":68},"end":{"line":51,"column":84}},"27":{"start":{"line":53,"column":34},"end":{"line":55,"column":3}},"28":{"start":{"line":54,"column":4},"end":{"line":54,"column":39}},"29":{"start":{"line":56,"column":34},"end":{"line":58,"column":3}},"30":{"start":{"line":57,"column":4},"end":{"line":57,"column":39}},"31":{"start":{"line":59,"column":21},"end":{"line":59,"column":80}},"32":{"start":{"line":59,"column":54},"end":{"line":59,"column":79}},"33":{"start":{"line":60,"column":27},"end":{"line":60,"column":89}},"34":{"start":{"line":60,"column":59},"end":{"line":60,"column":88}},"35":{"start":{"line":64,"column":2},"end":{"line":75,"column":3}},"36":{"start":{"line":77,"column":2},"end":{"line":87,"column":3}},"37":{"start":{"line":88,"column":2},"end":{"line":88,"column":32}},"38":{"start":{"line":90,"column":2},"end":{"line":90,"column":14}},"39":{"start":{"line":5,"column":0},"end":{"line":91,"column":1}},"40":{"start":{"line":94,"column":2},"end":{"line":100,"column":3}},"41":{"start":{"line":93,"column":0},"end":{"line":101,"column":1}},"42":{"start":{"line":109,"column":21},"end":{"line":114,"column":3}},"43":{"start":{"line":115,"column":21},"end":{"line":120,"column":5}},"44":{"start":{"line":115,"column":64},"end":{"line":120,"column":3}},"45":{"start":{"line":122,"column":15},"end":{"line":122,"column":50}},"46":{"start":{"line":124,"column":2},"end":{"line":124,"column":51}},"47":{"start":{"line":126,"column":2},"end":{"line":126,"column":29}},"48":{"start":{"line":103,"column":0},"end":{"line":127,"column":1}},"49":{"start":{"line":130,"column":2},"end":{"line":137,"column":3}},"50":{"start":{"line":141,"column":17},"end":{"line":146,"column":5}},"51":{"start":{"line":141,"column":43},"end":{"line":146,"column":3}},"52":{"start":{"line":151,"column":4},"end":{"line":160,"column":9}},"53":{"start":{"line":162,"column":2},"end":{"line":162,"column":47}},"54":{"start":{"line":163,"column":2},"end":{"line":163,"column":13}},"55":{"start":{"line":167,"column":23},"end":{"line":167,"column":64}},"56":{"start":{"line":167,"column":41},"end":{"line":167,"column":63}},"57":{"start":{"line":168,"column":2},"end":{"line":168,"column":56}},"58":{"start":{"line":168,"column":39},"end":{"line":168,"column":51}},"59":{"start":{"line":172,"column":16},"end":{"line":172,"column":52}},"60":{"start":{"line":173,"column":2},"end":{"line":179,"column":3}},"61":{"start":{"line":174,"column":4},"end":{"line":174,"column":34}},"62":{"start":{"line":176,"column":4},"end":{"line":178,"column":86}},"63":{"start":{"line":183,"column":2},"end":{"line":183,"column":74}},"64":{"start":{"line":183,"column":27},"end":{"line":183,"column":73}},"65":{"start":{"line":188,"column":20},"end":{"line":195,"column":8}},"66":{"start":{"line":189,"column":94},"end":{"line":194,"column":7}},"67":{"start":{"line":196,"column":16},"end":{"line":196,"column":72}},"68":{"start":{"line":199,"column":2},"end":{"line":199,"column":52}},"69":{"start":{"line":200,"column":2},"end":{"line":200,"column":14}},"70":{"start":{"line":214,"column":2},"end":{"line":216,"column":3}},"71":{"start":{"line":215,"column":4},"end":{"line":215,"column":20}},"72":{"start":{"line":218,"column":19},"end":{"line":229,"column":5}},"73":{"start":{"line":218,"column":49},"end":{"line":218,"column":69}},"74":{"start":{"line":219,"column":21},"end":{"line":219,"column":48}},"75":{"start":{"line":222,"column":22},"end":{"line":222,"column":76}},"76":{"start":{"line":225,"column":6},"end":{"line":228,"column":15}},"77":{"start":{"line":231,"column":2},"end":{"line":231,"column":90}},"78":{"start":{"line":232,"column":25},"end":{"line":234,"column":81}},"79":{"start":{"line":234,"column":21},"end":{"line":234,"column":80}},"80":{"start":{"line":236,"column":2},"end":{"line":238,"column":3}},"81":{"start":{"line":237,"column":4},"end":{"line":237,"column":95}},"82":{"start":{"line":240,"column":2},"end":{"line":249,"column":23}},"83":{"start":{"line":204,"column":0},"end":{"line":250,"column":1}},"84":{"start":{"line":261,"column":21},"end":{"line":261,"column":44}},"85":{"start":{"line":263,"column":18},"end":{"line":263,"column":82}},"86":{"start":{"line":264,"column":2},"end":{"line":266,"column":3}},"87":{"start":{"line":265,"column":4},"end":{"line":265,"column":13}},"88":{"start":{"line":267,"column":17},"end":{"line":267,"column":28}},"89":{"start":{"line":268,"column":16},"end":{"line":268,"column":51}},"90":{"start":{"line":269,"column":22},"end":{"line":269,"column":56}},"91":{"start":{"line":271,"column":23},"end":{"line":271,"column":58}},"92":{"start":{"line":272,"column":21},"end":{"line":276,"column":3}},"93":{"start":{"line":277,"column":34},"end":{"line":279,"column":3}},"94":{"start":{"line":278,"column":4},"end":{"line":278,"column":61}},"95":{"start":{"line":280,"column":2},"end":{"line":280,"column":87}},"96":{"start":{"line":280,"column":69},"end":{"line":280,"column":81}},"97":{"start":{"line":255,"column":0},"end":{"line":281,"column":1}},"98":{"start":{"line":291,"column":26},"end":{"line":294,"column":39}},"99":{"start":{"line":293,"column":20},"end":{"line":293,"column":40}},"100":{"start":{"line":294,"column":20},"end":{"line":294,"column":38}},"101":{"start":{"line":295,"column":2},"end":{"line":297,"column":3}},"102":{"start":{"line":296,"column":4},"end":{"line":296,"column":13}},"103":{"start":{"line":300,"column":23},"end":{"line":300,"column":58}},"104":{"start":{"line":301,"column":21},"end":{"line":305,"column":3}},"105":{"start":{"line":306,"column":34},"end":{"line":308,"column":3}},"106":{"start":{"line":307,"column":4},"end":{"line":307,"column":61}},"107":{"start":{"line":309,"column":2},"end":{"line":309,"column":87}},"108":{"start":{"line":309,"column":69},"end":{"line":309,"column":81}},"109":{"start":{"line":314,"column":20},"end":{"line":314,"column":55}},"110":{"start":{"line":315,"column":27},"end":{"line":317,"column":3}},"111":{"start":{"line":316,"column":4},"end":{"line":316,"column":57}},"112":{"start":{"line":318,"column":2},"end":{"line":325,"column":3}},"113":{"start":{"line":320,"column":4},"end":{"line":320,"column":96}},"114":{"start":{"line":320,"column":39},"end":{"line":320,"column":92}},"115":{"start":{"line":321,"column":4},"end":{"line":321,"column":53}},"116":{"start":{"line":322,"column":4},"end":{"line":324,"column":5}},"117":{"start":{"line":323,"column":6},"end":{"line":323,"column":59}},"118":{"start":{"line":326,"column":2},"end":{"line":326,"column":14}},"119":{"start":{"line":331,"column":39},"end":{"line":331,"column":41}},"120":{"start":{"line":333,"column":2},"end":{"line":352,"column":4}},"121":{"start":{"line":335,"column":6},"end":{"line":337,"column":7}},"122":{"start":{"line":336,"column":8},"end":{"line":336,"column":30}},"123":{"start":{"line":340,"column":6},"end":{"line":350,"column":7}},"124":{"start":{"line":341,"column":8},"end":{"line":343,"column":9}},"125":{"start":{"line":342,"column":10},"end":{"line":342,"column":32}},"126":{"start":{"line":344,"column":13},"end":{"line":350,"column":7}},"127":{"start":{"line":345,"column":8},"end":{"line":349,"column":9}},"128":{"start":{"line":346,"column":10},"end":{"line":348,"column":11}},"129":{"start":{"line":347,"column":12},"end":{"line":347,"column":41}},"130":{"start":{"line":354,"column":2},"end":{"line":354,"column":20}},"131":{"start":{"line":359,"column":2},"end":{"line":359,"column":94}},"132":{"start":{"line":359,"column":35},"end":{"line":359,"column":70}},"133":{"start":{"line":365,"column":2},"end":{"line":368,"column":3}},"134":{"start":{"line":367,"column":6},"end":{"line":367,"column":90}},"135":{"start":{"line":374,"column":2},"end":{"line":378,"column":31}},"136":{"start":{"line":376,"column":6},"end":{"line":377,"column":58}},"137":{"start":{"line":382,"column":2},"end":{"line":382,"column":88}},"138":{"start":{"line":382,"column":35},"end":{"line":382,"column":67}},"139":{"start":{"line":386,"column":2},"end":{"line":386,"column":90}},"140":{"start":{"line":386,"column":35},"end":{"line":386,"column":68}},"141":{"start":{"line":390,"column":2},"end":{"line":390,"column":94}},"142":{"start":{"line":390,"column":35},"end":{"line":390,"column":70}},"143":{"start":{"line":397,"column":2},"end":{"line":397,"column":49}},"144":{"start":{"line":401,"column":2},"end":{"line":401,"column":35}},"145":{"start":{"line":405,"column":2},"end":{"line":405,"column":39}},"146":{"start":{"line":409,"column":2},"end":{"line":409,"column":46}},"147":{"start":{"line":415,"column":2},"end":{"line":421,"column":3}},"148":{"start":{"line":416,"column":4},"end":{"line":416,"column":12}},"149":{"start":{"line":417,"column":9},"end":{"line":421,"column":3}},"150":{"start":{"line":418,"column":4},"end":{"line":418,"column":13}},"151":{"start":{"line":419,"column":9},"end":{"line":421,"column":3}},"152":{"start":{"line":420,"column":4},"end":{"line":420,"column":12}},"153":{"start":{"line":423,"column":2},"end":{"line":429,"column":3}},"154":{"start":{"line":424,"column":4},"end":{"line":424,"column":12}},"155":{"start":{"line":425,"column":9},"end":{"line":429,"column":3}},"156":{"start":{"line":426,"column":4},"end":{"line":426,"column":13}},"157":{"start":{"line":428,"column":4},"end":{"line":428,"column":50}},"158":{"start":{"line":434,"column":2},"end":{"line":436,"column":3}},"159":{"start":{"line":435,"column":4},"end":{"line":435,"column":16}},"160":{"start":{"line":438,"column":2},"end":{"line":452,"column":3}},"161":{"start":{"line":439,"column":4},"end":{"line":439,"column":15}},"162":{"start":{"line":440,"column":9},"end":{"line":452,"column":3}},"163":{"start":{"line":441,"column":4},"end":{"line":441,"column":39}},"164":{"start":{"line":442,"column":9},"end":{"line":452,"column":3}},"165":{"start":{"line":443,"column":4},"end":{"line":443,"column":37}},"166":{"start":{"line":444,"column":9},"end":{"line":452,"column":3}},"167":{"start":{"line":445,"column":4},"end":{"line":449,"column":5}},"168":{"start":{"line":446,"column":6},"end":{"line":446,"column":17}},"169":{"start":{"line":448,"column":6},"end":{"line":448,"column":18}},"170":{"start":{"line":451,"column":4},"end":{"line":451,"column":16}},"171":{"start":{"line":457,"column":2},"end":{"line":460,"column":3}},"172":{"start":{"line":469,"column":44},"end":{"line":472,"column":45}},"173":{"start":{"line":470,"column":17},"end":{"line":470,"column":25}},"174":{"start":{"line":472,"column":19},"end":{"line":472,"column":44}},"175":{"start":{"line":473,"column":2},"end":{"line":480,"column":3}},"176":{"start":{"line":475,"column":6},"end":{"line":479,"column":32}},"177":{"start":{"line":476,"column":22},"end":{"line":476,"column":40}},"178":{"start":{"line":478,"column":25},"end":{"line":478,"column":48}},"179":{"start":{"line":479,"column":20},"end":{"line":479,"column":31}},"180":{"start":{"line":488,"column":24},"end":{"line":490,"column":81}},"181":{"start":{"line":489,"column":20},"end":{"line":489,"column":47}},"182":{"start":{"line":490,"column":20},"end":{"line":490,"column":80}},"183":{"start":{"line":491,"column":2},"end":{"line":502,"column":3}},"184":{"start":{"line":493,"column":6},"end":{"line":501,"column":32}},"185":{"start":{"line":494,"column":22},"end":{"line":494,"column":40}},"186":{"start":{"line":498,"column":12},"end":{"line":499,"column":75}},"187":{"start":{"line":501,"column":20},"end":{"line":501,"column":31}},"188":{"start":{"line":506,"column":2},"end":{"line":511,"column":3}}},"fnMap":{"0":{"name":"scopeVariables","decl":{"start":{"line":5,"column":16},"end":{"line":5,"column":30}},"loc":{"start":{"line":7,"column":41},"end":{"line":91,"column":1}}},"1":{"name":"(anonymous_1)","decl":{"start":{"line":30,"column":57},"end":{"line":30,"column":65}},"loc":{"start":{"line":31,"column":4},"end":{"line":31,"column":36}}},"2":{"name":"(anonymous_2)","decl":{"start":{"line":45,"column":46},"end":{"line":45,"column":54}},"loc":{"start":{"line":45,"column":59},"end":{"line":45,"column":87}}},"3":{"name":"(anonymous_3)","decl":{"start":{"line":48,"column":12},"end":{"line":48,"column":20}},"loc":{"start":{"line":48,"column":25},"end":{"line":48,"column":58}}},"4":{"name":"(anonymous_4)","decl":{"start":{"line":49,"column":9},"end":{"line":49,"column":10}},"loc":{"start":{"line":49,"column":48},"end":{"line":49,"column":83}}},"5":{"name":"(anonymous_5)","decl":{"start":{"line":50,"column":59},"end":{"line":50,"column":69}},"loc":{"start":{"line":50,"column":74},"end":{"line":50,"column":96}}},"6":{"name":"(anonymous_6)","decl":{"start":{"line":51,"column":53},"end":{"line":51,"column":63}},"loc":{"start":{"line":51,"column":68},"end":{"line":51,"column":84}}},"7":{"name":"(anonymous_7)","decl":{"start":{"line":53,"column":59},"end":{"line":53,"column":67}},"loc":{"start":{"line":54,"column":4},"end":{"line":54,"column":39}}},"8":{"name":"(anonymous_8)","decl":{"start":{"line":56,"column":57},"end":{"line":56,"column":65}},"loc":{"start":{"line":57,"column":4},"end":{"line":57,"column":39}}},"9":{"name":"(anonymous_9)","decl":{"start":{"line":59,"column":41},"end":{"line":59,"column":49}},"loc":{"start":{"line":59,"column":54},"end":{"line":59,"column":79}}},"10":{"name":"(anonymous_10)","decl":{"start":{"line":60,"column":46},"end":{"line":60,"column":54}},"loc":{"start":{"line":60,"column":59},"end":{"line":60,"column":88}}},"11":{"name":"scopeVariableDeclaration","decl":{"start":{"line":93,"column":16},"end":{"line":93,"column":40}},"loc":{"start":{"line":93,"column":69},"end":{"line":101,"column":1}}},"12":{"name":"scopeFunctionDeclaration","decl":{"start":{"line":103,"column":16},"end":{"line":103,"column":40}},"loc":{"start":{"line":104,"column":30},"end":{"line":127,"column":1}}},"13":{"name":"(anonymous_13)","decl":{"start":{"line":115,"column":37},"end":{"line":115,"column":38}},"loc":{"start":{"line":115,"column":64},"end":{"line":120,"column":3}}},"14":{"name":"scopeAssignmentStatement","decl":{"start":{"line":129,"column":9},"end":{"line":129,"column":33}},"loc":{"start":{"line":129,"column":62},"end":{"line":138,"column":1}}},"15":{"name":"scopeArrowFunction","decl":{"start":{"line":140,"column":9},"end":{"line":140,"column":27}},"loc":{"start":{"line":140,"column":60},"end":{"line":164,"column":1}}},"16":{"name":"(anonymous_16)","decl":{"start":{"line":141,"column":33},"end":{"line":141,"column":37}},"loc":{"start":{"line":141,"column":43},"end":{"line":146,"column":3}}},"17":{"name":"scopeIfStatements","decl":{"start":{"line":166,"column":9},"end":{"line":166,"column":26}},"loc":{"start":{"line":166,"column":50},"end":{"line":169,"column":1}}},"18":{"name":"(anonymous_18)","decl":{"start":{"line":167,"column":33},"end":{"line":167,"column":36}},"loc":{"start":{"line":167,"column":41},"end":{"line":167,"column":63}}},"19":{"name":"(anonymous_1
[...]
":{"line":55,"column":24}},"26":{"start":{"line":57,"column":4},"end":{"line":77,"column":5}},"27":{"start":{"line":58,"column":6},"end":{"line":74,"column":7}},"28":{"start":{"line":62,"column":8},"end":{"line":66,"column":73}},"29":{"start":{"line":70,"column":8},"end":{"line":73,"column":54}},"30":{"start":{"line":76,"column":6},"end":{"line":76,"column":40}},"31":{"start":{"line":80,"column":26},"end":{"line":101,"column":3}},"32":{"start":{"line":81,"column":4},"end":{"line":81,"column":22}},"33":{"start":{"line":82,"column":22},"end":{"line":90,"column":6}},"34":{"start":{"line":83,"column":21},"end":{"line":83,"column":48}},"35":{"start":{"line":84,"column":21},"end":{"line":84,"column":48}},"36":{"start":{"line":85,"column":6},"end":{"line":89,"column":7}},"37":{"start":{"line":86,"column":8},"end":{"line":86,"column":63}},"38":{"start":{"line":88,"column":8},"end":{"line":88,"column":37}},"39":{"start":{"line":91,"column":4},"end":{"line":91,"column":25}},"40":{"start":{"line":93,"column":4},"end":{"line":100,"column":5}},"41":{"start":{"line":94,"column":6},"end":{"line":97,"column":52}},"42":{"start":{"line":99,"column":6},"end":{"line":99,"column":40}},"43":{"start":{"line":103,"column":25},"end":{"line":123,"column":3}},"44":{"start":{"line":104,"column":4},"end":{"line":122,"column":5}},"45":{"start":{"line":105,"column":6},"end":{"line":105,"column":19}},"46":{"start":{"line":106,"column":11},"end":{"line":122,"column":5}},"47":{"start":{"line":107,"column":6},"end":{"line":107,"column":24}},"48":{"start":{"line":108,"column":11},"end":{"line":122,"column":5}},"49":{"start":{"line":109,"column":6},"end":{"line":109,"column":28}},"50":{"start":{"line":110,"column":11},"end":{"line":122,"column":5}},"51":{"start":{"line":111,"column":6},"end":{"line":111,"column":25}},"52":{"start":{"line":112,"column":11},"end":{"line":122,"column":5}},"53":{"start":{"line":113,"column":6},"end":{"line":113,"column":30}},"54":{"start":{"line":114,"column":11},"end":{"line":122,"column":5}},"55":{"start":{"line":115,"column":6},"end":{"line":115,"column":25}},"56":{"start":{"line":116,"column":11},"end":{"line":122,"column":5}},"57":{"start":{"line":117,"column":6},"end":{"line":117,"column":29}},"58":{"start":{"line":118,"column":11},"end":{"line":122,"column":5}},"59":{"start":{"line":119,"column":6},"end":{"line":119,"column":43}},"60":{"start":{"line":121,"column":6},"end":{"line":121,"column":44}},"61":{"start":{"line":125,"column":2},"end":{"line":125,"column":33}}},"fnMap":{"0":{"name":"makeIndent","decl":{"start":{"line":5,"column":9},"end":{"line":5,"column":19}},"loc":{"start":{"line":5,"column":43},"end":{"line":17,"column":1}}},"1":{"name":"indentify","decl":{"start":{"line":19,"column":9},"end":{"line":19,"column":18}},"loc":{"start":{"line":19,"column":44},"end":{"line":24,"column":1}}},"2":{"name":"(anonymous_2)","decl":{"start":{"line":22,"column":9},"end":{"line":22,"column":10}},"loc":{"start":{"line":22,"column":14},"end":{"line":22,"column":24}}},"3":{"name":"(anonymous_3)","decl":{"start":{"line":26,"column":25},"end":{"line":27,"column":2}},"loc":{"start":{"line":30,"column":12},"end":{"line":126,"column":1}}},"4":{"name":"(anonymous_4)","decl":{"start":{"line":45,"column":26},"end":{"line":45,"column":27}},"loc":{"start":{"line":46,"column":4},"end":{"line":47,"column":95}}},"5":{"name":"(anonymous_5)","decl":{"start":{"line":47,"column":72},"end":{"line":47,"column":73}},"loc":{"start":{"line":47,"column":77},"end":{"line":47,"column":93}}},"6":{"name":"(anonymous_6)","decl":{"start":{"line":52,"column":25},"end":{"line":52,"column":26}},"loc":{"start":{"line":52,"column":62},"end":{"line":78,"column":3}}},"7":{"name":"(anonymous_7)","decl":{"start":{"line":54,"column":29},"end":{"line":54,"column":30}},"loc":{"start":{"line":54,"column":34},"end":{"line":54,"column":54}}},"8":{"name":"(anonymous_8)","decl":{"start":{"line":80,"column":26},"end":{"line":80,"column":27}},"loc":{"start":{"line":80,"column":63},"end":{"line":101,"column":3}}},"9":{"name":"(anonymous_9)","decl":{"start":{"line":82,"column":46},"end":{"line":82,"column":50}},"loc":{"start":{"line":82,"column":54},"end":{"line":90,"column":5}}},"10":{"name":"(anonymous_10)","decl":{"start":{"line":103,"column":25},"end":{"line":103,"column":26}},"loc":{"start":{"line":103,"column":71},"end":{"line":123,"column":3}}}},"branchMap":{"0":{"loc":{"start":{"line":6,"column":2},"end":{"line":16,"column":3}},"type":"if","locations":[{"start":{"line":6,"column":2},"end":{"line":16,"column":3}},{"start":{"line":6,"column":2},"end":{"line":16,"column":3}}]},"1":{"loc":{"start":{"line":7,"column":4},"end":{"line":9,"column":5}},"type":"if","locations":[{"start":{"line":7,"column":4},"end":{"line":9,"column":5}},{"start":{"line":7,"column":4},"end":{"line":9,"column":5}}]},"2":{"loc":{"start":{"line":12,"column":4},"end":{"line":14,"column":5}},"type":"if","locations":[{"start":{"line":12,"column":4},"end":{"line":14,"column":5}},{"start":{"line":12,"column":4},"end":{"line":14,"column":5}}]},"3":{"loc":{"start":{"line":28,"column":28},"end":{"line":28,"column":29}},"type":"default-arg","locations":[{"start":{"line":28,"column":28},"end":{"line":28,"column":29}}]},"4":{"loc":{"start":{"line":29,"column":23},"end":{"line":29,"column":25}},"type":"default-arg","locations":[{"start":{"line":29,"column":23},"end":{"line":29,"column":25}}]},"5":{"loc":{"start":{"line":46,"column":4},"end":{"line":46,"column":23}},"type":"binary-expr","locations":[{"start":{"line":46,"column":4},"end":{"line":46,"column":23}},{"start":{"line":47,"column":5},"end":{"line":47,"column":53}},{"start":{"line":47,"column":57},"end":{"line":47,"column":94}}]},"6":{"loc":{"start":{"line":57,"column":4},"end":{"line":77,"column":5}},"type":"if","locations":[{"start":{"line":57,"column":4},"end":{"line":77,"column":5}},{"start":{"line":57,"column":4},"end":{"line":77,"column":5}}]},"7":{"loc":{"start":{"line":58,"column":6},"end":{"line":74,"column":7}},"type":"if","locations":[{"start":{"line":58,"column":6},"end":{"line":74,"column":7}},{"start":{"line":58,"column":6},"end":{"line":74,"column":7}}]},"8":{"loc":{"start":{"line":85,"column":6},"end":{"line":89,"column":7}},"type":"if","locations":[{"start":{"line":85,"column":6},"end":{"line":89,"column":7}},{"start":{"line":85,"column":6},"end":{"line":89,"column":7}}]},"9":{"loc":{"start":{"line":93,"column":4},"end":{"line":100,"column":5}},"type":"if","locations":[{"start":{"line":93,"column":4},"end":{"line":100,"column":5}},{"start":{"line":93,"column":4},"end":{"line":100,"column":5}}]},"10":{"loc":{"start":{"line":103,"column":58},"end":{"line":103,"column":59}},"type":"default-arg","locations":[{"start":{"line":103,"column":58},"end":{"line":103,"column":59}}]},"11":{"loc":{"start":{"line":104,"column":4},"end":{"line":122,"column":5}},"type":"if","locations":[{"start":{"line":104,"column":4},"end":{"line":122,"column":5}},{"start":{"line":104,"column":4},"end":{"line":122,"column":5}}]},"12":{"loc":{"start":{"line":106,"column":11},"end":{"line":122,"column":5}},"type":"if","locations":[{"start":{"line":106,"column":11},"end":{"line":122,"column":5}},{"start":{"line":106,"column":11},"end":{"line":122,"column":5}}]},"13":{"loc":{"start":{"line":108,"column":11},"end":{"line":122,"column":5}},"type":"if","locations":[{"start":{"line":108,"column":11},"end":{"line":122,"column":5}},{"start":{"line":108,"column":11},"end":{"line":122,"column":5}}]},"14":{"loc":{"start":{"line":110,"column":11},"end":{"line":122,"column":5}},"type":"if","locations":[{"start":{"line":110,"column":11},"end":{"line":122,"column":5}},{"start":{"line":110,"column":11},"end":{"line":122,"column":5}}]},"15":{"loc":{"start":{"line":112,"column":11},"end":{"line":122,"column":5}},"type":"if","locations":[{"start":{"line":112,"column":11},"end":{"line":122,"column":5}},{"start":{"line":112,"column":11},"end":{"line":122,"column":5}}]},"16":{"loc":{"start":{"line":114,"column":11},"end":{"line":122,"column":5}},"type":"if","locations":[{"start":{"line":114,"column":11},"end":{"line":122,"column":5}},{"start":{"line":114,"column":11},"end":{"line":122,"column":5}}]},"17":{"loc":{"start":{"line":116,"column":11},"end":{"line":122,"column":5}},"type":"if","locations":[{"start":{"line":116,"column":11},"end":{"line":122,"column":5}},{"start":{"line":116,"column":11},"end":{"line":122,"column":5}}]},"18":{"loc":{"start":{"line":118,"column":11},"end":{"line":122,"column":5}},"type":"if","locations":[{"start":{"line":118,"column":11},"end":{"line":122,"column":5}},{"start":{"line":118,"column":11},"end":{"line":122,"column":5}}]}},"s":{"0":24,"1":24,"2":3421,"3":3417,"4":2,"5":3417,"6":4,"7":2,"8":4,"9":3284,"10":23767,"11":24,"12":3421,"13":3421,"14":3421,"15":3421,"16":3421,"17":3421,"18":3421,"19":4232,"20":2659,"21":3421,"22":4211,"23":4211,"24":6125,"25":4211,"26":4211,"27":1642,"28":1640,"29":2,"30":2569,"31":3421,"32":21,"33":21,"34":57,"35":57,"36":57,"37":0,"38":57,"39":21,"40":21,"41":2,"42":19,"43":3421,"44":9660,"45":1201,"46":8459,"47":143,"48":8316,"49":2,"50":8314,"51":18,"52":8296,"53":2772,"54":5524,"55":1292,"56":4232,"57":0,"58":4232,"59":4211,"60":21,"61":3421},"f":{"0":3421,"1":3284,"2":23767,"3":3421,"4":4232,"5":2659,"6":4211,"7":6125,"8":21,"9":57,"10":9660},"b":{"0":[3417,4],"1":[2,3415],"2":[2,2],"3":[3411],"4":[3386],"5":[4232,4212,2581],"6":[1642,2569],"7":[1640,2],"8":[0,57],"9":[2,19],"10":[0],"11":[1201,8459],"12":[143,8316],"13":[2,8314],"14":[18,8296],"15":[2772,5524],"16":[1292,4232],"17":[0,4232],"18":[4211,21]}}
,"C:\\projects\\js-slang\\src\\validator\\validator.ts": {"path":"C:\\projects\\js-slang\\src\\validator\\validator.ts","statementMap":{"0":{"start":{"line":1,"column":0},"end":{"line":1,"column":72}},"1":{"start":{"line":3,"column":0},"end":{"line":3,"column":49}},"2":{"start":{"line":4,"column":0},"end":{"line":4,"column":67}},"3":{"start":{"line":6,"column":0},"end":{"line":6,"column":62}},"4":{"start":{"line":10,"column":21},"end":{"line":10,"column":40}},"5":{"start":{"line":9,"column":9},"end":{"line":9,"column":51}},"6":{"start":{"line":17,"column":39},"end":{"line":17,"column":83}},"7":{"start":{"line":18,"column":36},"end":{"line":18,"column":63}},"8":{"start":{"line":20,"column":35},"end":{"line":20,"column":65}},"9":{"start":{"line":21,"column":4},"end":{"line":30,"column":5}},"10":{"start":{"line":22,"column":6},"end":{"line":29,"column":7}},"11":{"start":{"line":23,"column":8},"end":{"line":26,"column":9}},"12":{"start":{"line":27,"column":13},"end":{"line":29,"column":7}},"13":{"start":{"line":28,"column":8},"end":{"line":28,"column":95}},"14":{"start":{"line":31,"column":4},"end":{"line":31,"column":46}},"15":{"start":{"line":32,"column":4},"end":{"line":32,"column":66}},"16":{"start":{"line":35,"column":4},"end":{"line":38,"column":5}},"17":{"start":{"line":37,"column":57},"end":{"line":37,"column":90}},"18":{"start":{"line":39,"column":4},"end":{"line":39,"column":46}},"19":{"start":{"line":43,"column":2},"end":{"line":58,"column":4}},"20":{"start":{"line":49,"column":19},"end":{"line":49,"column":37}},"21":{"start":{"line":50,"column":6},"end":{"line":56,"column":7}},"22":{"start":{"line":51,"column":8},"end":{"line":54,"column":9}},"23":{"start":{"line":55,"column":8},"end":{"line":55,"column":58}},"24":{"start":{"line":61,"column":17},"end":{"line":61,"column":24}},"25":{"start":{"line":62,"column":34},"end":{"line":62,"column":65}},"26":{"start":{"line":63,"column":4},"end":{"line":78,"column":5}},"27":{"start":{"line":64,"column":16},"end":{"line":64,"column":28}},"28":{"start":{"line":65,"column":18},"end":{"line":65,"column":53}},"29":{"start":{"line":66,"column":6},"end":{"line":77,"column":7}},"30":{"start":{"line":67,"column":8},"end":{"line":67,"column":55}},"31":{"start":{"line":68,"column":8},"end":{"line":75,"column":9}},"32":{"start":{"line":69,"column":10},"end":{"line":71,"column":11}},"33":{"start":{"line":70,"column":12},"end":{"line":70,"column":72}},"34":{"start":{"line":72,"column":10},"end":{"line":74,"column":11}},"35":{"start":{"line":73,"column":12},"end":{"line":73,"column":76}},"36":{"start":{"line":76,"column":8},"end":{"line":76,"column":13}},"37":{"start":{"line":80,"column":20},"end":{"line":88,"column":3}},"38":{"start":{"line":84,"column":6},"end":{"line":86,"column":7}},"39":{"start":{"line":85,"column":8},"end":{"line":85,"column":38}},"40":{"start":{"line":89,"column":2},"end":{"line":125,"column":3}},"41":{"start":{"line":93,"column":29},"end":{"line":93,"column":60}},"42":{"start":{"line":94,"column":21},"end":{"line":94,"column":52}},"43":{"start":{"line":95,"column":42},"end":{"line":96,"column":36}},"44":{"start":{"line":97,"column":8},"end":{"line":97,"column":81}},"45":{"start":{"line":102,"column":29},"end":{"line":102,"column":60}},"46":{"start":{"line":103,"column":8},"end":{"line":103,"column":99}},"47":{"start":{"line":106,"column":8},"end":{"line":112,"column":9}},"48":{"start":{"line":107,"column":10},"end":{"line":107,"column":45}},"49":{"start":{"line":108,"column":15},"end":{"line":112,"column":9}},"50":{"start":{"line":109,"column":10},"end":{"line":111,"column":11}},"51":{"start":{"line":110,"column":12},"end":{"line":110,"column":54}},"52":{"start":{"line":115,"column":8},"end":{"line":121,"column":9}},"53":{"start":{"line":116,"column":20},"end":{"line":116,"column":32}},"54":{"start":{"line":117,"column":10},"end":{"line":120,"column":11}},"55":{"start":{"line":118,"column":12},"end":{"line":118,"column":50}},"56":{"start":{"line":119,"column":12},"end":{"line":119,"column":17}},"57":{"start":{"line":138,"column":2},"end":{"line":138,"column":16}},"58":{"start":{"line":13,"column":0},"end":{"line":139,"column":1}}},"fnMap":{"0":{"name":"(anonymous_0)","decl":{"start":{"line":10,"column":2},"end":{"line":10,"column":20}},"loc":{"start":{"line":10,"column":40},"end":{"line":10,"column":44}}},"1":{"name":"validateAndAnnotate","decl":{"start":{"line":13,"column":16},"end":{"line":13,"column":35}},"loc":{"start":{"line":15,"column":18},"end":{"line":139,"column":1}}},"2":{"name":"processBlock","decl":{"start":{"line":19,"column":11},"end":{"line":19,"column":23}},"loc":{"start":{"line":19,"column":60},"end":{"line":33,"column":3}}},"3":{"name":"processFunction","decl":{"start":{"line":34,"column":11},"end":{"line":34,"column":26}},"loc":{"start":{"line":34,"column":84},"end":{"line":40,"column":3}}},"4":{"name":"(anonymous_4)","decl":{"start":{"line":37,"column":51},"end":{"line":37,"column":52}},"loc":{"start":{"line":37,"column":57},"end":{"line":37,"column":90}}},"5":{"name":"validateIdentifier","decl":{"start":{"line":60,"column":11},"end":{"line":60,"column":29}},"loc":{"start":{"line":60,"column":69},"end":{"line":79,"column":3}}}},"branchMap":{"0":{"loc":{"start":{"line":22,"column":6},"end":{"line":29,"column":7}},"type":"if","locations":[{"start":{"line":22,"column":6},"end":{"line":29,"column":7}},{"start":{"line":22,"column":6},"end":{"line":29,"column":7}}]},"1":{"loc":{"start":{"line":27,"column":13},"end":{"line":29,"column":7}},"type":"if","locations":[{"start":{"line":27,"column":13},"end":{"line":29,"column":7}},{"start":{"line":27,"column":13},"end":{"line":29,"column":7}}]},"2":{"loc":{"start":{"line":50,"column":6},"end":{"line":56,"column":7}},"type":"if","locations":[{"start":{"line":50,"column":6},"end":{"line":56,"column":7}},{"start":{"line":50,"column":6},"end":{"line":56,"column":7}}]},"3":{"loc":{"start":{"line":66,"column":6},"end":{"line":77,"column":7}},"type":"if","locations":[{"start":{"line":66,"column":6},"end":{"line":77,"column":7}},{"start":{"line":66,"column":6},"end":{"line":77,"column":7}}]},"4":{"loc":{"start":{"line":66,"column":13},"end":{"line":66,"column":9}},"type":"cond-expr","locations":[{"start":{"line":66,"column":13},"end":{"line":66,"column":9}},{"start":{"line":66,"column":10},"end":{"line":66,"column":23}}]},"5":{"loc":{"start":{"line":66,"column":10},"end":{"line":66,"column":13}},"type":"binary-expr","locations":[{"start":{"line":66,"column":10},"end":{"line":66,"column":13}},{"start":{"line":66,"column":10},"end":{"line":66,"column":13}}]},"6":{"loc":{"start":{"line":68,"column":8},"end":{"line":75,"column":9}},"type":"if","locations":[{"start":{"line":68,"column":8},"end":{"line":75,"column":9}},{"start":{"line":68,"column":8},"end":{"line":75,"column":9}}]},"7":{"loc":{"start":{"line":68,"column":12},"end":{"line":68,"column":56}},"type":"binary-expr","locations":[{"start":{"line":68,"column":12},"end":{"line":68,"column":56}},{"start":{"line":68,"column":60},"end":{"line":68,"column":84}}]},"8":{"loc":{"start":{"line":69,"column":10},"end":{"line":71,"column":11}},"type":"if","locations":[{"start":{"line":69,"column":10},"end":{"line":71,"column":11}},{"start":{"line":69,"column":10},"end":{"line":71,"column":11}}]},"9":{"loc":{"start":{"line":72,"column":10},"end":{"line":74,"column":11}},"type":"if","locations":[{"start":{"line":72,"column":10},"end":{"line":74,"column":11}},{"start":{"line":72,"column":10},"end":{"line":74,"column":11}}]},"10":{"loc":{"start":{"line":72,"column":14},"end":{"line":72,"column":39}},"type":"binary-expr","locations":[{"start":{"line":72,"column":14},"end":{"line":72,"column":39}},{"start":{"line":72,"column":43},"end":{"line":72,"column":66}},{"start":{"line":72,"column":70},"end":{"line":72,"column":95}}]},"11":{"loc":{"start":{"line":84,"column":6},"end":{"line":86,"column":7}},"type":"if","locations":[{"start":{"line":84,"column":6},"end":{"line":86,"column":7}},{"start":{"line":84,"column":6},"end":{"line":86,"column":7}}]},"12":{"loc":{"start":{"line":97,"column":54},"end":{"line":97,"column":65}},"type":"cond-expr","locations":[{"start":{"line":97,"column":54},"end":{"line":97,"column":65}},{"start":{"line":97,"column":68},"end":{"line":97,"column":81}}]},"13":{"loc":{"start":{"line":103,"column":72},"end":{"line":103,"column":83}},"type":"cond-expr","locations":[{"start":{"line":103,"column":72},"end":{"line":103,"column":83}},{"start":{"line":103,"column":86},"end":{"line":103,"column":99}}]},"14":{"loc":{"start":{"line":106,"column":8},"end":{"line":112,"column":9}},"type":"if","locations":[{"start":{"line":106,"column":8},"end":{"line":112,"column":9}},{"start":{"line":106,"column":8},"end":{"line":112,"column":9}}]},"15":{"loc":{"start":{"line":108,"column":15},"end":{"line":112,"column":9}},"type":"if","locations":[{"start":{"line":108,"column":15},"end":{"line":112,"column":9}},{"start":{"line":108,"column":15},"end":{"line":112,"column":9}}]},"16":{"loc":{"start":{"line":109,"column":10},"end":{"line":111,"column":11}},"type":"if","locations":[{"start":{"line":109,"column":10},"end":{"line":111,"column":11}},{"start":{"line":109,"column":10},"end":{"line":111,"column":11}}]},"17":{"loc":{"start":{"line":117,"column":10},"end":{"line":120,"column":11}},"type":"if","locations":[{"start":{"line":117,"column":10},"end":{"line":120,"column":11}},{"start":{"line":117,"column":10},"end":{"line":120,"column":11}}]}},"s":{"0":19,"1":19,"2":19,"3":19,"4":43743,"5":43743,"6":1708,"7":1708,"8":19268,"9":19268,"10":35809,"11":268,"12":35541,"13":15702,"14":19268,"15":19268,"16":19451,"17":27738,"18":19451,"19":1708,"20":39,"21":39,"22":35,"23":35,"24":187372,"25":187372,"26":187372,"27":1201307,"28":1201307,"29":1201307,"30":136982,"31":136982,"32":85,"33":2,"34":85,"35":3,"36":136982,"37":1708,"38":303,"39":303,"40":1708,"41":303,"42":303,"43":303,"44":303,"45":15702,"46":15702,"47":43590,"48":43536,"49":54,"50":54,"51":38,"52":72554,"53":346014,"54":346014,"55":72554,"56":72554,"57":1708,"58":19},"f":{"0":43743,"1":1708,"2":19268,"3":19451,"4":27738,"5":187372},"b":{"0":[268,35541],"1":[15702,19839],"2":[35,4],"3":[136982,1064325],"4":[766138,435169],"5":[1201307,1201307],"6":[85,136897],"7":[136982,135],"8":[2,83],"9":[3,82],"10":[85,38,38],"11":[303,0],"12":[20,283],"13":[4,15698],"14":[43536,54],"15":[54,0],"16":[38,16],"17":[72554,273460]}}
}
