TN:
SF:C:\projects\js-slang\src\constants.ts
FNF:0
FNH:0
DA:3,24
DA:4,24
DA:5,24
DA:6,24
DA:16,24
LF:5
LH:5
BRDA:3,0,0,0
BRDA:3,0,1,24
BRF:2
BRH:1
end_of_record
TN:
SF:C:\projects\js-slang\src\createContext.ts
FN:19,(anonymous_0)
FN:25,(anonymous_1)
FN:34,(anonymous_2)
FN:38,(anonymous_3)
FN:45,(anonymous_4)
FN:51,(anonymous_5)
FN:78,(anonymous_6)
FN:90,(anonymous_7)
FN:99,(anonymous_8)
FN:105,(anonymous_9)
FN:107,(anonymous_10)
FN:110,(anonymous_11)
FN:114,(anonymous_12)
FN:117,(anonymous_13)
FN:124,(anonymous_14)
FN:127,(anonymous_15)
FN:135,(anonymous_16)
FN:142,(anonymous_17)
FN:144,(anonymous_18)
FN:145,(anonymous_19)
FN:146,(anonymous_20)
FN:147,(anonymous_21)
FN:206,(anonymous_22)
FN:213,(anonymous_23)
FN:223,(anonymous_24)
FN:229,importPrelude
FN:248,(anonymous_26)
FN:253,(anonymous_27)
FNF:28
FNH:18
FNDA:0,(anonymous_0)
FNDA:2107,(anonymous_1)
FNDA:2107,(anonymous_2)
FNDA:0,(anonymous_3)
FNDA:2107,(anonymous_4)
FNDA:2107,(anonymous_5)
FNDA:4214,(anonymous_6)
FNDA:134124,(anonymous_7)
FNDA:35480,(anonymous_8)
FNDA:134124,(anonymous_9)
FNDA:8883417,(anonymous_10)
FNDA:6,(anonymous_11)
FNDA:0,(anonymous_12)
FNDA:0,(anonymous_13)
FNDA:2107,(anonymous_14)
FNDA:0,(anonymous_15)
FNDA:2107,(anonymous_16)
FNDA:22,(anonymous_17)
FNDA:20,(anonymous_18)
FNDA:0,(anonymous_19)
FNDA:0,(anonymous_20)
FNDA:0,(anonymous_21)
FNDA:113,(anonymous_22)
FNDA:2,(anonymous_23)
FNDA:0,(anonymous_24)
FNDA:2107,importPrelude
FNDA:0,(anonymous_26)
FNDA:2107,(anonymous_27)
DA:3,24
DA:4,24
DA:5,24
DA:6,24
DA:7,24
DA:8,24
DA:9,24
DA:10,24
DA:11,24
DA:13,24
DA:14,24
DA:15,24
DA:20,0
DA:21,0
DA:22,0
DA:25,2107
DA:34,2107
DA:39,0
DA:45,2107
DA:51,24
DA:56,2107
DA:57,24
DA:59,2107
DA:63,2107
DA:78,24
DA:79,4214
DA:80,0
DA:82,4214
DA:83,0
DA:85,4214
DA:86,2107
DA:90,24
DA:91,134124
DA:92,134124
DA:97,134124
DA:99,35480
DA:105,24
DA:106,134124
DA:107,8883417
DA:108,110947
DA:109,110947
DA:110,110947
DA:112,110947
DA:113,23177
DA:114,0
DA:115,0
DA:116,0
DA:117,0
DA:118,0
DA:120,23177
DA:124,24
DA:125,2107
DA:127,2107
DA:128,0
DA:135,24
DA:140,2107
DA:142,2107
DA:143,22
DA:144,2107
DA:145,2107
DA:146,2107
DA:147,2107
DA:149,2107
DA:150,2107
DA:151,2107
DA:152,2107
DA:153,2107
DA:154,2107
DA:155,2107
DA:156,2107
DA:157,2107
DA:158,2107
DA:159,2107
DA:160,2107
DA:161,2107
DA:162,2107
DA:163,2107
DA:164,2107
DA:166,2107
DA:167,2107
DA:168,90601
DA:172,2107
DA:174,789
DA:175,0
DA:176,0
DA:177,0
DA:178,0
DA:179,0
DA:180,0
DA:181,0
DA:183,789
DA:184,789
DA:185,789
DA:186,789
DA:187,789
DA:188,789
DA:189,789
DA:193,2107
DA:194,647
DA:195,647
DA:196,647
DA:197,647
DA:200,647
DA:201,647
DA:202,647
DA:205,2107
DA:206,447
DA:207,113
DA:209,447
DA:213,2
DA:217,2107
DA:218,192
DA:219,192
DA:220,192
DA:221,192
DA:223,192
DA:224,0
DA:230,2107
DA:231,2107
DA:232,789
DA:234,2107
DA:235,647
DA:237,2107
DA:238,789
DA:242,24
DA:249,0
DA:253,24
DA:260,2107
DA:262,2107
DA:263,2107
DA:264,2107
DA:266,2107
DA:269,24
LF:133
LH:112
BRDA:56,0,0,24
BRDA:56,0,1,2083
BRDA:79,1,0,0
BRDA:79,1,1,4214
BRDA:82,2,0,0
BRDA:82,2,1,4214
BRDA:85,3,0,2107
BRDA:85,3,1,2107
BRDA:106,4,0,110947
BRDA:106,4,1,23177
BRDA:113,5,0,0
BRDA:113,5,1,23177
BRDA:138,6,0,0
BRDA:149,7,0,2107
BRDA:149,7,1,0
BRDA:172,8,0,789
BRDA:172,8,1,1318
BRDA:174,9,0,0
BRDA:174,9,1,789
BRDA:193,10,0,647
BRDA:193,10,1,1460
BRDA:205,11,0,447
BRDA:205,11,1,1660
BRDA:217,12,0,192
BRDA:217,12,1,1915
BRDA:231,13,0,789
BRDA:231,13,1,1318
BRDA:234,14,0,647
BRDA:234,14,1,1460
BRDA:237,15,0,789
BRDA:237,15,1,1318
BRDA:254,16,0,1014
BRDA:255,17,0,1226
BRDA:257,18,0,1226
BRDA:258,19,0,2107
BRF:35
BRH:29
end_of_record
TN:
SF:C:\projects\js-slang\src\finder.ts
FN:14,findIdentifierNode
FN:19,findByLocationPredicate
FN:38,findDeclarationNode
FN:47,(anonymous_3)
FN:60,(anonymous_4)
FN:70,(anonymous_5)
FN:92,containsNode
FN:107,findAncestors
FN:110,(anonymous_8)
FN:121,(anonymous_9)
FNF:10
FNH:10
FNDA:16,findIdentifierNode
FNDA:363,findByLocationPredicate
FNDA:15,findDeclarationNode
FNDA:15,(anonymous_3)
FNDA:1,(anonymous_4)
FNDA:1,(anonymous_5)
FNDA:21,containsNode
FNDA:15,findAncestors
FNDA:42,(anonymous_8)
FNDA:44,(anonymous_9)
DA:1,19
DA:14,19
DA:20,363
DA:21,363
DA:22,363
DA:23,363
DA:30,0
DA:33,16
DA:34,16
DA:38,19
DA:39,15
DA:40,15
DA:42,15
DA:43,15
DA:44,47
DA:46,11
DA:47,15
DA:51,3
DA:52,2
DA:53,2
DA:57,7
DA:58,1
DA:59,6
DA:60,3
DA:61,3
DA:62,1
DA:64,2
DA:69,1
DA:70,1
DA:71,1
DA:72,1
DA:74,0
DA:79,15
DA:80,11
DA:84,47
DA:85,14
DA:89,1
DA:93,21
DA:94,21
DA:95,21
DA:108,15
DA:109,15
DA:111,42
DA:112,13
DA:113,13
DA:122,44
DA:123,2
DA:127,15
LF:48
LH:46
BRDA:22,0,0,363
BRDA:22,0,1,0
BRDA:22,1,0,363
BRDA:22,1,1,363
BRDA:24,2,0,363
BRDA:24,2,1,139
BRDA:24,2,2,27
BRDA:24,2,3,25
BRDA:34,3,0,1
BRDA:34,3,1,15
BRDA:34,4,0,16
BRDA:34,4,1,16
BRDA:40,5,0,0
BRDA:40,5,1,15
BRDA:46,6,0,10
BRDA:46,6,1,1
BRDA:51,7,0,2
BRDA:51,7,1,1
BRDA:57,8,0,1
BRDA:57,8,1,6
BRDA:57,9,0,7
BRDA:57,9,1,7
BRDA:59,10,0,3
BRDA:59,10,1,3
BRDA:61,11,0,1
BRDA:61,11,1,2
BRDA:69,12,0,1
BRDA:69,12,1,0
BRDA:71,13,0,1
BRDA:71,13,1,0
BRDA:79,14,0,11
BRDA:79,14,1,4
BRDA:84,15,0,14
BRDA:84,15,1,33
BRDA:96,16,0,21
BRDA:96,16,1,21
BRDA:96,16,2,21
BRDA:96,16,3,2
BRDA:96,16,4,0
BRDA:96,16,5,0
BRDA:96,16,6,21
BRDA:96,16,7,19
BRDA:96,16,8,7
BRDA:96,16,9,7
BRDA:111,17,0,13
BRDA:111,17,1,29
BRDA:111,18,0,42
BRDA:111,18,1,31
BRDA:122,19,0,2
BRDA:122,19,1,42
BRDA:122,20,0,44
BRDA:122,20,1,27
BRF:52
BRH:46
end_of_record
TN:
SF:C:\projects\js-slang\src\index.ts
FN:64,parseError
FN:65,(anonymous_8)
FN:82,convertNativeErrorToSourceError
FN:104,messageContains
FN:105,(anonymous_11)
FN:126,determineExecutionMethod
FN:154,findDeclaration
FN:174,runInContext
FN:179,getFirstLine
FN:260,(anonymous_17)
FN:286,resume
FN:294,interrupt
FNF:12
FNH:11
FNDA:909,parseError
FNDA:376,(anonymous_8)
FNDA:1,convertNativeErrorToSourceError
FNDA:2,messageContains
FNDA:5,(anonymous_11)
FNDA:1699,determineExecutionMethod
FNDA:16,findDeclaration
FNDA:1860,runInContext
FNDA:1860,getFirstLine
FNDA:1,(anonymous_17)
FNDA:15,resume
FNDA:0,interrupt
DA:1,19
DA:3,19
DA:4,19
DA:5,19
DA:6,19
DA:12,19
DA:13,19
DA:14,19
DA:15,19
DA:16,19
DA:17,19
DA:18,19
DA:19,19
DA:20,19
DA:21,19
DA:32,19
DA:33,19
DA:44,19
DA:55,19
DA:61,19
DA:62,19
DA:64,19
DA:65,909
DA:66,376
DA:67,376
DA:68,376
DA:70,376
DA:73,94
DA:74,94
DA:76,282
DA:79,909
DA:91,1
DA:97,1
DA:99,1
DA:100,1
DA:101,1
DA:105,5
DA:108,1
DA:109,0
DA:110,1
DA:111,0
DA:114,1
DA:120,1
DA:124,19
DA:128,1699
DA:129,61
DA:130,20
DA:131,0
DA:132,20
DA:133,10
DA:135,10
DA:136,10
DA:138,7
DA:141,10
DA:143,20
DA:145,41
DA:148,1638
DA:149,1638
DA:151,1699
DA:154,19
DA:159,16
DA:160,16
DA:161,0
DA:163,16
DA:164,16
DA:165,1
DA:167,15
DA:168,15
DA:169,1
DA:171,14
DA:174,19
DA:180,1860
DA:182,1860
DA:183,111
DA:186,1749
DA:188,1860
DA:189,1860
DA:190,1860
DA:192,1860
DA:193,1860
DA:194,1860
DA:195,153
DA:197,1707
DA:198,1707
DA:199,8
DA:201,1699
DA:202,0
DA:203,0
DA:208,1699
DA:209,1699
DA:210,480
DA:211,480
DA:212,480
DA:213,480
DA:215,1219
DA:216,516
DA:217,4
DA:219,512
DA:221,516
DA:225,516
DA:226,516
DA:228,516
DA:229,516
DA:230,516
DA:231,516
DA:236,52
DA:237,33
DA:238,33
DA:240,19
DA:242,19
DA:243,18
DA:244,18
DA:246,1
DA:249,1
DA:250,1
DA:251,1
DA:252,0
DA:253,0
DA:255,1
DA:256,1
DA:257,1
DA:261,1
DA:267,1
DA:270,1
DA:275,703
DA:277,703
DA:278,0
DA:280,703
DA:282,703
DA:286,19
DA:287,15
DA:288,0
DA:290,15
DA:294,19
DA:295,0
DA:296,0
DA:297,0
DA:298,0
DA:302,19
DA:305,19
DA:306,19
DA:307,19
DA:308,19
LF:143
LH:129
BRDA:64,0,0,909
BRDA:66,1,0,376
BRDA:66,1,1,0
BRDA:67,2,0,376
BRDA:67,2,1,0
BRDA:70,3,0,94
BRDA:70,3,1,282
BRDA:100,4,0,1
BRDA:100,4,1,0
BRDA:108,5,0,0
BRDA:108,5,1,1
BRDA:110,6,0,0
BRDA:110,6,1,1
BRDA:115,7,0,1
BRDA:115,7,1,0
BRDA:114,8,0,1
BRDA:114,8,1,0
BRDA:128,9,0,61
BRDA:128,9,1,1638
BRDA:129,10,0,20
BRDA:129,10,1,41
BRDA:130,11,0,0
BRDA:130,11,1,20
BRDA:132,12,0,10
BRDA:132,12,1,10
BRDA:143,13,0,3
BRDA:143,13,1,17
BRDA:160,14,0,0
BRDA:160,14,1,16
BRDA:164,15,0,1
BRDA:164,15,1,15
BRDA:168,16,0,1
BRDA:168,16,1,14
BRDA:168,17,0,15
BRDA:168,17,1,14
BRDA:177,18,0,4
BRDA:182,19,0,111
BRDA:182,19,1,1749
BRDA:182,20,0,1860
BRDA:182,20,1,1737
BRDA:194,21,0,153
BRDA:194,21,1,1707
BRDA:198,22,0,8
BRDA:198,22,1,1699
BRDA:201,23,0,0
BRDA:201,23,1,1699
BRDA:209,24,0,480
BRDA:209,24,1,1219
BRDA:215,25,0,516
BRDA:215,25,1,703
BRDA:216,26,0,4
BRDA:216,26,1,512
BRDA:236,27,0,33
BRDA:236,27,1,19
BRDA:240,28,0,19
BRDA:240,28,1,0
BRDA:242,29,0,18
BRDA:242,29,1,1
BRDA:251,30,0,0
BRDA:251,30,1,1
BRDA:258,31,0,0
BRDA:258,31,1,1
BRDA:277,32,0,0
BRDA:277,32,1,703
BRDA:287,33,0,0
BRDA:287,33,1,15
BRDA:287,34,0,15
BRDA:287,34,1,15
BRF:68
BRH:53
end_of_record
TN:
SF:C:\projects\js-slang\src\schedulers.ts
FN:7,(anonymous_0)
FN:8,(anonymous_1)
FN:39,(anonymous_2)
FN:41,(anonymous_3)
FN:42,(anonymous_4)
FN:48,(anonymous_5)
FNF:6
FNH:4
FNDA:0,(anonymous_0)
FNDA:0,(anonymous_1)
FNDA:703,(anonymous_2)
FNDA:718,(anonymous_3)
FNDA:718,(anonymous_4)
FNDA:2065,(anonymous_5)
DA:2,24
DA:3,24
DA:6,24
DA:8,0
DA:9,0
DA:10,0
DA:11,0
DA:12,0
DA:13,0
DA:14,0
DA:15,0
DA:16,0
DA:20,0
DA:22,0
DA:24,0
DA:25,0
DA:32,0
DA:38,24
DA:39,703
DA:42,718
DA:43,718
DA:46,718
DA:47,718
DA:48,718
DA:49,2065
DA:50,2065
DA:51,2065
DA:52,1393240
DA:53,1393240
DA:55,1393125
DA:56,1393125
DA:57,27
DA:60,1950
DA:62,115
DA:63,11
DA:64,11
DA:65,11
DA:66,11
DA:71,35
DA:72,30
DA:73,30
DA:76,11
DA:78,115
DA:79,115
DA:80,115
DA:82,2065
DA:83,603
DA:84,603
DA:85,603
DA:86,27
DA:93,576
LF:51
LH:37
BRDA:14,0,0,0
BRDA:14,0,1,0
BRDA:24,1,0,0
BRDA:24,1,1,0
BRDA:51,2,0,1395190
BRDA:51,2,1,1394587
BRDA:55,3,0,1393125
BRDA:55,3,1,27
BRDA:56,4,0,27
BRDA:56,4,1,1393098
BRDA:62,5,0,11
BRDA:62,5,1,104
BRDA:68,6,0,46
BRDA:68,6,1,36
BRDA:71,7,0,30
BRDA:71,7,1,5
BRDA:82,8,0,603
BRDA:82,8,1,1462
BRDA:85,9,0,27
BRDA:85,9,1,576
BRF:20
BRH:16
end_of_record
TN:
SF:C:\projects\js-slang\src\scoped-vars.ts
FN:5,scopeVariables
FN:30,(anonymous_1)
FN:45,(anonymous_2)
FN:48,(anonymous_3)
FN:49,(anonymous_4)
FN:50,(anonymous_5)
FN:51,(anonymous_6)
FN:53,(anonymous_7)
FN:56,(anonymous_8)
FN:59,(anonymous_9)
FN:60,(anonymous_10)
FN:93,scopeVariableDeclaration
FN:103,scopeFunctionDeclaration
FN:115,(anonymous_13)
FN:129,scopeAssignmentStatement
FN:140,scopeArrowFunction
FN:141,(anonymous_16)
FN:166,scopeIfStatements
FN:167,(anonymous_18)
FN:168,(anonymous_19)
FN:171,scopeIfStatement
FN:182,scopeWhileStatements
FN:183,(anonymous_22)
FN:187,scopeForStatement
FN:189,(anonymous_24)
FN:204,lookupDefinition
FN:218,(anonymous_26)
FN:219,(anonymous_27)
FN:222,(anonymous_28)
FN:224,(anonymous_29)
FN:234,(anonymous_30)
FN:255,getAllOccurrencesInScope
FN:277,(anonymous_32)
FN:280,(anonymous_33)
FN:283,getAllOccurencesInChildScopes
FN:293,(anonymous_35)
FN:294,(anonymous_36)
FN:306,(anonymous_37)
FN:309,(anonymous_38)
FN:313,getBlockFromLoc
FN:315,(anonymous_40)
FN:320,(anonymous_41)
FN:322,(anonymous_42)
FN:330,getAllIdentifiers
FN:358,getBlockStatements
FN:359,(anonymous_45)
FN:362,getDeclarationStatements
FN:366,(anonymous_47)
FN:371,getAssignmentStatements
FN:375,(anonymous_49)
FN:381,getIfStatements
FN:382,(anonymous_51)
FN:385,getForStatements
FN:386,(anonymous_53)
FN:389,getWhileStatements
FN:390,(anonymous_55)
FN:394,isVariableDeclaration
FN:400,isBlockFrame
FN:404,isDefinitionNode
FN:408,notEmpty
FN:414,sortByLoc
FN:433,isInLoc
FN:456,isPartOf
FN:464,getNodeLocsInCurrentBlockFrame
FN:470,(anonymous_64)
FN:472,(anonymous_65)
FN:474,(anonymous_66)
FN:476,(anonymous_67)
FN:478,(anonymous_68)
FN:479,(anonymous_69)
FN:483,getBlockFramesInCurrentBlockFrame
FN:489,(anonymous_71)
FN:490,(anonymous_72)
FN:492,(anonymous_73)
FN:494,(anonymous_74)
FN:497,(anonymous_75)
FN:501,(anonymous_76)
FN:505,areLocsEqual
FNF:78
FNH:74
FNDA:44,scopeVariables
FNDA:31,(anonymous_1)
FNDA:0,(anonymous_2)
FNDA:31,(anonymous_3)
FNDA:8,(anonymous_4)
FNDA:8,(anonymous_5)
FNDA:8,(anonymous_6)
FNDA:14,(anonymous_7)
FNDA:23,(anonymous_8)
FNDA:2,(anonymous_9)
FNDA:16,(anonymous_10)
FNDA:23,scopeVariableDeclaration
FNDA:8,scopeFunctionDeclaration
FNDA:5,(anonymous_13)
FNDA:14,scopeAssignmentStatement
FNDA:16,scopeArrowFunction
FNDA:16,(anonymous_16)
FNDA:44,scopeIfStatements
FNDA:2,(anonymous_18)
FNDA:2,(anonymous_19)
FNDA:4,scopeIfStatement
FNDA:44,scopeWhileStatements
FNDA:0,(anonymous_22)
FNDA:0,scopeForStatement
FNDA:0,(anonymous_24)
FNDA:26,lookupDefinition
FNDA:76,(anonymous_26)
FNDA:54,(anonymous_27)
FNDA:30,(anonymous_28)
FNDA:25,(anonymous_29)
FNDA:22,(anonymous_30)
FNDA:7,getAllOccurrencesInScope
FNDA:7,(anonymous_32)
FNDA:7,(anonymous_33)
FNDA:8,getAllOccurencesInChildScopes
FNDA:6,(anonymous_35)
FNDA:5,(anonymous_36)
FNDA:1,(anonymous_37)
FNDA:1,(anonymous_38)
FNDA:6,getBlockFromLoc
FNDA:7,(anonymous_40)
FNDA:4,(anonymous_41)
FNDA:4,(anonymous_42)
FNDA:6,getAllIdentifiers
FNDA:44,getBlockStatements
FNDA:76,(anonymous_45)
FNDA:44,getDeclarationStatements
FNDA:76,(anonymous_47)
FNDA:44,getAssignmentStatements
FNDA:76,(anonymous_49)
FNDA:44,getIfStatements
FNDA:76,(anonymous_51)
FNDA:44,getForStatements
FNDA:76,(anonymous_53)
FNDA:44,getWhileStatements
FNDA:76,(anonymous_55)
FNDA:62,isVariableDeclaration
FNDA:213,isBlockFrame
FNDA:7,isDefinitionNode
FNDA:176,notEmpty
FNDA:55,sortByLoc
FNDA:319,isInLoc
FNDA:180,isPartOf
FNDA:12,getNodeLocsInCurrentBlockFrame
FNDA:65,(anonymous_64)
FNDA:65,(anonymous_65)
FNDA:30,(anonymous_66)
FNDA:38,(anonymous_67)
FNDA:38,(anonymous_68)
FNDA:33,(anonymous_69)
FNDA:44,getBlockFramesInCurrentBlockFrame
FNDA:16,(anonymous_71)
FNDA:16,(anonymous_72)
FNDA:16,(anonymous_73)
FNDA:46,(anonymous_74)
FNDA:46,(anonymous_75)
FNDA:28,(anonymous_76)
FNDA:26,areLocsEqual
DA:1,20
DA:5,20
DA:10,44
DA:11,0
DA:14,44
DA:21,44
DA:25,44
DA:26,44
DA:27,44
DA:28,44
DA:29,44
DA:30,44
DA:31,31
DA:34,44
DA:35,44
DA:37,16
DA:38,16
DA:43,44
DA:44,44
DA:45,44
DA:47,44
DA:48,31
DA:49,8
DA:50,44
DA:51,44
DA:53,44
DA:54,14
DA:56,44
DA:57,23
DA:59,44
DA:60,44
DA:64,44
DA:77,44
DA:88,44
DA:90,44
DA:93,20
DA:94,23
DA:103,20
DA:109,8
DA:115,8
DA:122,8
DA:124,8
DA:126,8
DA:130,14
DA:141,16
DA:151,16
DA:162,16
DA:163,16
DA:167,44
DA:168,44
DA:172,4
DA:173,4
DA:174,0
DA:176,4
DA:183,44
DA:188,0
DA:189,0
DA:196,0
DA:199,0
DA:200,0
DA:204,20
DA:214,26
DA:215,0
DA:218,76
DA:219,54
DA:222,30
DA:225,25
DA:231,26
DA:232,26
DA:234,22
DA:236,26
DA:237,0
DA:240,26
DA:255,20
DA:261,7
DA:263,7
DA:264,7
DA:265,1
DA:267,6
DA:268,6
DA:269,6
DA:271,6
DA:272,6
DA:277,6
DA:278,7
DA:280,7
DA:291,8
DA:293,6
DA:294,5
DA:295,8
DA:296,2
DA:300,6
DA:301,6
DA:306,6
DA:307,1
DA:309,6
DA:314,6
DA:315,6
DA:316,7
DA:318,6
DA:320,4
DA:321,4
DA:322,4
DA:323,4
DA:326,6
DA:331,6
DA:333,6
DA:335,11
DA:336,11
DA:340,30
DA:341,30
DA:342,19
DA:344,0
DA:345,0
DA:346,0
DA:347,0
DA:354,6
DA:359,76
DA:365,44
DA:367,76
DA:374,44
DA:376,76
DA:382,76
DA:386,76
DA:390,76
DA:397,62
DA:401,213
DA:405,7
DA:409,176
DA:415,55
DA:416,0
DA:417,55
DA:418,0
DA:419,55
DA:420,0
DA:423,55
DA:424,33
DA:425,22
DA:426,10
DA:428,12
DA:434,319
DA:435,0
DA:438,319
DA:439,128
DA:440,191
DA:441,26
DA:442,165
DA:443,8
DA:444,157
DA:445,70
DA:446,64
DA:448,6
DA:451,87
DA:457,180
DA:469,12
DA:470,65
DA:472,65
DA:473,12
DA:475,30
DA:476,38
DA:478,38
DA:479,33
DA:488,44
DA:489,16
DA:490,16
DA:491,44
DA:493,16
DA:494,46
DA:498,46
DA:501,28
DA:506,26
LF:171
LH:154
BRDA:10,0,0,0
BRDA:10,0,1,44
BRDA:18,1,0,20
BRDA:18,1,1,24
BRDA:37,2,0,16
BRDA:37,2,1,0
BRDA:152,3,0,0
BRDA:152,3,1,16
BRDA:173,4,0,0
BRDA:173,4,1,4
BRDA:177,5,0,2
BRDA:177,5,1,2
BRDA:189,6,0,0
BRDA:189,6,1,0
BRDA:212,7,0,7
BRDA:214,8,0,0
BRDA:214,8,1,26
BRDA:222,9,0,15
BRDA:222,9,1,15
BRDA:226,10,0,25
BRDA:226,10,1,0
BRDA:226,11,0,25
BRDA:226,11,1,1
BRDA:226,11,2,1
BRDA:231,12,0,21
BRDA:231,12,1,5
BRDA:236,13,0,0
BRDA:236,13,1,26
BRDA:241,14,0,12
BRDA:241,14,1,14
BRDA:264,15,0,1
BRDA:264,15,1,6
BRDA:264,16,0,7
BRDA:264,16,1,6
BRDA:295,17,0,2
BRDA:295,17,1,6
BRDA:335,18,0,11
BRDA:335,18,1,0
BRDA:335,19,0,11
BRDA:335,19,1,11
BRDA:340,20,0,30
BRDA:340,20,1,0
BRDA:341,21,0,19
BRDA:341,21,1,11
BRDA:344,22,0,0
BRDA:344,22,1,0
BRDA:345,23,0,0
BRDA:345,23,1,0
BRDA:346,24,0,0
BRDA:346,24,1,0
BRDA:367,25,0,76
BRDA:367,25,1,68
BRDA:376,26,0,76
BRDA:376,26,1,41
BRDA:409,27,0,176
BRDA:409,27,1,176
BRDA:415,28,0,0
BRDA:415,28,1,55
BRDA:415,29,0,55
BRDA:415,29,1,0
BRDA:417,30,0,0
BRDA:417,30,1,55
BRDA:419,31,0,0
BRDA:419,31,1,55
BRDA:423,32,0,33
BRDA:423,32,1,22
BRDA:425,33,0,10
BRDA:425,33,1,12
BRDA:434,34,0,0
BRDA:434,34,1,319
BRDA:438,35,0,128
BRDA:438,35,1,191
BRDA:438,36,0,319
BRDA:438,36,1,157
BRDA:440,37,0,26
BRDA:440,37,1,165
BRDA:440,38,0,191
BRDA:440,38,1,96
BRDA:442,39,0,8
BRDA:442,39,1,157
BRDA:442,40,0,165
BRDA:442,40,1,29
BRDA:444,41,0,70
BRDA:444,41,1,87
BRDA:444,42,0,157
BRDA:444,42,1,70
BRDA:445,43,0,64
BRDA:445,43,1,6
BRDA:445,44,0,70
BRDA:445,44,1,66
BRDA:458,45,0,180
BRDA:458,45,1,91
BRDA:498,46,0,46
BRDA:498,46,1,26
BRDA:507,47,0,26
BRDA:507,47,1,20
BRDA:507,47,2,16
BRDA:507,47,3,16
BRF:98
BRH:76
end_of_record
TN:
SF:C:\projects\js-slang\src\types.ts
FN:23,(anonymous_0)
FN:29,(anonymous_1)
FNF:2
FNH:2
FNDA:24,(anonymous_0)
FNDA:24,(anonymous_1)
DA:23,24
DA:24,24
DA:25,24
DA:26,24
DA:29,24
DA:30,24
DA:31,24
LF:7
LH:7
BRDA:23,0,0,24
BRDA:23,0,1,24
BRDA:29,1,0,24
BRDA:29,1,1,24
BRF:4
BRH:4
end_of_record
TN:
SF:C:\projects\js-slang\src\errors\errors.ts
FN:10,(anonymous_0)
FN:14,(anonymous_1)
FN:18,(anonymous_2)
FN:27,(anonymous_3)
FN:29,(anonymous_4)
FN:33,(anonymous_5)
FN:52,(anonymous_6)
FN:46,(anonymous_7)
FN:56,(anonymous_8)
FN:57,(anonymous_9)
FN:59,(anonymous_10)
FN:63,(anonymous_11)
FN:69,(anonymous_12)
FN:73,(anonymous_13)
FN:77,(anonymous_14)
FN:98,(anonymous_15)
FN:102,(anonymous_16)
FN:106,(anonymous_17)
FN:112,(anonymous_18)
FN:116,(anonymous_19)
FN:120,(anonymous_20)
FN:128,(anonymous_21)
FN:133,(anonymous_22)
FN:137,(anonymous_23)
FN:146,(anonymous_24)
FN:150,(anonymous_25)
FN:154,(anonymous_26)
FN:177,(anonymous_27)
FN:181,(anonymous_28)
FN:185,(anonymous_29)
FN:191,(anonymous_30)
FN:195,(anonymous_31)
FN:199,(anonymous_32)
FN:209,(anonymous_33)
FN:214,(anonymous_34)
FN:218,(anonymous_35)
FN:224,(anonymous_36)
FN:228,(anonymous_37)
FN:232,(anonymous_38)
FNF:39
FNH:23
FNDA:0,(anonymous_0)
FNDA:0,(anonymous_1)
FNDA:0,(anonymous_2)
FNDA:54,(anonymous_3)
FNDA:53,(anonymous_4)
FNDA:0,(anonymous_5)
FNDA:11,(anonymous_6)
FNDA:31,(anonymous_7)
FNDA:11,(anonymous_8)
FNDA:30,(anonymous_9)
FNDA:30,(anonymous_10)
FNDA:0,(anonymous_11)
FNDA:30,(anonymous_12)
FNDA:30,(anonymous_13)
FNDA:8,(anonymous_14)
FNDA:8,(anonymous_15)
FNDA:8,(anonymous_16)
FNDA:1,(anonymous_17)
FNDA:3,(anonymous_18)
FNDA:3,(anonymous_19)
FNDA:0,(anonymous_20)
FNDA:22,(anonymous_21)
FNDA:22,(anonymous_22)
FNDA:6,(anonymous_23)
FNDA:0,(anonymous_24)
FNDA:0,(anonymous_25)
FNDA:0,(anonymous_26)
FNDA:6,(anonymous_27)
FNDA:6,(anonymous_28)
FNDA:2,(anonymous_29)
FNDA:0,(anonymous_30)
FNDA:0,(anonymous_31)
FNDA:0,(anonymous_32)
FNDA:2,(anonymous_33)
FNDA:2,(anonymous_34)
FNDA:0,(anonymous_35)
FNDA:0,(anonymous_36)
FNDA:0,(anonymous_37)
FNDA:0,(anonymous_38)
DA:3,24
DA:5,24
DA:6,24
DA:7,24
DA:9,24
DA:11,0
DA:15,0
DA:19,0
DA:23,24
DA:24,54
DA:25,54
DA:27,54
DA:30,53
DA:34,0
DA:38,24
DA:39,24
DA:41,11
DA:44,30
DA:45,30
DA:46,31
DA:47,30
DA:48,30
DA:52,11
DA:53,11
DA:57,30
DA:58,11
DA:59,30
DA:64,0
DA:68,24
DA:69,30
DA:70,30
DA:74,30
DA:78,8
DA:79,8
DA:80,8
DA:82,8
DA:84,8
DA:86,8
DA:87,8
DA:89,8
DA:90,1
DA:92,7
DA:97,24
DA:98,8
DA:99,8
DA:103,8
DA:107,1
DA:111,24
DA:112,3
DA:113,3
DA:117,3
DA:121,0
DA:125,24
DA:128,22
DA:129,22
DA:130,22
DA:134,22
DA:138,6
DA:139,6
DA:141,6
DA:145,24
DA:146,0
DA:147,0
DA:151,0
DA:155,0
DA:156,0
DA:158,0
DA:160,0
DA:161,0
DA:163,0
DA:164,0
DA:167,0
DA:168,0
DA:169,0
DA:171,0
DA:176,24
DA:177,6
DA:178,6
DA:182,6
DA:186,2
DA:190,24
DA:191,0
DA:192,0
DA:196,0
DA:200,0
DA:204,24
DA:205,2
DA:206,2
DA:209,2
DA:210,2
DA:211,2
DA:215,2
DA:219,0
DA:223,24
DA:224,0
DA:225,0
DA:229,0
DA:233,0
LF:98
LH:69
BRDA:89,0,0,1
BRDA:89,0,1,7
BRDA:139,1,0,5
BRDA:139,1,1,1
BRDA:155,2,0,0
BRDA:155,2,1,0
BRDA:160,3,0,0
BRDA:160,3,1,0
BRDA:163,4,0,0
BRDA:163,4,1,0
BRDA:168,5,0,0
BRDA:168,5,1,0
BRF:12
BRH:4
end_of_record
TN:
SF:C:\projects\js-slang\src\errors\runtimeSourceError.ts
FN:10,(anonymous_0)
FN:14,(anonymous_1)
FN:18,(anonymous_2)
FNF:3
FNH:1
FNDA:950,(anonymous_0)
FNDA:0,(anonymous_1)
FNDA:0,(anonymous_2)
DA:2,24
DA:3,24
DA:5,24
DA:6,950
DA:7,950
DA:11,950
DA:15,0
DA:19,0
LF:8
LH:6
BRDA:11,0,0,950
BRDA:11,0,1,0
BRF:2
BRH:1
end_of_record
TN:
SF:C:\projects\js-slang\src\errors\timeoutErrors.ts
FN:10,getWarningMessage
FN:22,(anonymous_1)
FN:26,(anonymous_2)
FN:31,(anonymous_3)
FN:40,(anonymous_4)
FN:45,(anonymous_5)
FN:47,(anonymous_6)
FN:48,(anonymous_7)
FN:54,(anonymous_8)
FNF:9
FNH:7
FNDA:7,getWarningMessage
FNDA:2,(anonymous_1)
FNDA:2,(anonymous_2)
FNDA:0,(anonymous_3)
FNDA:5,(anonymous_4)
FNDA:5,(anonymous_5)
FNDA:15,(anonymous_6)
FNDA:27,(anonymous_7)
FNDA:0,(anonymous_8)
DA:3,24
DA:4,24
DA:6,24
DA:7,24
DA:8,24
DA:11,7
DA:12,7
DA:13,7
DA:18,24
DA:19,2
DA:20,2
DA:23,2
DA:27,2
DA:32,0
DA:36,24
DA:37,5
DA:38,5
DA:40,5
DA:41,5
DA:42,5
DA:46,5
DA:48,27
DA:50,5
DA:55,0
LF:24
LH:22
BRF:0
BRH:0
end_of_record
TN:
SF:C:\projects\js-slang\src\errors\validityErrors.ts
FN:8,(anonymous_0)
FN:10,(anonymous_1)
FN:14,(anonymous_2)
FN:18,(anonymous_3)
FNF:4
FNH:3
FNDA:3,(anonymous_0)
FNDA:12,(anonymous_1)
FNDA:3,(anonymous_2)
FNDA:0,(anonymous_3)
DA:2,19
DA:4,19
DA:5,3
DA:6,3
DA:8,3
DA:11,12
DA:15,3
DA:19,0
LF:8
LH:7
BRF:0
BRH:0
end_of_record
TN:
SF:C:\projects\js-slang\src\interpreter\closure.ts
FN:14,(anonymous_0)
FN:15,DummyClass
FN:27,(anonymous_2)
FN:29,(anonymous_3)
FN:34,(anonymous_4)
FN:35,(anonymous_5)
FN:42,(anonymous_6)
FN:85,(anonymous_7)
FN:86,(anonymous_8)
FN:95,(anonymous_9)
FN:52,(anonymous_10)
FN:57,isExpressionBody
FN:105,(anonymous_12)
FNF:13
FNH:9
FNDA:8801,(anonymous_0)
FNDA:622,DummyClass
FNDA:0,(anonymous_2)
FNDA:0,(anonymous_3)
FNDA:0,(anonymous_4)
FNDA:0,(anonymous_5)
FNDA:8802,(anonymous_6)
FNDA:8802,(anonymous_7)
FNDA:620,(anonymous_8)
FNDA:61,(anonymous_9)
FNDA:691,(anonymous_10)
FNDA:691,isExpressionBody
FNDA:20,(anonymous_12)
DA:2,24
DA:6,24
DA:12,24
DA:14,24
DA:16,622
DA:17,622
DA:18,622
DA:19,622
DA:20,12218
DA:22,610
DA:24,8801
DA:27,8801
DA:28,8801
DA:30,0
DA:31,0
DA:34,8801
DA:35,8801
DA:36,0
DA:38,8801
DA:43,8802
DA:44,8801
DA:51,24
DA:58,691
DA:60,691
DA:63,691
DA:70,690
DA:72,690
DA:85,8801
DA:86,8802
DA:87,620
DA:89,8801
DA:90,8801
DA:91,8110
DA:93,691
DA:95,61
DA:101,8801
DA:102,8801
DA:106,20
LF:38
LH:35
BRDA:90,0,0,8110
BRDA:90,0,1,691
BRDA:90,1,0,8801
BRDA:90,1,1,8110
BRDA:94,2,0,38
BRDA:94,2,1,653
BRDA:96,3,0,38
BRDA:96,3,1,653
BRDA:61,4,0,686
BRDA:61,4,1,5
BRF:10
BRH:10
end_of_record
TN:
SF:C:\projects\js-slang\src\interpreter\interpreter.ts
FN:19,(anonymous_0)
FN:23,(anonymous_1)
FN:29,(anonymous_2)
FN:35,(anonymous_3)
FN:37,forceIt
FN:50,actualValue
FN:56,(anonymous_6)
FN:72,(anonymous_7)
FN:79,(anonymous_8)
FN:92,(anonymous_9)
FN:102,hoistIdentifier
FN:116,hoistVariableDeclarations
FN:122,hoistFunctionsAndVariableDeclarationsIdentifiers
FN:138,defineVariable
FN:157,visit
FN:163,leave
FN:169,(anonymous_16)
FN:170,(anonymous_17)
FN:172,(anonymous_18)
FN:173,(anonymous_19)
FN:176,(anonymous_20)
FN:195,(anonymous_21)
FN:218,(anonymous_22)
FN:233,getArgs
FN:245,transformLogicalExpression
FN:253,reduceIf
FN:269,evaluateBlockSatement
FN:300,(anonymous_27)
FN:304,(anonymous_28)
FN:308,(anonymous_29)
FN:316,(anonymous_30)
FN:321,(anonymous_31)
FN:325,(anonymous_32)
FN:329,(anonymous_33)
FN:333,(anonymous_34)
FN:344,(anonymous_35)
FN:361,(anonymous_36)
FN:371,(anonymous_37)
FN:382,(anonymous_38)
FN:386,(anonymous_39)
FN:390,(anonymous_40)
FN:399,(anonymous_41)
FN:403,(anonymous_42)
FN:407,(anonymous_43)
FN:459,(anonymous_44)
FN:491,(anonymous_45)
FN:522,(anonymous_46)
FN:530,(anonymous_47)
FN:534,(anonymous_48)
FN:538,(anonymous_49)
FN:562,(anonymous_50)
FN:579,(anonymous_51)
FN:593,(anonymous_52)
FN:604,(anonymous_53)
FN:614,evaluate
FN:621,apply
FNF:56
FNH:55
FNDA:5865,(anonymous_0)
FNDA:46634,(anonymous_1)
FNDA:18,(anonymous_2)
FNDA:18,(anonymous_3)
FNDA:565572,forceIt
FNDA:566433,actualValue
FNDA:58679,(anonymous_6)
FNDA:118623,(anonymous_7)
FNDA:31384,(anonymous_8)
FNDA:104,(anonymous_9)
FNDA:8375,hoistIdentifier
FNDA:107,hoistVariableDeclarations
FNDA:89924,hoistFunctionsAndVariableDeclarationsIdentifiers
FNDA:8329,defineVariable
FNDA:711292,visit
FNDA:694201,leave
FNDA:48578,(anonymous_16)
FNDA:45815,(anonymous_17)
FNDA:37009,(anonymous_18)
FNDA:44262,(anonymous_19)
FNDA:236034,(anonymous_20)
FNDA:148,(anonymous_21)
FNDA:58693,(anonymous_22)
FNDA:62951,getArgs
FNDA:10377,transformLogicalExpression
FNDA:68409,reduceIf
FNDA:89924,evaluateBlockSatement
FNDA:169880,(anonymous_27)
FNDA:2,(anonymous_28)
FNDA:41,(anonymous_29)
FNDA:6,(anonymous_30)
FNDA:0,(anonymous_31)
FNDA:691,(anonymous_32)
FNDA:236034,(anonymous_33)
FNDA:15134,(anonymous_34)
FNDA:2,(anonymous_35)
FNDA:49,(anonymous_36)
FNDA:154706,(anonymous_37)
FNDA:5266,(anonymous_38)
FNDA:5262,(anonymous_39)
FNDA:99,(anonymous_40)
FNDA:1,(anonymous_41)
FNDA:2,(anonymous_42)
FNDA:10,(anonymous_43)
FNDA:24,(anonymous_44)
FNDA:279,(anonymous_45)
FNDA:8110,(anonymous_46)
FNDA:35671,(anonymous_47)
FNDA:609,(anonymous_48)
FNDA:58648,(anonymous_49)
FNDA:7,(anonymous_50)
FNDA:33,(anonymous_51)
FNDA:30543,(anonymous_52)
FNDA:704,(anonymous_53)
FNDA:711294,evaluate
FNDA:15734,apply
DA:3,24
DA:4,24
DA:5,24
DA:6,24
DA:8,24
DA:9,24
DA:10,24
DA:11,24
DA:12,24
DA:19,5865
DA:23,46634
DA:29,18
DA:30,18
DA:31,18
DA:35,24
DA:38,565572
DA:39,19
DA:41,16
DA:42,16
DA:43,16
DA:44,16
DA:45,16
DA:46,16
DA:47,565553
DA:50,24
DA:51,566433
DA:52,560241
DA:53,560241
DA:56,24
DA:61,58679
DA:66,58677
DA:67,58677
DA:72,58677
DA:73,118623
DA:74,118623
DA:76,58677
DA:79,24
DA:84,31384
DA:92,24
DA:93,104
DA:94,104
DA:97,104
DA:100,24
DA:103,8375
DA:104,8375
DA:105,0
DA:107,0
DA:112,8375
DA:113,8375
DA:117,107
DA:118,107
DA:126,89924
DA:127,97989
DA:129,98
DA:130,98
DA:132,8145
DA:133,8145
DA:139,8329
DA:141,8329
DA:142,0
DA:148,8329
DA:154,8329
DA:158,711292
DA:159,711291
DA:160,711291
DA:164,694201
DA:165,694201
DA:166,694201
DA:169,48578
DA:170,24
DA:171,45815
DA:172,37009
DA:173,24
DA:174,44262
DA:176,24
DA:177,236034
DA:178,236034
DA:179,400366
DA:180,236027
DA:181,3
DA:186,236024
DA:189,164339
DA:192,7
DA:195,24
DA:196,148
DA:197,148
DA:198,187
DA:199,148
DA:200,1
DA:202,147
DA:203,147
DA:204,143
DA:205,143
DA:207,4
DA:212,39
DA:215,1
DA:218,24
DA:224,58693
DA:225,14
DA:230,58679
DA:234,62951
DA:235,62951
DA:236,124621
DA:237,124603
DA:239,18
DA:242,61746
DA:246,10377
DA:247,365
DA:249,10012
DA:257,68409
DA:259,68401
DA:260,68401
DA:261,1
DA:264,68400
DA:270,89924
DA:272,89924
DA:273,97896
DA:274,91225
DA:280,82525
DA:283,83253
DA:298,24
DA:301,169880
DA:305,2
DA:309,41
DA:310,41
DA:311,84
DA:313,41
DA:317,6
DA:318,6
DA:322,0
DA:326,691
DA:330,236034
DA:334,15134
DA:335,15127
DA:337,15112
DA:338,2
DA:340,15112
DA:341,8861
DA:345,2
DA:346,2
DA:347,2
DA:348,0
DA:350,2
DA:351,2
DA:352,2
DA:353,2
DA:355,0
DA:356,0
DA:358,0
DA:362,49
DA:364,48
DA:365,48
DA:366,0
DA:368,48
DA:372,154706
DA:373,153635
DA:375,151085
DA:376,151085
DA:377,7
DA:379,151078
DA:383,5266
DA:387,5262
DA:391,99
DA:392,99
DA:393,99
DA:394,99
DA:395,96
DA:396,96
DA:400,1
DA:404,2
DA:409,10
DA:410,10
DA:412,10
DA:413,10
DA:414,10
DA:415,10
DA:416,9
DA:418,10
DA:421,10
DA:427,127
DA:428,127
DA:429,127
DA:430,123
DA:431,123
DA:432,123
DA:436,127
DA:439,126
DA:440,126
DA:441,1
DA:443,126
DA:444,1
DA:445,1
DA:447,125
DA:448,3
DA:451,122
DA:454,9
DA:456,9
DA:460,24
DA:461,24
DA:462,1
DA:465,24
DA:466,10
DA:468,14
DA:471,24
DA:472,24
DA:473,3
DA:476,21
DA:482,1
DA:484,20
DA:485,20
DA:487,0
DA:492,279
DA:493,131
DA:494,131
DA:496,131
DA:497,123
DA:499,8
DA:502,131
DA:503,131
DA:504,4
DA:507,127
DA:508,127
DA:509,127
DA:511,0
DA:513,127
DA:515,148
DA:517,148
DA:518,148
DA:519,143
DA:523,8110
DA:525,8110
DA:526,8110
DA:527,8110
DA:531,35671
DA:535,609
DA:539,58648
DA:542,58648
DA:546,32738
DA:547,5115
DA:549,32738
DA:553,58641
DA:554,49172
DA:555,47824
DA:556,46634
DA:558,9469
DA:564,7
DA:571,11
DA:573,6
DA:574,1
DA:576,5
DA:580,33
DA:581,33
DA:583,55
DA:584,51
DA:586,4
DA:588,55
DA:590,33
DA:597,30543
DA:598,30543
DA:599,30543
DA:600,30178
DA:601,30178
DA:605,704
DA:606,704
DA:607,704
DA:608,704
DA:609,576
DA:614,24
DA:615,711294
DA:616,711285
DA:617,694201
DA:618,694200
DA:621,24
DA:629,15734
DA:631,15734
DA:632,62368
DA:633,58693
DA:634,58679
DA:635,58677
DA:636,58677
DA:637,45815
DA:639,12862
DA:640,12862
DA:642,58677
DA:643,52499
DA:644,46634
DA:645,46634
DA:646,46634
DA:647,5865
DA:649,14
DA:651,3675
DA:652,0
DA:653,0
DA:654,0
DA:655,0
DA:656,0
DA:657,0
DA:659,0
DA:661,0
DA:662,0
DA:663,0
DA:665,0
DA:668,0
DA:672,0
DA:673,0
DA:677,0
DA:679,0
DA:680,0
DA:682,3675
DA:683,3650
DA:684,3650
DA:686,3650
DA:687,4755
DA:690,3650
DA:691,3606
DA:694,44
DA:698,44
DA:699,44
DA:703,35
DA:705,9
DA:706,9
DA:709,25
DA:713,9471
DA:714,5865
DA:716,9471
DA:717,6680
DA:719,9471
LF:327
LH:299
BRDA:38,0,0,19
BRDA:38,0,1,565553
BRDA:39,1,0,3
BRDA:39,1,1,16
BRDA:66,2,0,58677
BRDA:66,2,1,0
BRDA:81,3,0,0
BRDA:82,4,0,31384
BRDA:104,5,0,0
BRDA:104,5,1,8375
BRDA:128,6,0,98
BRDA:128,6,1,8145
BRDA:138,7,0,0
BRDA:141,8,0,0
BRDA:141,8,1,8329
BRDA:179,9,0,236027
BRDA:179,9,1,164339
BRDA:180,10,0,3
BRDA:180,10,1,236024
BRDA:198,11,0,148
BRDA:198,11,1,39
BRDA:199,12,0,1
BRDA:199,12,1,147
BRDA:203,13,0,143
BRDA:203,13,1,4
BRDA:224,14,0,14
BRDA:224,14,1,58679
BRDA:236,15,0,124603
BRDA:236,15,1,18
BRDA:246,16,0,365
BRDA:246,16,1,10012
BRDA:260,17,0,1
BRDA:260,17,1,68400
BRDA:264,18,0,10437
BRDA:264,18,1,57963
BRDA:274,19,0,82525
BRDA:274,19,1,8700
BRDA:275,20,0,91225
BRDA:275,20,1,80358
BRDA:275,20,2,8706
BRDA:275,20,3,8702
BRDA:337,21,0,2
BRDA:337,21,1,15110
BRDA:351,22,0,2
BRDA:351,22,1,0
BRDA:365,23,0,0
BRDA:365,23,1,48
BRDA:376,24,0,7
BRDA:376,24,1,151078
BRDA:415,25,0,9
BRDA:415,25,1,1
BRDA:430,26,0,123
BRDA:430,26,1,0
BRDA:440,27,0,1
BRDA:440,27,1,125
BRDA:443,28,0,1
BRDA:443,28,1,125
BRDA:447,29,0,3
BRDA:447,29,1,122
BRDA:447,30,0,125
BRDA:447,30,1,123
BRDA:461,31,0,1
BRDA:461,31,1,23
BRDA:465,32,0,10
BRDA:465,32,1,14
BRDA:472,33,0,3
BRDA:472,33,1,21
BRDA:476,34,0,1
BRDA:476,34,1,20
BRDA:477,35,0,21
BRDA:477,35,1,21
BRDA:477,35,2,21
BRDA:477,35,3,19
BRDA:492,36,0,131
BRDA:492,36,1,148
BRDA:496,37,0,123
BRDA:496,37,1,8
BRDA:503,38,0,4
BRDA:503,38,1,127
BRDA:543,39,0,91379
BRDA:543,39,1,86264
BRDA:546,40,0,5115
BRDA:546,40,1,27623
BRDA:553,41,0,49172
BRDA:553,41,1,9469
BRDA:553,42,0,58641
BRDA:553,42,1,49173
BRDA:566,43,0,17
BRDA:566,43,1,15
BRDA:566,43,2,13
BRDA:566,43,3,12
BRDA:573,44,0,1
BRDA:573,44,1,5
BRDA:583,45,0,51
BRDA:583,45,1,4
BRDA:632,46,0,58693
BRDA:632,46,1,3675
BRDA:636,47,0,45815
BRDA:636,47,1,12862
BRDA:643,48,0,46634
BRDA:643,48,1,5865
BRDA:647,49,0,14
BRDA:647,49,1,5851
BRDA:651,50,0,0
BRDA:651,50,1,3675
BRDA:654,51,0,0
BRDA:654,51,1,0
BRDA:662,52,0,0
BRDA:662,52,1,0
BRDA:672,53,0,0
BRDA:672,53,1,0
BRDA:673,54,0,0
BRDA:673,54,1,0
BRDA:673,55,0,0
BRDA:673,55,1,0
BRDA:682,56,0,3650
BRDA:682,56,1,25
BRDA:698,57,0,44
BRDA:698,57,1,0
BRDA:699,58,0,35
BRDA:699,58,1,9
BRDA:699,59,0,44
BRDA:699,59,1,44
BRDA:713,60,0,5865
BRDA:713,60,1,3606
BRF:125
BRH:105
end_of_record
TN:
SF:C:\projects\js-slang\src\mocks\context.ts
FN:7,mockContext
FN:11,mockRuntimeContext
FN:34,mockClosure
FNF:3
FNH:3
FNDA:85,mockContext
FNDA:1014,mockRuntimeContext
FNDA:1,mockClosure
DA:3,23
DA:4,23
DA:7,23
DA:8,85
DA:11,23
DA:12,1014
DA:13,1014
DA:31,1014
DA:34,23
DA:35,1
LF:10
LH:10
BRDA:7,0,0,44
BRF:1
BRH:1
end_of_record
TN:
SF:C:\projects\js-slang\src\parser\parser.ts
FN:21,(anonymous_0)
FN:25,(anonymous_1)
FN:29,(anonymous_2)
FN:33,(anonymous_3)
FN:45,(anonymous_4)
FN:53,(anonymous_5)
FN:62,(anonymous_6)
FN:64,(anonymous_7)
FN:68,(anonymous_8)
FN:76,(anonymous_9)
FN:78,(anonymous_10)
FN:82,(anonymous_11)
FN:90,(anonymous_12)
FN:92,(anonymous_13)
FN:96,(anonymous_14)
FN:101,parseAt
FN:111,parse
FN:129,(anonymous_17)
FN:139,(anonymous_18)
FN:163,looseParse
FN:171,createWalkers
FN:180,(anonymous_21)
FN:182,(anonymous_22)
FN:194,(anonymous_23)
FN:197,(anonymous_24)
FN:201,(anonymous_25)
FN:206,(anonymous_26)
FN:208,(anonymous_27)
FN:218,(anonymous_28)
FN:219,(anonymous_29)
FNF:30
FNH:30
FNDA:97,(anonymous_0)
FNDA:364,(anonymous_1)
FNDA:92,(anonymous_2)
FNDA:30,(anonymous_3)
FNDA:97,(anonymous_4)
FNDA:198,(anonymous_5)
FNDA:54,(anonymous_6)
FNDA:40,(anonymous_7)
FNDA:15,(anonymous_8)
FNDA:10,(anonymous_9)
FNDA:7,(anonymous_10)
FNDA:3,(anonymous_11)
FNDA:3,(anonymous_12)
FNDA:3,(anonymous_13)
FNDA:1,(anonymous_14)
FNDA:1860,parseAt
FNDA:2441,parse
FNDA:184,(anonymous_17)
FNDA:2447,(anonymous_18)
FNDA:6,looseParse
FNDA:24,createWalkers
FNDA:1776,(anonymous_21)
FNDA:779312,(anonymous_22)
FNDA:408,(anonymous_23)
FNDA:432,(anonymous_24)
FNDA:226066,(anonymous_25)
FNDA:70,(anonymous_26)
FNDA:226066,(anonymous_27)
FNDA:24,(anonymous_28)
FNDA:1776,(anonymous_29)
DA:2,24
DA:8,24
DA:9,24
DA:11,24
DA:12,24
DA:13,24
DA:14,24
DA:16,24
DA:17,97
DA:18,97
DA:21,97
DA:22,97
DA:26,364
DA:30,92
DA:34,30
DA:46,97
DA:48,0
DA:50,2
DA:52,95
DA:53,198
DA:59,24
DA:60,54
DA:61,54
DA:62,54
DA:65,40
DA:69,15
DA:73,24
DA:74,10
DA:75,10
DA:76,10
DA:79,7
DA:83,3
DA:87,24
DA:90,3
DA:93,3
DA:97,1
DA:101,24
DA:103,1860
DA:104,1860
DA:106,123
DA:108,1737
DA:111,24
DA:113,2441
DA:114,2441
DA:115,2387
DA:117,54
DA:119,54
DA:120,54
DA:124,54
DA:126,0
DA:129,2441
DA:130,2441
DA:131,2260
DA:132,181
DA:133,6
DA:135,175
DA:139,2447
DA:145,10
DA:154,3
DA:163,24
DA:164,6
DA:168,6
DA:175,24
DA:176,24
DA:179,24
DA:180,24
DA:181,1776
DA:182,1776
DA:183,779312
DA:184,381334
DA:186,381334
DA:187,97
DA:194,24
DA:195,408
DA:196,408
DA:197,408
DA:198,432
DA:199,432
DA:200,432
DA:201,432
DA:202,226066
DA:203,22408
DA:205,203658
DA:206,203658
DA:208,432
DA:209,226066
DA:210,226066
DA:215,24
DA:218,24
DA:219,1776
DA:221,24
LF:91
LH:89
BRDA:47,0,0,0
BRDA:47,0,1,2
BRDA:47,0,2,95
BRDA:53,1,0,95
BRDA:53,1,1,103
BRDA:111,2,0,2425
BRDA:117,3,0,54
BRDA:117,3,1,0
BRDA:130,4,0,2260
BRDA:130,4,1,181
BRDA:130,5,0,2441
BRDA:130,5,1,2387
BRDA:132,6,0,6
BRDA:132,6,1,175
BRDA:183,7,0,381334
BRDA:183,7,1,397978
BRDA:186,8,0,97
BRDA:186,8,1,381237
BRDA:202,9,0,22408
BRDA:202,9,1,203658
BRDA:202,10,0,226066
BRDA:202,10,1,23478
BRF:22
BRH:20
end_of_record
TN:
SF:C:\projects\js-slang\src\parser\syntaxBlacklist.ts
FNF:0
FNH:0
DA:1,24
DA:3,24
DA:93,24
LF:3
LH:3
BRF:0
BRH:0
end_of_record
TN:
SF:C:\projects\js-slang\src\parser\rules\bracesAroundFor.ts
FN:10,(anonymous_0)
FN:12,(anonymous_1)
FN:16,(anonymous_2)
FN:20,(anonymous_3)
FNF:4
FNH:4
FNDA:2,(anonymous_0)
FNDA:8,(anonymous_1)
FNDA:2,(anonymous_2)
FNDA:1,(anonymous_3)
DA:1,24
DA:4,24
DA:6,24
DA:7,2
DA:8,2
DA:10,2
DA:13,8
DA:17,2
DA:21,1
DA:22,1
DA:23,1
DA:25,1
DA:27,1
DA:31,24
DA:36,74
DA:37,2
DA:39,72
DA:45,24
LF:18
LH:18
BRDA:36,0,0,2
BRDA:36,0,1,72
BRF:2
BRH:2
end_of_record
TN:
SF:C:\projects\js-slang\src\parser\rules\bracesAroundIfElse.ts
FN:11,(anonymous_0)
FN:13,(anonymous_1)
FN:17,(anonymous_2)
FN:25,(anonymous_3)
FNF:4
FNH:4
FNDA:4,(anonymous_0)
FNDA:16,(anonymous_1)
FNDA:4,(anonymous_2)
FNDA:2,(anonymous_3)
DA:1,24
DA:4,24
DA:5,24
DA:7,24
DA:8,4
DA:9,4
DA:11,4
DA:14,16
DA:18,4
DA:19,2
DA:21,2
DA:29,2
DA:30,1
DA:31,1
DA:32,1
DA:34,1
DA:35,1
DA:38,2
DA:71,24
DA:76,942
DA:77,942
DA:78,2
DA:80,942
DA:81,940
DA:82,940
DA:83,940
DA:84,2
DA:87,942
DA:92,24
LF:29
LH:29
BRDA:18,0,0,2
BRDA:18,0,1,2
BRDA:29,1,0,1
BRDA:29,1,1,1
BRDA:77,2,0,2
BRDA:77,2,1,940
BRDA:77,3,0,942
BRDA:77,3,1,942
BRDA:80,4,0,940
BRDA:80,4,1,2
BRDA:83,5,0,2
BRDA:83,5,1,938
BRDA:83,6,0,940
BRDA:83,6,1,9
BRF:14
BRH:14
end_of_record
TN:
SF:C:\projects\js-slang\src\parser\rules\bracesAroundWhile.ts
FN:10,(anonymous_0)
FN:12,(anonymous_1)
FN:16,(anonymous_2)
FN:20,(anonymous_3)
FNF:4
FNH:4
FNDA:2,(anonymous_0)
FNDA:8,(anonymous_1)
FNDA:2,(anonymous_2)
FNDA:1,(anonymous_3)
DA:1,24
DA:4,24
DA:6,24
DA:7,2
DA:8,2
DA:10,2
DA:13,8
DA:17,2
DA:21,1
DA:22,1
DA:24,1
DA:28,24
DA:33,40
DA:34,2
DA:36,38
DA:42,24
LF:16
LH:16
BRDA:33,0,0,2
BRDA:33,0,1,38
BRF:2
BRH:2
end_of_record
TN:
SF:C:\projects\js-slang\src\parser\rules\forStatementMustHaveAllParts.ts
FN:10,(anonymous_0)
FN:12,(anonymous_1)
FN:16,(anonymous_2)
FN:22,(anonymous_3)
FN:34,(anonymous_4)
FNF:5
FNH:5
FNDA:8,(anonymous_0)
FNDA:32,(anonymous_1)
FNDA:8,(anonymous_2)
FNDA:4,(anonymous_3)
FNDA:222,(anonymous_4)
DA:3,24
DA:4,24
DA:6,24
DA:7,8
DA:8,8
DA:10,8
DA:13,32
DA:17,8
DA:23,4
DA:29,24
DA:34,222
DA:35,74
DA:36,8
DA:38,66
DA:44,24
LF:15
LH:15
BRDA:18,0,0,6
BRDA:18,0,1,2
BRDA:35,1,0,8
BRDA:35,1,1,66
BRF:4
BRH:4
end_of_record
TN:
SF:C:\projects\js-slang\src\parser\rules\index.ts
FNF:0
FNH:0
DA:5,24
DA:6,24
DA:7,24
DA:8,24
DA:9,24
DA:10,24
DA:11,24
DA:12,24
DA:13,24
DA:14,24
DA:15,24
DA:16,24
DA:17,24
DA:18,24
DA:19,24
DA:20,24
DA:21,24
DA:23,24
DA:43,24
LF:19
LH:19
BRF:0
BRH:0
end_of_record
TN:
SF:C:\projects\js-slang\src\parser\rules\noAssignmentExpression.ts
FN:10,(anonymous_0)
FN:12,(anonymous_1)
FN:16,(anonymous_2)
FN:20,(anonymous_3)
FN:21,lastAssignmentNode
FNF:5
FNH:5
FNDA:11,(anonymous_0)
FNDA:40,(anonymous_1)
FNDA:11,(anonymous_2)
FNDA:5,(anonymous_3)
FNDA:6,lastAssignmentNode
DA:1,24
DA:4,24
DA:6,24
DA:7,11
DA:8,11
DA:10,11
DA:13,40
DA:17,11
DA:22,6
DA:23,1
DA:25,5
DA:29,5
DA:30,5
DA:31,5
DA:33,5
DA:35,5
DA:39,24
DA:44,281
DA:45,281
DA:47,281
DA:54,270
DA:56,11
DA:62,24
LF:23
LH:23
BRDA:22,0,0,1
BRDA:22,0,1,5
BRDA:47,1,0,270
BRDA:47,1,1,11
BRDA:48,2,0,281
BRDA:48,2,1,86
BRDA:48,2,2,75
BRDA:48,2,3,65
BRF:8
BRH:8
end_of_record
TN:
SF:C:\projects\js-slang\src\parser\rules\noDeclareMutable.ts
FN:12,(anonymous_0)
FN:14,(anonymous_1)
FN:18,(anonymous_2)
FN:24,(anonymous_3)
FNF:4
FNH:3
FNDA:6,(anonymous_0)
FNDA:24,(anonymous_1)
FNDA:6,(anonymous_2)
FNDA:0,(anonymous_3)
DA:1,24
DA:4,24
DA:6,24
DA:8,24
DA:9,6
DA:10,6
DA:12,6
DA:15,24
DA:19,6
DA:25,0
DA:26,0
DA:28,0
DA:32,24
DA:38,87
DA:39,6
DA:41,81
DA:47,24
LF:17
LH:14
BRDA:38,0,0,6
BRDA:38,0,1,81
BRF:2
BRH:2
end_of_record
TN:
SF:C:\projects\js-slang\src\parser\rules\noDotAbbreviation.ts
FN:9,(anonymous_0)
FN:11,(anonymous_1)
FN:15,(anonymous_2)
FN:19,(anonymous_3)
FNF:4
FNH:3
FNDA:3,(anonymous_0)
FNDA:12,(anonymous_1)
FNDA:3,(anonymous_2)
FNDA:0,(anonymous_3)
DA:3,24
DA:5,24
DA:6,3
DA:7,3
DA:9,3
DA:12,12
DA:16,3
DA:20,0
DA:25,24
DA:32,59
DA:33,3
DA:35,56
DA:41,24
LF:13
LH:12
BRDA:32,0,0,3
BRDA:32,0,1,56
BRF:2
BRH:2
end_of_record
TN:
SF:C:\projects\js-slang\src\parser\rules\noEval.ts
FN:9,(anonymous_0)
FN:11,(anonymous_1)
FN:15,(anonymous_2)
FN:19,(anonymous_3)
FNF:4
FNH:0
FNDA:0,(anonymous_0)
FNDA:0,(anonymous_1)
FNDA:0,(anonymous_2)
FNDA:0,(anonymous_3)
DA:3,24
DA:5,24
DA:6,0
DA:7,0
DA:9,0
DA:12,0
DA:16,0
DA:20,0
DA:24,24
DA:29,145513
DA:30,0
DA:32,145513
DA:38,24
LF:13
LH:6
BRDA:29,0,0,0
BRDA:29,0,1,145513
BRF:2
BRH:1
end_of_record
TN:
SF:C:\projects\js-slang\src\parser\rules\noIfWithoutElse.ts
FN:11,(anonymous_0)
FN:13,(anonymous_1)
FN:17,(anonymous_2)
FN:21,(anonymous_3)
FNF:4
FNH:4
FNDA:2,(anonymous_0)
FNDA:8,(anonymous_1)
FNDA:2,(anonymous_2)
FNDA:1,(anonymous_3)
DA:1,24
DA:4,24
DA:5,24
DA:7,24
DA:8,2
DA:9,2
DA:11,2
DA:14,8
DA:18,2
DA:22,1
DA:32,24
DA:37,942
DA:38,2
DA:40,940
DA:46,24
LF:15
LH:15
BRDA:37,0,0,2
BRDA:37,0,1,940
BRF:2
BRH:2
end_of_record
TN:
SF:C:\projects\js-slang\src\parser\rules\noImplicitDeclareUndefined.ts
FN:10,(anonymous_0)
FN:12,(anonymous_1)
FN:16,(anonymous_2)
FN:20,(anonymous_3)
FNF:4
FNH:4
FNDA:6,(anonymous_0)
FNDA:24,(anonymous_1)
FNDA:6,(anonymous_2)
FNDA:3,(anonymous_3)
DA:3,24
DA:4,24
DA:6,24
DA:7,6
DA:8,6
DA:10,6
DA:13,24
DA:17,6
DA:21,3
DA:32,24
DA:37,533
DA:38,533
DA:39,535
DA:40,6
DA:43,533
DA:48,24
LF:16
LH:16
BRDA:39,0,0,6
BRDA:39,0,1,529
BRF:2
BRH:2
end_of_record
TN:
SF:C:\projects\js-slang\src\parser\rules\noImplicitReturnUndefined.ts
FN:10,(anonymous_0)
FN:12,(anonymous_1)
FN:16,(anonymous_2)
FN:20,(anonymous_3)
FNF:4
FNH:4
FNDA:2,(anonymous_0)
FNDA:8,(anonymous_1)
FNDA:2,(anonymous_2)
FNDA:1,(anonymous_3)
DA:3,24
DA:4,24
DA:6,24
DA:7,2
DA:8,2
DA:10,2
DA:13,8
DA:17,2
DA:21,1
DA:30,24
DA:35,16799
DA:36,2
DA:38,16797
DA:44,24
LF:14
LH:14
BRDA:35,0,0,2
BRDA:35,0,1,16797
BRF:2
BRH:2
end_of_record
TN:
SF:C:\projects\js-slang\src\parser\rules\noNull.ts
FN:9,(anonymous_0)
FN:11,(anonymous_1)
FN:15,(anonymous_2)
FN:19,(anonymous_3)
FNF:4
FNH:4
FNDA:6,(anonymous_0)
FNDA:24,(anonymous_1)
FNDA:6,(anonymous_2)
FNDA:2,(anonymous_3)
DA:3,24
DA:5,24
DA:6,6
DA:7,6
DA:9,6
DA:12,24
DA:16,6
DA:20,2
DA:24,24
DA:29,924
DA:30,6
DA:32,918
DA:38,24
LF:13
LH:13
BRDA:29,0,0,6
BRDA:29,0,1,918
BRF:2
BRH:2
end_of_record
TN:
SF:C:\projects\js-slang\src\parser\rules\noUnspecifiedLiteral.ts
FN:11,(anonymous_0)
FN:13,(anonymous_1)
FN:17,(anonymous_2)
FN:26,(anonymous_3)
FNF:4
FNH:4
FNDA:2,(anonymous_0)
FNDA:8,(anonymous_1)
FNDA:2,(anonymous_2)
FNDA:1,(anonymous_3)
DA:3,24
DA:5,24
DA:7,24
DA:8,2
DA:9,2
DA:11,2
DA:14,8
DA:22,2
DA:23,2
DA:27,1
DA:31,24
DA:35,22736
DA:36,2
DA:38,22734
DA:44,24
LF:15
LH:15
BRDA:22,0,0,2
BRDA:22,0,1,0
BRDA:35,1,0,2
BRDA:35,1,1,22734
BRDA:35,2,0,22736
BRDA:35,2,1,15242
BRF:6
BRH:5
end_of_record
TN:
SF:C:\projects\js-slang\src\parser\rules\noUnspecifiedOperator.ts
FN:10,(anonymous_0)
FN:14,(anonymous_1)
FN:18,(anonymous_2)
FN:22,(anonymous_3)
FNF:4
FNH:4
FNDA:4,(anonymous_0)
FNDA:16,(anonymous_1)
FNDA:4,(anonymous_2)
FNDA:2,(anonymous_3)
DA:3,24
DA:5,24
DA:6,4
DA:7,4
DA:10,4
DA:11,4
DA:15,16
DA:19,4
DA:23,2
DA:27,24
DA:32,13221
DA:47,13221
DA:48,2
DA:50,13219
DA:54,86
DA:55,86
DA:56,2
DA:58,84
DA:64,24
LF:19
LH:19
BRDA:47,0,0,2
BRDA:47,0,1,13219
BRDA:55,1,0,2
BRDA:55,1,1,84
BRF:4
BRH:4
end_of_record
TN:
SF:C:\projects\js-slang\src\parser\rules\noUpdateAssignment.ts
FN:10,(anonymous_0)
FN:12,(anonymous_1)
FN:16,(anonymous_2)
FN:20,(anonymous_3)
FNF:4
FNH:4
FNDA:8,(anonymous_0)
FNDA:16,(anonymous_1)
FNDA:4,(anonymous_2)
FNDA:2,(anonymous_3)
DA:1,24
DA:4,24
DA:6,24
DA:7,8
DA:8,8
DA:10,8
DA:13,16
DA:17,4
DA:21,2
DA:22,2
DA:23,2
DA:25,2
DA:26,1
DA:28,1
DA:30,1
DA:35,24
DA:40,281
DA:41,8
DA:43,273
DA:49,24
LF:20
LH:20
BRDA:25,0,0,1
BRDA:25,0,1,1
BRDA:25,1,0,2
BRDA:25,1,1,1
BRDA:25,1,2,1
BRDA:25,1,3,1
BRDA:40,2,0,8
BRDA:40,2,1,273
BRF:8
BRH:8
end_of_record
TN:
SF:C:\projects\js-slang\src\parser\rules\noVar.ts
FN:10,(anonymous_0)
FN:12,(anonymous_1)
FN:16,(anonymous_2)
FN:20,(anonymous_3)
FNF:4
FNH:4
FNDA:2,(anonymous_0)
FNDA:8,(anonymous_1)
FNDA:2,(anonymous_2)
FNDA:1,(anonymous_3)
DA:1,24
DA:4,24
DA:6,24
DA:7,2
DA:8,2
DA:10,2
DA:13,8
DA:17,2
DA:21,1
DA:22,1
DA:24,1
DA:28,24
DA:33,533
DA:34,2
DA:36,531
DA:42,24
LF:16
LH:16
BRDA:33,0,0,2
BRDA:33,0,1,531
BRF:2
BRH:2
end_of_record
TN:
SF:C:\projects\js-slang\src\parser\rules\singleVariableDeclaration.ts
FN:11,(anonymous_0)
FN:12,(anonymous_1)
FN:20,(anonymous_2)
FN:24,(anonymous_3)
FN:28,(anonymous_4)
FN:29,(anonymous_5)
FNF:6
FNH:6
FNDA:2,(anonymous_0)
FNDA:4,(anonymous_1)
FNDA:8,(anonymous_2)
FNDA:2,(anonymous_3)
FNDA:1,(anonymous_4)
FNDA:2,(anonymous_5)
DA:1,24
DA:4,24
DA:6,24
DA:7,2
DA:8,2
DA:11,2
DA:12,4
DA:21,8
DA:25,2
DA:29,2
DA:30,1
DA:34,24
DA:39,533
DA:40,2
DA:42,531
DA:48,24
LF:16
LH:16
BRDA:39,0,0,2
BRDA:39,0,1,531
BRF:2
BRH:2
end_of_record
TN:
SF:C:\projects\js-slang\src\stdlib\inspector.ts
FN:5,(anonymous_0)
FN:14,(anonymous_1)
FN:18,(anonymous_2)
FN:32,(anonymous_3)
FN:46,(anonymous_4)
FNF:5
FNH:4
FNDA:1950,(anonymous_0)
FNDA:10,(anonymous_1)
FNDA:0,(anonymous_2)
FNDA:711291,(anonymous_3)
FNDA:20,(anonymous_4)
DA:5,24
DA:10,1950
DA:11,1950
DA:14,24
DA:15,10
DA:18,24
DA:19,0
DA:20,0
DA:28,24
DA:29,24
DA:30,24
DA:32,24
DA:33,711291
DA:34,711147
DA:35,711147
DA:36,17
DA:38,711147
DA:39,17
DA:40,17
DA:41,17
DA:46,24
LF:21
LH:19
BRDA:33,0,0,711147
BRDA:33,0,1,144
BRDA:35,1,0,17
BRDA:35,1,1,711130
BRDA:35,2,0,711147
BRDA:35,2,1,41
BRDA:38,3,0,17
BRDA:38,3,1,711130
BRDA:38,4,0,711147
BRDA:38,4,1,711147
BRDA:38,4,2,41
BRF:11
BRH:11
end_of_record
TN:
SF:C:\projects\js-slang\src\stdlib\list.prelude.ts
FNF:0
FNH:0
DA:1,24
LF:1
LH:1
BRF:0
BRH:0
end_of_record
TN:
SF:C:\projects\js-slang\src\stdlib\list.ts
FN:13,array_test
FN:23,pair
FN:29,is_pair
FN:36,head
FN:47,tail
FN:57,is_null
FN:63,list
FN:75,list_to_vector
FN:88,vector_to_list
FN:96,set_head
FN:111,set_tail
FNF:11
FNH:11
FNDA:4537,array_test
FNDA:5563,pair
FNDA:4537,is_pair
FNDA:1095,head
FNDA:727,tail
FNDA:2275,is_null
FNDA:1284,list
FNDA:2,list_to_vector
FNDA:1138,vector_to_list
FNDA:4,set_head
FNDA:4,set_tail
DA:1,24
DA:14,4537
DA:15,0
DA:17,4537
DA:23,24
DA:24,5563
DA:29,24
DA:30,4537
DA:36,24
DA:37,1095
DA:38,1071
DA:40,24
DA:47,24
DA:48,727
DA:49,714
DA:51,13
DA:57,24
DA:58,2275
DA:63,24
DA:64,1284
DA:65,1284
DA:66,3113
DA:68,1284
DA:75,24
DA:76,2
DA:77,2
DA:78,6
DA:79,6
DA:81,2
DA:88,24
DA:89,1138
DA:96,24
DA:97,4
DA:98,2
DA:99,2
DA:101,2
DA:111,24
DA:112,4
DA:113,2
DA:114,2
DA:116,2
LF:41
LH:40
BRDA:14,0,0,0
BRDA:14,0,1,4537
BRDA:30,1,0,4537
BRDA:30,1,1,4246
BRDA:37,2,0,1071
BRDA:37,2,1,24
BRDA:48,3,0,714
BRDA:48,3,1,13
BRDA:97,4,0,2
BRDA:97,4,1,2
BRDA:112,5,0,2
BRDA:112,5,1,2
BRF:12
BRH:11
end_of_record
TN:
SF:C:\projects\js-slang\src\stdlib\misc.ts
FN:11,rawDisplay
FN:17,error_message
FN:22,timed
FN:29,(anonymous_3)
FN:38,is_number
FN:42,is_undefined
FN:46,is_string
FN:50,is_boolean
FN:54,is_object
FN:58,is_function
FN:62,is_NaN
FN:66,has_own_property
FN:70,is_array
FN:74,array_length
FN:87,parse_int
FN:103,runtime
FNF:16
FNH:13
FNDA:0,rawDisplay
FNDA:1,error_message
FNDA:0,timed
FNDA:0,(anonymous_3)
FNDA:16,is_number
FNDA:4,is_undefined
FNDA:10,is_string
FNDA:10,is_boolean
FNDA:10,is_object
FNDA:14,is_function
FNDA:4,is_NaN
FNDA:2,has_own_property
FNDA:6,is_array
FNDA:18,array_length
FNDA:16,parse_int
FNDA:8874346,runtime
DA:2,24
DA:11,24
DA:13,0
DA:14,0
DA:17,24
DA:18,1
DA:19,1
DA:22,24
DA:29,0
DA:30,0
DA:31,0
DA:32,0
DA:33,0
DA:34,0
DA:38,24
DA:39,16
DA:42,24
DA:43,4
DA:46,24
DA:47,10
DA:50,24
DA:51,10
DA:54,24
DA:55,10
DA:58,24
DA:59,14
DA:62,24
DA:63,4
DA:66,24
DA:67,2
DA:70,24
DA:71,6
DA:74,24
DA:75,18
DA:87,24
DA:88,16
DA:95,10
DA:97,6
DA:103,24
DA:104,8874346
LF:40
LH:32
BRDA:13,0,0,0
BRDA:13,0,1,0
BRDA:18,1,0,1
BRDA:18,1,1,0
BRDA:55,2,0,10
BRDA:55,2,1,6
BRDA:63,3,0,4
BRDA:63,3,1,3
BRDA:88,4,0,10
BRDA:88,4,1,6
BRDA:89,5,0,16
BRDA:89,5,1,13
BRDA:89,5,2,12
BRDA:89,5,3,12
BRDA:89,5,4,11
BRF:15
BRH:12
end_of_record
TN:
SF:C:\projects\js-slang\src\stdlib\parser.ts
FN:10,(anonymous_0)
FN:16,unreachable
FN:30,makeSequenceIfNeeded
FN:42,(anonymous_3)
FN:50,(anonymous_4)
FN:57,(anonymous_5)
FN:64,(anonymous_6)
FN:76,(anonymous_7)
FN:94,(anonymous_8)
FN:116,(anonymous_9)
FN:123,(anonymous_10)
FN:134,(anonymous_11)
FN:145,(anonymous_12)
FN:156,(anonymous_13)
FN:167,(anonymous_14)
FN:179,(anonymous_15)
FN:195,(anonymous_16)
FN:202,(anonymous_17)
FN:209,(anonymous_18)
FN:216,(anonymous_19)
FN:238,(anonymous_20)
FN:251,(anonymous_21)
FN:258,(anonymous_22)
FN:265,(anonymous_23)
FN:272,(anonymous_24)
FN:279,(anonymous_25)
FN:290,(anonymous_26)
FN:304,(anonymous_27)
FN:315,(anonymous_28)
FN:322,(anonymous_29)
FN:339,(anonymous_30)
FN:350,(anonymous_31)
FN:362,(anonymous_32)
FN:373,(anonymous_33)
FN:380,(anonymous_34)
FN:387,(anonymous_35)
FN:400,(anonymous_36)
FN:406,transform
FN:426,parse
FNF:39
FNH:28
FNDA:4,(anonymous_0)
FNDA:0,unreachable
FNDA:157,makeSequenceIfNeeded
FNDA:109,(anonymous_3)
FNDA:42,(anonymous_4)
FNDA:132,(anonymous_5)
FNDA:16,(anonymous_6)
FNDA:4,(anonymous_7)
FNDA:35,(anonymous_8)
FNDA:12,(anonymous_9)
FNDA:24,(anonymous_10)
FNDA:12,(anonymous_11)
FNDA:84,(anonymous_12)
FNDA:14,(anonymous_13)
FNDA:6,(anonymous_14)
FNDA:26,(anonymous_15)
FNDA:239,(anonymous_16)
FNDA:275,(anonymous_17)
FNDA:10,(anonymous_18)
FNDA:34,(anonymous_19)
FNDA:8,(anonymous_20)
FNDA:4,(anonymous_21)
FNDA:8,(anonymous_22)
FNDA:8,(anonymous_23)
FNDA:21,(anonymous_24)
FNDA:30,(anonymous_25)
FNDA:39,(anonymous_26)
FNDA:0,(anonymous_27)
FNDA:0,(anonymous_28)
FNDA:0,(anonymous_29)
FNDA:0,(anonymous_30)
FNDA:0,(anonymous_31)
FNDA:0,(anonymous_32)
FNDA:0,(anonymous_33)
FNDA:0,(anonymous_34)
FNDA:0,(anonymous_35)
FNDA:0,(anonymous_36)
FNDA:1192,transform
FNDA:113,parse
DA:3,24
DA:4,24
DA:6,24
DA:7,24
DA:11,4
DA:12,4
DA:18,0
DA:31,157
DA:39,24
DA:43,109
DA:44,109
DA:51,42
DA:58,132
DA:65,16
DA:77,4
DA:95,35
DA:96,23
DA:101,12
DA:102,12
DA:108,0
DA:109,0
DA:117,12
DA:124,24
DA:135,12
DA:146,84
DA:157,14
DA:168,6
DA:180,26
DA:196,239
DA:203,275
DA:210,10
DA:217,34
DA:218,22
DA:223,12
DA:224,12
DA:230,0
DA:231,0
DA:239,8
DA:252,4
DA:259,8
DA:266,8
DA:273,21
DA:281,30
DA:284,30
DA:291,39
DA:292,9
DA:293,30
DA:294,30
DA:296,0
DA:297,0
DA:305,0
DA:316,0
DA:323,0
DA:340,0
DA:351,0
DA:363,0
DA:374,0
DA:381,0
DA:388,0
DA:401,0
DA:407,1192
DA:408,1192
DA:409,1192
DA:411,1192
DA:417,0
DA:419,1192
DA:421,0
DA:422,0
DA:426,24
DA:428,113
DA:429,113
DA:430,113
DA:431,4
DA:434,109
DA:435,109
DA:437,0
DA:438,0
LF:77
LH:55
BRDA:32,0,0,95
BRDA:32,0,1,62
BRDA:95,1,0,23
BRDA:95,1,1,12
BRDA:101,2,0,12
BRDA:101,2,1,0
BRDA:187,3,0,2
BRDA:187,3,1,24
BRDA:217,4,0,22
BRDA:217,4,1,12
BRDA:223,5,0,12
BRDA:223,5,1,0
BRDA:282,6,0,14
BRDA:282,6,1,16
BRDA:291,7,0,9
BRDA:291,7,1,30
BRDA:293,8,0,30
BRDA:293,8,1,0
BRDA:327,9,0,0
BRDA:327,9,1,0
BRDA:329,10,0,0
BRDA:329,10,1,0
BRDA:328,11,0,0
BRDA:328,11,1,0
BRDA:392,12,0,0
BRDA:392,12,1,0
BRDA:391,13,0,0
BRDA:391,13,1,0
BRDA:394,14,0,0
BRDA:394,14,1,0
BRDA:394,15,0,0
BRDA:394,15,1,0
BRDA:407,16,0,1192
BRDA:407,16,1,0
BRDA:411,17,0,0
BRDA:411,17,1,1192
BRDA:412,18,0,1192
BRDA:412,18,1,1184
BRDA:412,18,2,1184
BRDA:412,18,3,885
BRDA:430,19,0,4
BRDA:430,19,1,109
BRDA:434,20,0,109
BRDA:434,20,1,0
BRF:44
BRH:24
end_of_record
TN:
SF:C:\projects\js-slang\src\stdlib\stream.prelude.ts
FNF:0
FNH:0
DA:1,24
LF:1
LH:1
BRF:0
BRH:0
end_of_record
TN:
SF:C:\projects\js-slang\src\stdlib\stream.ts
FN:8,stream_tail
FN:32,stream
FN:36,list_to_stream
FN:37,(anonymous_3)
FNF:4
FNH:4
FNDA:2005,stream_tail
FNDA:32,stream
FNDA:190,list_to_stream
FNDA:158,(anonymous_3)
DA:4,24
DA:8,24
DA:10,2005
DA:11,2005
DA:13,0
DA:16,2005
DA:17,2005
DA:19,0
DA:32,24
DA:33,32
DA:36,24
DA:37,190
LF:12
LH:10
BRDA:10,0,0,2005
BRDA:10,0,1,0
BRDA:16,1,0,2005
BRDA:16,1,1,0
BRDA:37,2,0,28
BRDA:37,2,1,162
BRF:6
BRH:4
end_of_record
TN:
SF:C:\projects\js-slang\src\stepper\converter.ts
FN:11,valueToExpression
FN:17,nodeToValue
FNF:2
FNH:2
FNDA:91,valueToExpression
FNDA:175,nodeToValue
DA:2,20
DA:3,20
DA:5,20
DA:6,20
DA:7,20
DA:11,20
DA:12,91
DA:13,91
DA:14,91
DA:17,20
DA:18,175
LF:11
LH:11
BRDA:12,0,0,1
BRDA:12,0,1,90
BRDA:13,1,0,84
BRDA:13,1,1,7
BRDA:19,2,0,169
BRDA:19,2,1,6
BRDA:21,3,0,1
BRDA:21,3,1,5
BRF:8
BRH:8
end_of_record
TN:
SF:C:\projects\js-slang\src\stepper\lib.ts
FN:13,runtime
FN:19,display
FN:25,stringify
FN:30,error
FN:36,prompt
FN:45,is_number
FN:50,is_string
FN:55,is_function
FN:60,is_boolean
FN:65,is_undefined
FN:70,parse_int
FN:98,evaluateMath
FN:102,(anonymous_12)
FN:112,pair
FN:117,is_pair
FN:122,head
FN:130,tail
FN:138,is_null
FN:143,list
FN:151,draw_data
FNF:20
FNH:9
FNDA:0,runtime
FNDA:0,display
FNDA:0,stringify
FNDA:0,error
FNDA:0,prompt
FNDA:0,is_number
FNDA:0,is_string
FNDA:91,is_function
FNDA:0,is_boolean
FNDA:0,is_undefined
FNDA:0,parse_int
FNDA:4,evaluateMath
FNDA:4,(anonymous_12)
FNDA:25,pair
FNDA:38,is_pair
FNDA:21,head
FNDA:17,tail
FNDA:24,is_null
FNDA:2,list
FNDA:0,draw_data
DA:2,20
DA:4,20
DA:5,20
DA:6,20
DA:7,20
DA:13,20
DA:14,0
DA:19,20
DA:20,0
DA:25,20
DA:26,0
DA:30,20
DA:31,0
DA:32,0
DA:36,20
DA:37,0
DA:38,0
DA:40,0
DA:41,0
DA:45,20
DA:46,0
DA:50,20
DA:51,0
DA:55,20
DA:56,91
DA:60,20
DA:61,0
DA:65,20
DA:66,0
DA:70,20
DA:71,0
DA:80,0
DA:82,0
DA:98,20
DA:99,4
DA:100,4
DA:101,0
DA:102,4
DA:103,0
DA:105,4
DA:106,4
DA:112,20
DA:113,25
DA:117,20
DA:118,38
DA:122,20
DA:123,21
DA:124,0
DA:126,21
DA:130,20
DA:131,17
DA:132,0
DA:134,17
DA:138,20
DA:139,24
DA:143,20
DA:144,2
DA:145,2
DA:146,4
DA:148,2
DA:151,20
DA:152,0
LF:62
LH:41
BRDA:31,0,0,0
BRDA:31,0,1,0
BRDA:37,1,0,0
BRDA:37,1,1,0
BRDA:37,2,0,0
BRDA:37,2,1,0
BRDA:41,3,0,0
BRDA:41,3,1,0
BRDA:51,4,0,0
BRDA:51,4,1,0
BRDA:56,5,0,91
BRDA:56,5,1,85
BRDA:61,6,0,0
BRDA:61,6,1,0
BRDA:66,7,0,0
BRDA:66,7,1,0
BRDA:71,8,0,0
BRDA:71,8,1,0
BRDA:72,9,0,0
BRDA:72,9,1,0
BRDA:72,9,2,0
BRDA:72,9,3,0
BRDA:72,9,4,0
BRDA:72,9,5,0
BRDA:72,9,6,0
BRDA:100,10,0,0
BRDA:100,10,1,4
BRDA:102,11,0,0
BRDA:102,11,1,4
BRDA:118,12,0,38
BRDA:118,12,1,38
BRDA:123,13,0,0
BRDA:123,13,1,21
BRDA:131,14,0,0
BRDA:131,14,1,17
BRDA:139,15,0,24
BRDA:139,15,1,7
BRF:37
BRH:10
end_of_record
TN:
SF:C:\projects\js-slang\src\stepper\stepper.ts
FN:28,isIrreducible
FN:45,substituteMain
FN:132,(anonymous_2)
FN:136,(anonymous_3)
FN:177,(anonymous_4)
FN:179,(anonymous_5)
FN:184,(anonymous_6)
FN:192,(anonymous_7)
FN:197,(anonymous_8)
FN:205,(anonymous_9)
FN:284,substitute
FN:308,apply
FN:845,reduce
FN:856,treeifyMain
FN:864,(anonymous_14)
FN:868,(anonymous_15)
FN:876,(anonymous_16)
FN:884,(anonymous_17)
FN:888,(anonymous_18)
FN:896,(anonymous_19)
FN:899,(anonymous_20)
FN:903,(anonymous_21)
FN:912,(anonymous_22)
FN:932,(anonymous_23)
FN:933,(anonymous_24)
FN:936,(anonymous_25)
FN:937,(anonymous_26)
FN:940,(anonymous_27)
FN:944,(anonymous_28)
FN:949,(anonymous_29)
FN:953,(anonymous_30)
FN:957,(anonymous_31)
FN:966,(anonymous_32)
FN:985,(anonymous_33)
FN:990,treeify
FN:1002,(anonymous_35)
FN:1010,substPredefinedFns
FN:1026,substPredefinedConstants
FN:1029,(anonymous_38)
FN:1030,(anonymous_39)
FN:1043,getEvaluationSteps
FNF:41
FNH:41
FNDA:4648,isIrreducible
FNDA:465,substituteMain
FNDA:6640,(anonymous_2)
FNDA:6640,(anonymous_3)
FNDA:1179,(anonymous_4)
FNDA:1179,(anonymous_5)
FNDA:1616,(anonymous_6)
FNDA:1602,(anonymous_7)
FNDA:7,(anonymous_8)
FNDA:7,(anonymous_9)
FNDA:25545,substitute
FNDA:1063,apply
FNDA:5557,reduce
FNDA:1384,treeifyMain
FNDA:1393,(anonymous_14)
FNDA:679,(anonymous_15)
FNDA:28,(anonymous_16)
FNDA:20,(anonymous_17)
FNDA:126,(anonymous_18)
FNDA:2733,(anonymous_19)
FNDA:2946,(anonymous_20)
FNDA:24,(anonymous_21)
FNDA:1778,(anonymous_22)
FNDA:1379,(anonymous_23)
FNDA:1417,(anonymous_24)
FNDA:509,(anonymous_25)
FNDA:688,(anonymous_26)
FNDA:588,(anonymous_27)
FNDA:523,(anonymous_28)
FNDA:186,(anonymous_29)
FNDA:186,(anonymous_30)
FNDA:41,(anonymous_31)
FNDA:286,(anonymous_32)
FNDA:2526,(anonymous_33)
FNDA:19341,treeify
FNDA:1384,(anonymous_35)
FNDA:24,substPredefinedFns
FNDA:24,substPredefinedConstants
FNDA:1032,(anonymous_38)
FNDA:192,(anonymous_39)
FNDA:24,getEvaluationSteps
DA:1,20
DA:3,20
DA:4,20
DA:6,20
DA:7,20
DA:15,20
DA:16,20
DA:17,20
DA:18,20
DA:19,20
DA:21,20
DA:29,4648
DA:50,465
DA:60,465
DA:64,9595
DA:66,1294
DA:68,8301
DA:75,382
DA:76,382
DA:77,382
DA:78,382
DA:82,1572
DA:88,1572
DA:89,1572
DA:90,1572
DA:91,1572
DA:95,49
DA:100,49
DA:101,49
DA:102,49
DA:106,1018
DA:112,1018
DA:113,1018
DA:114,1018
DA:115,1018
DA:116,1018
DA:120,85
DA:125,85
DA:126,85
DA:127,85
DA:128,85
DA:132,6640
DA:133,4819
DA:134,4819
DA:135,4819
DA:136,6640
DA:138,4819
DA:139,4819
DA:143,885
DA:148,885
DA:150,885
DA:151,1489
DA:152,5
DA:153,5
DA:156,880
DA:157,880
DA:161,272
DA:164,272
DA:166,272
DA:167,408
DA:168,81
DA:169,81
DA:172,191
DA:173,191
DA:177,1179
DA:178,283
DA:179,1179
DA:180,283
DA:184,1616
DA:185,1396
DA:186,1396
DA:187,1396
DA:188,1396
DA:189,7
DA:190,7
DA:192,1602
DA:193,1389
DA:197,7
DA:198,7
DA:199,7
DA:200,7
DA:201,7
DA:202,0
DA:203,0
DA:205,7
DA:206,7
DA:210,1282
DA:211,1282
DA:212,1282
DA:213,1282
DA:218,359
DA:219,359
DA:221,359
DA:222,104
DA:223,2
DA:224,2
DA:225,2
DA:228,357
DA:229,357
DA:230,357
DA:234,125
DA:235,125
DA:236,125
DA:239,125
DA:243,125
DA:244,125
DA:245,125
DA:250,125
DA:254,114
DA:260,114
DA:261,114
DA:262,114
DA:263,114
DA:266,114
DA:270,258
DA:271,258
DA:272,258
DA:273,258
DA:285,25545
DA:286,25545
DA:287,403
DA:289,25142
DA:290,25142
DA:291,2516
DA:292,2516
DA:295,22626
DA:298,465
DA:312,1063
DA:313,1063
DA:315,104
DA:316,104
DA:318,104
DA:321,1063
DA:322,11
DA:325,1052
DA:326,1052
DA:331,20
DA:335,0
DA:336,0
DA:338,0
DA:343,1333
DA:344,1328
DA:348,259
DA:349,259
DA:350,201
DA:352,87
DA:357,3
DA:359,84
DA:360,84
DA:361,84
DA:362,81
DA:363,81
DA:365,3
DA:368,114
DA:369,114
DA:375,114
DA:378,58
DA:379,58
DA:385,58
DA:390,6
DA:391,6
DA:393,3
DA:394,3
DA:395,3
DA:396,3
DA:397,3
DA:399,0
DA:402,3
DA:403,3
DA:408,3
DA:413,9
DA:414,9
DA:415,4
DA:416,2
DA:419,2
DA:426,2
DA:429,5
DA:430,5
DA:446,80
DA:447,80
DA:448,38
DA:449,38
DA:450,38
DA:452,0
DA:455,42
DA:456,42
DA:462,42
DA:468,1495
DA:471,1495
DA:472,0
DA:480,1495
DA:481,0
DA:482,1495
DA:486,0
DA:489,1495
DA:493,0
DA:495,1495
DA:496,829
DA:497,829
DA:498,342
DA:503,342
DA:512,487
DA:516,0
DA:521,1153
DA:522,1063
DA:524,90
DA:525,4
DA:527,86
DA:533,1421
DA:534,1421
DA:535,21
DA:536,1400
DA:537,62
DA:543,62
DA:549,62
DA:550,62
DA:551,1338
DA:552,5
DA:553,5
DA:555,0
DA:556,5
DA:563,0
DA:565,5
DA:566,5
DA:567,5
DA:569,0
DA:570,5
DA:571,5
DA:573,5
DA:577,0
DA:578,0
DA:586,0
DA:592,0
DA:593,0
DA:595,0
DA:596,0
DA:610,1333
DA:611,1328
DA:615,403
DA:616,403
DA:617,180
DA:618,180
DA:619,11
DA:621,169
DA:625,169
DA:627,223
DA:631,0
DA:637,223
DA:638,0
DA:644,0
DA:650,0
DA:651,0
DA:652,223
DA:653,143
DA:654,143
DA:656,0
DA:657,143
DA:664,0
DA:666,143
DA:667,143
DA:668,143
DA:670,0
DA:671,143
DA:672,4
DA:674,4
DA:678,139
DA:679,0
DA:687,0
DA:693,0
DA:694,0
DA:696,139
DA:697,139
DA:711,80
DA:712,80
DA:719,523
DA:720,523
DA:721,165
DA:722,165
DA:723,15
DA:725,150
DA:729,150
DA:731,358
DA:735,0
DA:741,358
DA:742,5
DA:748,5
DA:754,5
DA:755,5
DA:756,353
DA:757,2
DA:758,2
DA:760,0
DA:761,2
DA:768,0
DA:770,2
DA:771,2
DA:772,2
DA:774,0
DA:775,2
DA:776,2
DA:778,2
DA:782,0
DA:783,0
DA:791,0
DA:797,0
DA:798,0
DA:800,0
DA:801,0
DA:815,351
DA:816,351
DA:824,28
DA:825,28
DA:826,11
DA:827,11
DA:828,11
DA:830,0
DA:833,17
DA:834,17
DA:840,17
DA:846,5557
DA:847,5557
DA:848,0
DA:851,5557
DA:861,1384
DA:862,1384
DA:865,1393
DA:869,679
DA:877,28
DA:885,20
DA:889,126
DA:897,2733
DA:899,2946
DA:904,24
DA:915,1778
DA:916,1778
DA:917,0
DA:919,0
DA:920,0
DA:924,0
DA:925,0
DA:928,0
DA:933,1417
DA:937,688
DA:941,588
DA:945,523
DA:950,186
DA:954,186
DA:958,41
DA:969,286
DA:971,279
DA:972,279
DA:976,279
DA:977,279
DA:980,7
DA:986,2526
DA:991,19341
DA:992,19341
DA:993,6336
DA:995,13005
DA:999,1384
DA:1002,1384
DA:1011,24
DA:1012,24
DA:1013,24
DA:1015,2
DA:1016,2
DA:1018,24
DA:1021,49
DA:1023,24
DA:1027,24
DA:1028,24
DA:1029,1032
DA:1030,192
DA:1031,24
DA:1032,24
DA:1033,216
DA:1039,24
DA:1043,20
DA:1044,24
DA:1045,24
DA:1047,24
DA:1049,24
DA:1050,24
DA:1051,1373
DA:1052,1
DA:1055,1
DA:1057,1372
DA:1058,1372
DA:1060,19
DA:1062,5
DA:1063,5
LF:391
LH:338
BRDA:30,0,0,4648
BRDA:30,0,1,4353
BRDA:30,0,2,4346
BRDA:30,0,3,4336
BRDA:64,1,0,1294
BRDA:64,1,1,8301
BRDA:66,2,0,148
BRDA:66,2,1,1146
BRDA:69,3,0,216
BRDA:69,3,1,8085
BRDA:151,4,0,5
BRDA:151,4,1,1484
BRDA:151,5,0,1489
BRDA:151,5,1,1489
BRDA:162,6,0,272
BRDA:162,6,1,0
BRDA:167,7,0,81
BRDA:167,7,1,327
BRDA:167,8,0,408
BRDA:167,8,1,408
BRDA:188,9,0,7
BRDA:188,9,1,1389
BRDA:201,10,0,0
BRDA:201,10,1,7
BRDA:222,11,0,2
BRDA:222,11,1,102
BRDA:222,12,0,104
BRDA:222,12,1,104
BRDA:247,13,0,0
BRDA:247,13,1,125
BRDA:246,14,0,125
BRDA:246,14,1,125
BRDA:264,15,0,114
BRDA:264,15,1,0
BRDA:286,16,0,403
BRDA:286,16,1,25142
BRDA:290,17,0,2516
BRDA:290,17,1,22626
BRDA:321,18,0,11
BRDA:321,18,1,1052
BRDA:321,19,0,1063
BRDA:321,19,1,11
BRDA:327,20,0,1037
BRDA:327,20,1,15
BRDA:335,21,0,0
BRDA:335,21,1,0
BRDA:335,22,0,0
BRDA:335,22,1,0
BRDA:349,23,0,201
BRDA:349,23,1,58
BRDA:350,24,0,87
BRDA:350,24,1,114
BRDA:352,25,0,3
BRDA:352,25,1,84
BRDA:353,26,0,87
BRDA:353,26,1,3
BRDA:353,26,2,3
BRDA:361,27,0,81
BRDA:361,27,1,3
BRDA:391,28,0,3
BRDA:391,28,1,3
BRDA:395,29,0,3
BRDA:395,29,1,0
BRDA:414,30,0,4
BRDA:414,30,1,5
BRDA:415,31,0,2
BRDA:415,31,1,2
BRDA:415,32,0,4
BRDA:415,32,1,3
BRDA:420,33,0,0
BRDA:420,33,1,2
BRDA:421,34,0,0
BRDA:421,34,1,0
BRDA:424,35,0,0
BRDA:424,35,1,2
BRDA:447,36,0,38
BRDA:447,36,1,42
BRDA:449,37,0,38
BRDA:449,37,1,0
BRDA:450,38,0,12
BRDA:450,38,1,26
BRDA:471,39,0,0
BRDA:471,39,1,1495
BRDA:480,40,0,0
BRDA:480,40,1,1495
BRDA:482,41,0,0
BRDA:482,41,1,1495
BRDA:483,42,0,1495
BRDA:483,42,1,293
BRDA:489,43,0,0
BRDA:489,43,1,1495
BRDA:490,44,0,1495
BRDA:490,44,1,312
BRDA:490,44,2,1202
BRDA:497,45,0,342
BRDA:497,45,1,487
BRDA:512,46,0,0
BRDA:512,46,1,487
BRDA:513,47,0,487
BRDA:513,47,1,2
BRDA:521,48,0,1063
BRDA:521,48,1,90
BRDA:524,49,0,4
BRDA:524,49,1,86
BRDA:534,50,0,21
BRDA:534,50,1,1400
BRDA:534,51,0,1421
BRDA:534,51,1,1354
BRDA:536,52,0,62
BRDA:536,52,1,1338
BRDA:551,53,0,5
BRDA:551,53,1,1333
BRDA:553,54,0,0
BRDA:553,54,1,5
BRDA:556,55,0,0
BRDA:556,55,1,5
BRDA:557,56,0,5
BRDA:557,56,1,5
BRDA:557,56,2,5
BRDA:557,56,3,5
BRDA:567,57,0,0
BRDA:567,57,1,5
BRDA:570,58,0,5
BRDA:570,58,1,0
BRDA:577,59,0,0
BRDA:577,59,1,0
BRDA:577,60,0,0
BRDA:577,60,1,0
BRDA:582,61,0,0
BRDA:582,61,1,0
BRDA:616,62,0,180
BRDA:616,62,1,223
BRDA:618,63,0,11
BRDA:618,63,1,169
BRDA:627,64,0,0
BRDA:627,64,1,223
BRDA:628,65,0,223
BRDA:628,65,1,0
BRDA:633,66,0,0
BRDA:633,66,1,0
BRDA:637,67,0,0
BRDA:637,67,1,223
BRDA:652,68,0,143
BRDA:652,68,1,80
BRDA:654,69,0,0
BRDA:654,69,1,143
BRDA:657,70,0,0
BRDA:657,70,1,143
BRDA:658,71,0,143
BRDA:658,71,1,143
BRDA:658,71,2,143
BRDA:658,71,3,143
BRDA:668,72,0,0
BRDA:668,72,1,143
BRDA:671,73,0,4
BRDA:671,73,1,139
BRDA:678,74,0,0
BRDA:678,74,1,139
BRDA:678,75,0,139
BRDA:678,75,1,139
BRDA:683,76,0,0
BRDA:683,76,1,0
BRDA:720,77,0,165
BRDA:720,77,1,358
BRDA:722,78,0,15
BRDA:722,78,1,150
BRDA:731,79,0,0
BRDA:731,79,1,358
BRDA:732,80,0,358
BRDA:732,80,1,0
BRDA:737,81,0,0
BRDA:737,81,1,0
BRDA:741,82,0,5
BRDA:741,82,1,353
BRDA:756,83,0,2
BRDA:756,83,1,351
BRDA:758,84,0,0
BRDA:758,84,1,2
BRDA:761,85,0,0
BRDA:761,85,1,2
BRDA:762,86,0,2
BRDA:762,86,1,2
BRDA:762,86,2,2
BRDA:762,86,3,2
BRDA:772,87,0,0
BRDA:772,87,1,2
BRDA:775,88,0,2
BRDA:775,88,1,0
BRDA:782,89,0,0
BRDA:782,89,1,0
BRDA:782,90,0,0
BRDA:782,90,1,0
BRDA:787,91,0,0
BRDA:787,91,1,0
BRDA:825,92,0,11
BRDA:825,92,1,17
BRDA:827,93,0,11
BRDA:827,93,1,0
BRDA:828,94,0,3
BRDA:828,94,1,8
BRDA:847,95,0,0
BRDA:847,95,1,5557
BRDA:915,96,0,1778
BRDA:915,96,1,0
BRDA:917,97,0,0
BRDA:917,97,1,0
BRDA:969,98,0,279
BRDA:969,98,1,7
BRDA:992,99,0,6336
BRDA:992,99,1,13005
BRDA:1013,100,0,2
BRDA:1013,100,1,22
BRDA:1051,101,0,1
BRDA:1051,101,1,1372
BRF:214
BRH:155
end_of_record
TN:
SF:C:\projects\js-slang\src\stepper\util.ts
FN:5,isBuiltinFunction
FN:12,(anonymous_1)
FN:13,(anonymous_2)
FN:18,isInfinity
FN:22,isPositiveNumber
FN:26,isNegNumber
FN:34,isNumber
FN:38,isAllowedLiterals
FN:42,getDeclaredNames
FN:50,(anonymous_9)
FN:51,(anonymous_10)
FN:52,(anonymous_11)
FNF:12
FNH:12
FNDA:4739,isBuiltinFunction
FNDA:602,(anonymous_1)
FNDA:490,(anonymous_2)
FNDA:11,isInfinity
FNDA:15,isPositiveNumber
FNDA:4347,isNegNumber
FNDA:4,isNumber
FNDA:4353,isAllowedLiterals
FNDA:1403,getDeclaredNames
FNDA:81,(anonymous_9)
FNDA:81,(anonymous_10)
FNDA:81,(anonymous_11)
DA:3,20
DA:5,20
DA:6,4739
DA:12,602
DA:13,490
DA:18,20
DA:19,11
DA:22,20
DA:23,15
DA:26,20
DA:27,4347
DA:34,20
DA:35,4
DA:38,20
DA:39,4353
DA:42,20
DA:43,1403
DA:44,1403
DA:48,1623
DA:49,81
DA:50,81
DA:51,81
DA:52,81
DA:53,1542
DA:54,104
DA:57,1403
LF:26
LH:26
BRDA:7,0,0,4739
BRDA:7,0,1,305
BRDA:7,0,2,291
BRDA:7,0,3,14
BRDA:19,1,0,11
BRDA:19,1,1,0
BRDA:23,2,0,15
BRDA:23,2,1,14
BRDA:28,3,0,4347
BRDA:28,3,1,17
BRDA:28,3,2,11
BRDA:28,3,3,11
BRDA:35,4,0,4
BRDA:35,4,1,1
BRDA:39,5,0,4353
BRDA:39,5,1,7
BRDA:48,6,0,81
BRDA:48,6,1,1542
BRDA:53,7,0,104
BRDA:53,7,1,1438
BRDA:53,8,0,1542
BRDA:53,8,1,104
BRF:22
BRH:21
end_of_record
TN:
SF:C:\projects\js-slang\src\transpiler\evalContainer.ts
FN:2,(anonymous_0)
FNF:1
FNH:1
FNDA:516,(anonymous_0)
DA:2,19
DA:3,516
DA:4,516
LF:3
LH:3
BRF:0
BRH:0
end_of_record
TN:
SF:C:\projects\js-slang\src\transpiler\transpiler.ts
FN:33,getUniqueId
FN:64,createStatementAstToStoreBackCurrentlyDeclaredGlobal
FN:96,wrapWithPreviouslyDeclaredGlobals
FN:102,(anonymous_3)
FN:126,createStatementsToStoreCurrentlyDeclaredGlobals
FN:128,(anonymous_5)
FN:129,(anonymous_6)
FN:137,generateFunctionsToStringMap
FN:150,transformFunctionDeclarationsToArrowFunctions
FN:186,wrapArrowFunctionsToAllowNormalCallsAndNiceToString
FN:214,transformReturnStatementsToAllowProperTailCalls
FN:218,transformLogicalExpression
FN:275,delayIt
FN:291,transformCallExpressionsToCheckIfFunction
FN:318,checkForUndefinedVariablesAndTransformAssignmentsToPropagateBackNewValue
FN:345,processBlock
FN:356,processFunction
FN:362,(anonymous_17)
FN:393,(anonymous_18)
FN:396,(anonymous_19)
FN:468,transformSomeExpressionsToCheckIfBoolean
FN:469,transform
FN:495,refreshLatestIdentifiers
FN:503,getAllIdentifiersUsed
FN:553,splitLastStatementIntoStorageOfResultAndAccessorPair
FN:577,transformUnaryAndBinaryOperationsToFunctionCalls
FN:603,getComputedProperty
FN:607,transformPropertyAssignment
FN:625,transformPropertyAccess
FN:640,addInfiniteLoopProtection
FN:641,(anonymous_30)
FN:643,instrumentLoops
FN:674,transpile
FN:728,getDeclarationsToAccessTranspilerInternals
FN:729,(anonymous_34)
FN:782,wrapInAnonymousFunctionToBlockExternalGlobals
FN:783,isValidIdentifier
FN:795,(anonymous_37)
FNF:38
FNH:38
FNDA:15842,getUniqueId
FNDA:5962,createStatementAstToStoreBackCurrentlyDeclaredGlobal
FNDA:819,wrapWithPreviouslyDeclaredGlobals
FNDA:61651,(anonymous_3)
FNDA:819,createStatementsToStoreCurrentlyDeclaredGlobals
FNDA:6615,(anonymous_5)
FNDA:5962,(anonymous_6)
FNDA:819,generateFunctionsToStringMap
FNDA:819,transformFunctionDeclarationsToArrowFunctions
FNDA:819,wrapArrowFunctionsToAllowNormalCallsAndNiceToString
FNDA:819,transformReturnStatementsToAllowProperTailCalls
FNDA:22375,transformLogicalExpression
FNDA:616,delayIt
FNDA:819,transformCallExpressionsToCheckIfFunction
FNDA:819,checkForUndefinedVariablesAndTransformAssignmentsToPropagateBackNewValue
FNDA:8817,processBlock
FNDA:8725,processFunction
FNDA:11615,(anonymous_17)
FNDA:9828,(anonymous_18)
FNDA:331340,(anonymous_19)
FNDA:819,transformSomeExpressionsToCheckIfBoolean
FNDA:8077,transform
FNDA:835,refreshLatestIdentifiers
FNDA:835,getAllIdentifiersUsed
FNDA:819,splitLastStatementIntoStorageOfResultAndAccessorPair
FNDA:819,transformUnaryAndBinaryOperationsToFunctionCalls
FNDA:59,getComputedProperty
FNDA:819,transformPropertyAssignment
FNDA:819,transformPropertyAccess
FNDA:819,addInfiniteLoopProtection
FNDA:56,(anonymous_30)
FNDA:8817,instrumentLoops
FNDA:835,transpile
FNDA:819,getDeclarationsToAccessTranspilerInternals
FNDA:9828,(anonymous_34)
FNDA:819,wrapInAnonymousFunctionToBlockExternalGlobals
FNDA:207207,isValidIdentifier
FNDA:205569,(anonymous_37)
DA:1,20
DA:2,20
DA:4,20
DA:5,20
DA:7,20
DA:8,20
DA:34,15842
DA:35,83640
DA:36,83640
DA:37,83640
DA:38,83640
DA:39,11110
DA:41,72530
DA:44,15842
DA:45,15842
DA:48,20
DA:68,5962
DA:69,5962
DA:70,5962
DA:77,5962
DA:78,26
DA:88,5962
DA:97,819
DA:98,819
DA:99,819
DA:100,819
DA:101,1549
DA:102,1549
DA:103,61651
DA:104,61651
DA:105,112575
DA:107,61651
DA:117,61651
DA:119,1549
DA:120,1549
DA:121,1549
DA:123,819
DA:127,819
DA:128,6615
DA:130,5962
DA:138,819
DA:139,819
DA:141,1549
DA:144,6560
DA:147,819
DA:154,819
DA:156,6560
DA:157,6560
DA:158,6560
DA:159,6560
DA:160,6560
DA:161,6560
DA:168,6560
DA:190,819
DA:193,8725
DA:194,8109
DA:219,22375
DA:221,903
DA:228,6489
DA:235,8815
DA:236,8815
DA:238,8815
DA:239,8815
DA:241,8815
DA:242,119
DA:243,221
DA:247,8815
DA:256,6168
DA:263,819
DA:265,6955
DA:268,1549
DA:269,1539
DA:276,616
DA:282,616
DA:288,616
DA:295,819
DA:297,21557
DA:298,21557
DA:300,21557
DA:301,345
DA:302,395
DA:306,21557
DA:313,21557
DA:318,20
DA:322,819
DA:323,819
DA:327,819
DA:328,819
DA:329,819
DA:330,2368
DA:331,61651
DA:332,61505
DA:341,2368
DA:342,2368
DA:344,819
DA:346,8817
DA:347,8817
DA:348,15755
DA:349,120
DA:350,15635
DA:351,6560
DA:354,8817
DA:360,8725
DA:362,11615
DA:365,819
DA:366,819
DA:372,16
DA:373,16
DA:374,14
DA:381,95288
DA:384,18347
DA:385,18347
DA:386,0
DA:387,0
DA:388,0
DA:393,9828
DA:394,819
DA:395,79933
DA:396,331340
DA:397,79933
DA:398,22526
DA:399,20983
DA:400,20983
DA:401,20983
DA:403,3
DA:404,0
DA:406,3
DA:447,20980
DA:449,4
DA:450,4
DA:451,4
DA:452,4
DA:453,4
DA:459,1543
DA:460,107
DA:461,0
DA:477,8077
DA:478,8077
DA:479,8077
DA:486,819
DA:496,835
DA:497,835
DA:498,821
DA:499,9852
DA:504,835
DA:505,835
DA:506,835
DA:507,1566
DA:508,62775
DA:510,1566
DA:512,835
DA:514,60150
DA:517,18370
DA:518,18347
DA:519,23
DA:520,23
DA:521,17
DA:526,821
DA:556,819
DA:557,205
DA:561,614
DA:562,614
DA:563,614
DA:571,614
DA:578,819
DA:580,5415
DA:581,5415
DA:582,5415
DA:591,30
DA:592,30
DA:593,30
DA:604,59
DA:608,819
DA:610,61
DA:611,23
DA:612,23
DA:613,23
DA:626,819
DA:628,36
DA:629,36
DA:630,36
DA:641,819
DA:644,8817
DA:645,8817
DA:646,15755
DA:647,28
DA:648,28
DA:649,28
DA:650,28
DA:651,28
DA:663,15755
DA:665,8817
DA:668,819
DA:674,20
DA:680,835
DA:681,835
DA:682,821
DA:686,821
DA:687,2
DA:689,819
DA:690,819
DA:691,819
DA:692,819
DA:693,819
DA:694,819
DA:695,819
DA:696,819
DA:700,819
DA:701,819
DA:702,819
DA:703,819
DA:704,819
DA:705,819
DA:709,819
DA:710,819
DA:720,819
DA:722,819
DA:723,819
DA:724,819
DA:725,819
DA:729,819
DA:731,9828
DA:732,9828
DA:733,819
DA:734,9009
DA:735,819
DA:736,819
DA:737,8190
DA:738,819
DA:748,7371
DA:764,9828
DA:784,207207
DA:786,207207
DA:787,205569
DA:789,1638
DA:793,819
DA:794,819
DA:795,819
DA:796,205569
DA:798,819
LF:240
LH:235
BRDA:33,0,0,5962
BRDA:38,1,0,11110
BRDA:38,1,1,72530
BRDA:38,2,0,83640
BRDA:38,2,1,78041
BRDA:77,3,0,26
BRDA:77,3,1,5936
BRDA:193,4,0,8109
BRDA:193,4,1,616
BRDA:220,5,0,903
BRDA:220,5,1,6489
BRDA:220,5,2,8815
BRDA:220,5,3,6168
BRDA:238,6,0,8813
BRDA:238,6,1,2
BRDA:239,7,0,8696
BRDA:239,7,1,119
BRDA:241,8,0,119
BRDA:241,8,1,8696
BRDA:268,9,0,1539
BRDA:268,9,1,10
BRDA:279,10,0,0
BRDA:279,10,1,616
BRDA:298,11,0,21212
BRDA:298,11,1,345
BRDA:300,12,0,345
BRDA:300,12,1,21212
BRDA:320,13,0,0
BRDA:331,14,0,61505
BRDA:331,14,1,146
BRDA:348,15,0,120
BRDA:348,15,1,15635
BRDA:350,16,0,6560
BRDA:350,16,1,9075
BRDA:373,17,0,14
BRDA:373,17,1,2
BRDA:384,18,0,18347
BRDA:384,18,1,0
BRDA:386,19,0,0
BRDA:386,19,1,0
BRDA:387,20,0,0
BRDA:387,20,1,0
BRDA:396,21,0,147672
BRDA:396,21,1,183668
BRDA:396,22,0,331340
BRDA:396,22,1,331340
BRDA:397,23,0,22526
BRDA:397,23,1,57407
BRDA:398,24,0,20983
BRDA:398,24,1,1543
BRDA:401,25,0,3
BRDA:401,25,1,20980
BRDA:401,26,0,20983
BRDA:401,26,1,4
BRDA:403,27,0,0
BRDA:403,27,1,3
BRDA:447,28,0,4
BRDA:447,28,1,20976
BRDA:459,29,0,107
BRDA:459,29,1,1436
BRDA:460,30,0,0
BRDA:460,30,1,107
BRDA:478,31,0,1160
BRDA:478,31,1,6917
BRDA:517,32,0,18347
BRDA:517,32,1,23
BRDA:519,33,0,23
BRDA:519,33,1,0
BRDA:520,34,0,17
BRDA:520,34,1,6
BRDA:556,35,0,205
BRDA:556,35,1,614
BRDA:604,36,0,21
BRDA:604,36,1,38
BRDA:610,37,0,23
BRDA:610,37,1,38
BRDA:646,38,0,28
BRDA:646,38,1,15727
BRDA:646,39,0,15755
BRDA:646,39,1,15739
BRDA:649,40,0,28
BRDA:649,40,1,0
BRDA:677,41,0,2
BRDA:678,42,0,2
BRDA:686,43,0,2
BRDA:686,43,1,819
BRDA:732,44,0,819
BRDA:732,44,1,9009
BRDA:734,45,0,819
BRDA:734,45,1,8190
BRDA:737,46,0,819
BRDA:737,46,1,7371
BRF:92
BRH:81
end_of_record
TN:
SF:C:\projects\js-slang\src\utils\astCreator.ts
FN:4,(anonymous_0)
FN:7,(anonymous_1)
FN:10,(anonymous_2)
FN:15,(anonymous_3)
FN:21,(anonymous_4)
FN:31,(anonymous_5)
FN:49,(anonymous_6)
FN:52,(anonymous_7)
FN:63,(anonymous_8)
FN:68,(anonymous_9)
FN:81,(anonymous_10)
FN:95,(anonymous_11)
FN:100,(anonymous_12)
FN:106,(anonymous_13)
FN:115,(anonymous_14)
FN:125,(anonymous_15)
FN:130,(anonymous_16)
FN:141,(anonymous_17)
FN:154,(anonymous_18)
FN:167,(anonymous_19)
FN:172,(anonymous_20)
FN:182,(anonymous_21)
FN:195,(anonymous_22)
FN:208,(anonymous_23)
FN:212,(anonymous_24)
FN:225,(anonymous_25)
FN:238,(anonymous_26)
FN:247,(anonymous_27)
FN:260,(anonymous_28)
FN:270,(anonymous_29)
FN:281,(anonymous_30)
FNF:31
FNH:31
FNDA:609,(anonymous_0)
FNDA:21281852,(anonymous_1)
FNDA:833291,(anonymous_2)
FNDA:21689809,(anonymous_3)
FNDA:450398,(anonymous_4)
FNDA:71646,(anonymous_5)
FNDA:28,(anonymous_6)
FNDA:228597,(anonymous_7)
FNDA:10527,(anonymous_8)
FNDA:15467,(anonymous_9)
FNDA:26,(anonymous_10)
FNDA:14116,(anonymous_11)
FNDA:3079,(anonymous_12)
FNDA:11117,(anonymous_13)
FNDA:79640,(anonymous_14)
FNDA:21561,(anonymous_15)
FNDA:13613,(anonymous_16)
FNDA:1021,(anonymous_17)
FNDA:18052,(anonymous_18)
FNDA:11624,(anonymous_19)
FNDA:640,(anonymous_20)
FNDA:2423,(anonymous_21)
FNDA:72,(anonymous_22)
FNDA:119592,(anonymous_23)
FNDA:339,(anonymous_24)
FNDA:909,(anonymous_25)
FNDA:530,(anonymous_26)
FNDA:645,(anonymous_27)
FNDA:311,(anonymous_28)
FNDA:311,(anonymous_29)
FNDA:172,(anonymous_30)
DA:4,24
DA:5,609
DA:7,24
DA:8,21281852
DA:10,833291
DA:15,21689809
DA:21,24
DA:24,450398
DA:31,24
DA:36,71646
DA:49,24
DA:50,28
DA:52,24
DA:56,228597
DA:63,10527
DA:68,24
DA:72,15467
DA:81,24
DA:85,26
DA:95,14116
DA:100,3079
DA:106,24
DA:109,11117
DA:115,79640
DA:125,21561
DA:130,24
DA:135,13613
DA:136,13613
DA:137,13613
DA:138,13613
DA:141,24
DA:146,1021
DA:154,24
DA:159,18052
DA:167,11624
DA:172,24
DA:175,640
DA:182,24
DA:187,2423
DA:195,24
DA:199,72
DA:208,24
DA:209,119592
DA:212,24
DA:217,339
DA:225,24
DA:230,909
DA:238,24
DA:241,530
DA:247,24
DA:251,645
DA:260,24
DA:263,311
DA:270,24
DA:274,311
DA:281,24
DA:286,172
LF:57
LH:57
BRDA:77,0,0,8902
BRDA:77,0,1,6565
BRDA:91,1,0,26
BRDA:91,1,1,0
BRDA:209,2,0,836
BRDA:209,2,1,118756
BRF:6
BRH:5
end_of_record
TN:
SF:C:\projects\js-slang\src\utils\dummyAstCreator.ts
FN:9,(anonymous_0)
FN:14,(anonymous_1)
FN:19,(anonymous_2)
FN:25,(anonymous_3)
FN:27,(anonymous_4)
FN:34,(anonymous_5)
FN:40,(anonymous_6)
FN:42,(anonymous_7)
FN:48,(anonymous_8)
FN:57,(anonymous_9)
FN:64,(anonymous_10)
FN:98,(anonymous_11)
FN:106,(anonymous_12)
FN:114,(anonymous_13)
FN:119,(anonymous_14)
FN:127,(anonymous_15)
FN:136,(anonymous_16)
FN:138,(anonymous_17)
FN:146,(anonymous_18)
FN:154,(anonymous_19)
FN:160,(anonymous_20)
FNF:21
FNH:8
FNDA:27465,(anonymous_0)
FNDA:125,(anonymous_1)
FNDA:22794,(anonymous_2)
FNDA:22794,(anonymous_3)
FNDA:0,(anonymous_4)
FNDA:2802,(anonymous_5)
FNDA:2802,(anonymous_6)
FNDA:1744,(anonymous_7)
FNDA:0,(anonymous_8)
FNDA:0,(anonymous_9)
FNDA:0,(anonymous_10)
FNDA:0,(anonymous_11)
FNDA:0,(anonymous_12)
FNDA:0,(anonymous_13)
FNDA:0,(anonymous_14)
FNDA:0,(anonymous_15)
FNDA:0,(anonymous_16)
FNDA:0,(anonymous_17)
FNDA:0,(anonymous_18)
FNDA:0,(anonymous_19)
FNDA:125,(anonymous_20)
DA:4,20
DA:5,20
DA:6,20
DA:7,20
DA:9,27465
DA:14,125
DA:19,22794
DA:25,22794
DA:27,20
DA:34,2802
DA:40,2802
DA:42,1744
DA:48,20
DA:57,20
DA:64,20
DA:98,20
DA:106,20
DA:114,20
DA:119,20
DA:127,20
DA:136,20
DA:138,20
DA:146,20
DA:154,20
DA:160,125
LF:25
LH:25
BRF:0
BRH:0
end_of_record
TN:
SF:C:\projects\js-slang\src\utils\formatters.ts
FN:1,templateToString
FN:6,(anonymous_1)
FN:11,oneLine
FN:17,stripIndent
FN:20,(anonymous_4)
FNF:5
FNH:5
FNDA:499,templateToString
FNDA:82,(anonymous_1)
FNDA:1,oneLine
FNDA:498,stripIndent
FNDA:1297,(anonymous_4)
DA:2,499
DA:3,94
DA:5,405
DA:6,82
DA:11,24
DA:12,1
DA:17,24
DA:18,498
DA:19,498
DA:20,1297
DA:21,498
DA:22,463
DA:24,35
LF:13
LH:13
BRDA:2,0,0,94
BRDA:2,0,1,405
BRDA:20,1,0,498
BRDA:20,1,1,497
BRDA:21,2,0,463
BRDA:21,2,1,35
BRF:6
BRH:6
end_of_record
TN:
SF:C:\projects\js-slang\src\utils\operators.ts
FN:18,throwIfTimeout
FN:24,forceIt
FN:43,callIfFuncAndRightArgs
FN:82,boolOrErr
FN:92,unaryOp
FN:106,evaluateUnaryExpression
FN:116,binaryOp
FN:138,evaluateBinaryExpression
FN:174,(anonymous_8)
FN:229,(anonymous_9)
FN:230,(anonymous_10)
FN:232,(anonymous_11)
FN:233,(anonymous_12)
FN:237,(anonymous_13)
FN:247,(anonymous_14)
FNF:15
FNH:14
FNDA:8874320,throwIfTimeout
FNDA:24927895,forceIt
FNDA:10701,callIfFuncAndRightArgs
FNDA:8941584,boolOrErr
FNDA:48,unaryOp
FNDA:99,evaluateUnaryExpression
FNDA:7985397,binaryOp
FNDA:8136550,evaluateBinaryExpression
FNDA:7912,(anonymous_8)
FNDA:7084,(anonymous_9)
FNDA:7912,(anonymous_10)
FNDA:0,(anonymous_11)
FNDA:18,(anonymous_12)
FNDA:126,(anonymous_13)
FNDA:18,(anonymous_14)
DA:2,24
DA:3,24
DA:9,24
DA:10,24
DA:14,24
DA:15,24
DA:16,24
DA:18,24
DA:19,8874320
DA:20,2
DA:24,24
DA:25,24927895
DA:26,19
DA:28,19
DA:29,3
DA:32,16
DA:34,16
DA:35,16
DA:37,16
DA:39,24927876
DA:43,24
DA:49,10701
DA:54,10701
DA:56,10701
DA:57,10696
DA:58,4006
DA:59,4006
DA:60,4006
DA:63,26
DA:64,17
DA:66,9
DA:70,6690
DA:71,6690
DA:72,6690
DA:73,7
DA:75,6683
DA:78,5
DA:82,24
DA:83,8941584
DA:84,8941584
DA:85,8941584
DA:86,8941583
DA:88,1
DA:92,24
DA:93,48
DA:94,48
DA:99,48
DA:100,48
DA:102,0
DA:106,24
DA:107,99
DA:108,19
DA:109,80
DA:110,80
DA:112,0
DA:116,24
DA:123,7985397
DA:124,7985397
DA:125,7985397
DA:131,7985397
DA:132,7985391
DA:134,6
DA:138,24
DA:139,8136550
DA:141,7931679
DA:143,91858
DA:145,73
DA:147,10
DA:149,12
DA:151,1875
DA:153,6
DA:155,100421
DA:157,294
DA:159,10308
DA:161,14
DA:163,0
DA:174,24
DA:175,7912
DA:176,7912
DA:177,7912
DA:178,7912
DA:179,7912
DA:180,7912
DA:181,4343975
DA:182,4343975
DA:183,5
DA:184,4343970
DA:185,0
DA:187,4343970
DA:188,4334632
DA:189,4334632
DA:190,4334632
DA:191,4334632
DA:192,1
DA:203,4343969
DA:204,4343969
DA:207,1171
DA:208,51
DA:210,1120
DA:213,4342798
DA:214,16
DA:215,4342782
DA:216,4336063
DA:217,4336063
DA:218,4336063
DA:219,4336063
DA:220,4336063
DA:221,6719
DA:222,5293
DA:224,1426
DA:229,24
DA:230,7912
DA:231,7084
DA:232,7084
DA:233,7084
DA:234,7084
DA:237,24
DA:238,126
DA:239,126
DA:240,126
DA:241,124
DA:243,2
DA:247,24
DA:248,18
DA:249,18
DA:250,18
DA:251,15
DA:252,1
DA:254,14
DA:257,3
LF:130
LH:126
BRDA:19,0,0,2
BRDA:19,0,1,8874318
BRDA:25,1,0,19
BRDA:25,1,1,24927876
BRDA:25,2,0,24927895
BRDA:25,2,1,24927633
BRDA:25,2,2,24927466
BRDA:28,3,0,3
BRDA:28,3,1,16
BRDA:56,4,0,10696
BRDA:56,4,1,5
BRDA:57,5,0,4006
BRDA:57,5,1,6690
BRDA:63,6,0,17
BRDA:63,6,1,9
BRDA:63,7,0,26
BRDA:63,7,1,26
BRDA:72,8,0,7
BRDA:72,8,1,6683
BRDA:85,9,0,8941583
BRDA:85,9,1,1
BRDA:99,10,0,48
BRDA:99,10,1,0
BRDA:107,11,0,19
BRDA:107,11,1,80
BRDA:109,12,0,80
BRDA:109,12,1,0
BRDA:131,13,0,7985391
BRDA:131,13,1,6
BRDA:140,14,0,7931679
BRDA:140,14,1,91858
BRDA:140,14,2,73
BRDA:140,14,3,10
BRDA:140,14,4,12
BRDA:140,14,5,1875
BRDA:140,14,6,6
BRDA:140,14,7,100421
BRDA:140,14,8,294
BRDA:140,14,9,10308
BRDA:140,14,10,14
BRDA:140,14,11,0
BRDA:182,15,0,5
BRDA:182,15,1,4343970
BRDA:184,16,0,0
BRDA:184,16,1,4343970
BRDA:187,17,0,4334632
BRDA:187,17,1,9338
BRDA:191,18,0,1
BRDA:191,18,1,4334631
BRDA:207,19,0,51
BRDA:207,19,1,1120
BRDA:207,20,0,1171
BRDA:207,20,1,1166
BRDA:213,21,0,16
BRDA:213,21,1,4342782
BRDA:213,22,0,4342798
BRDA:213,22,1,4342796
BRDA:215,23,0,4336063
BRDA:215,23,1,6719
BRDA:221,24,0,5293
BRDA:221,24,1,1426
BRDA:240,25,0,124
BRDA:240,25,1,2
BRDA:250,26,0,15
BRDA:250,26,1,3
BRDA:251,27,0,1
BRDA:251,27,1,14
BRDA:251,28,0,15
BRDA:251,28,1,13
BRF:69
BRH:65
end_of_record
TN:
SF:C:\projects\js-slang\src\utils\rttc.ts
FN:13,(anonymous_0)
FN:17,(anonymous_1)
FN:21,(anonymous_2)
FN:27,(anonymous_3)
FN:37,(anonymous_4)
FN:41,(anonymous_5)
FN:42,(anonymous_6)
FN:43,(anonymous_7)
FN:44,(anonymous_8)
FN:45,(anonymous_9)
FN:47,(anonymous_10)
FN:57,(anonymous_11)
FN:94,(anonymous_12)
FN:98,(anonymous_13)
FNF:14
FNH:14
FNDA:861,(anonymous_0)
FNDA:1686,(anonymous_1)
FNDA:830,(anonymous_2)
FNDA:25282698,(anonymous_3)
FNDA:16270504,(anonymous_4)
FNDA:264,(anonymous_5)
FNDA:544,(anonymous_6)
FNDA:9010071,(anonymous_7)
FNDA:386,(anonymous_8)
FNDA:337,(anonymous_9)
FNDA:126,(anonymous_10)
FNDA:8137457,(anonymous_11)
FNDA:9010043,(anonymous_12)
FNDA:386,(anonymous_13)
DA:2,24
DA:3,24
DA:5,24
DA:6,24
DA:8,24
DA:9,861
DA:10,861
DA:13,861
DA:14,861
DA:18,1686
DA:22,830
DA:27,24
DA:28,25282698
DA:29,281
DA:30,25282417
DA:31,776
DA:33,25281641
DA:37,16270504
DA:41,264
DA:42,544
DA:43,9010071
DA:44,386
DA:45,337
DA:47,24
DA:48,126
DA:49,16
DA:50,110
DA:51,8
DA:53,102
DA:57,24
DA:63,8137457
DA:68,92284
DA:69,292
DA:70,91992
DA:71,35
DA:73,91957
DA:80,8043130
DA:81,8042725
DA:82,405
DA:83,90
DA:85,315
DA:90,2043
DA:94,24
DA:95,9010043
DA:98,24
DA:99,386
DA:100,49
DA:101,337
DA:102,264
DA:108,73
LF:50
LH:50
BRDA:28,0,0,281
BRDA:28,0,1,25282417
BRDA:30,1,0,776
BRDA:30,1,1,25281641
BRDA:41,2,0,264
BRDA:41,2,1,256
BRDA:41,2,2,254
BRDA:48,3,0,16
BRDA:48,3,1,110
BRDA:48,4,0,126
BRDA:48,4,1,117
BRDA:48,4,2,98
BRDA:50,5,0,8
BRDA:50,5,1,102
BRDA:50,6,0,110
BRDA:50,6,1,28
BRDA:64,7,0,91943
BRDA:64,7,1,92100
BRDA:64,7,2,92191
BRDA:64,7,3,92284
BRDA:64,7,4,7931764
BRDA:64,7,5,7932140
BRDA:64,7,6,8032642
BRDA:64,7,7,8043035
BRDA:64,7,8,8043130
BRDA:64,7,9,87
BRDA:64,7,10,2043
BRDA:64,7,11,2043
BRDA:68,8,0,292
BRDA:68,8,1,91992
BRDA:70,9,0,35
BRDA:70,9,1,91957
BRDA:80,10,0,8042725
BRDA:80,10,1,405
BRDA:81,11,0,8042680
BRDA:81,11,1,45
BRDA:82,12,0,90
BRDA:82,12,1,315
BRDA:83,13,0,46
BRDA:83,13,1,44
BRDA:95,14,0,9010033
BRDA:95,14,1,10
BRDA:99,15,0,49
BRDA:99,15,1,337
BRDA:100,16,0,39
BRDA:100,16,1,10
BRDA:101,17,0,264
BRDA:101,17,1,73
BRDA:103,18,0,253
BRDA:103,18,1,11
BRDA:105,19,0,3
BRDA:105,19,1,8
BRF:52
BRH:52
end_of_record
TN:
SF:C:\projects\js-slang\src\utils\stringify.ts
FN:5,makeIndent
FN:19,indentify
FN:22,(anonymous_2)
FN:26,(anonymous_3)
FN:45,(anonymous_4)
FN:47,(anonymous_5)
FN:52,(anonymous_6)
FN:54,(anonymous_7)
FN:80,(anonymous_8)
FN:82,(anonymous_9)
FN:103,(anonymous_10)
FNF:11
FNH:11
FNDA:3421,makeIndent
FNDA:3284,indentify
FNDA:23767,(anonymous_2)
FNDA:3421,(anonymous_3)
FNDA:4232,(anonymous_4)
FNDA:2659,(anonymous_5)
FNDA:4211,(anonymous_6)
FNDA:6125,(anonymous_7)
FNDA:21,(anonymous_8)
FNDA:57,(anonymous_9)
FNDA:9660,(anonymous_10)
DA:1,24
DA:2,24
DA:6,3421
DA:7,3417
DA:8,2
DA:10,3417
DA:12,4
DA:13,2
DA:15,4
DA:20,3284
DA:22,23767
DA:26,24
DA:32,3421
DA:35,3421
DA:36,3421
DA:37,3421
DA:38,3421
DA:39,3421
DA:45,3421
DA:46,4232
DA:47,2659
DA:52,3421
DA:53,4211
DA:54,6125
DA:55,4211
DA:57,4211
DA:58,1642
DA:62,1640
DA:70,2
DA:76,2569
DA:80,3421
DA:81,21
DA:82,21
DA:83,57
DA:84,57
DA:85,57
DA:86,0
DA:88,57
DA:91,21
DA:93,21
DA:94,2
DA:99,19
DA:103,3421
DA:104,9660
DA:105,1201
DA:106,8459
DA:107,143
DA:108,8316
DA:109,2
DA:110,8314
DA:111,18
DA:112,8296
DA:113,2772
DA:114,5524
DA:115,1292
DA:116,4232
DA:117,0
DA:118,4232
DA:119,4211
DA:121,21
DA:125,3421
LF:61
LH:59
BRDA:6,0,0,3417
BRDA:6,0,1,4
BRDA:7,1,0,2
BRDA:7,1,1,3415
BRDA:12,2,0,2
BRDA:12,2,1,2
BRDA:28,3,0,3411
BRDA:29,4,0,3386
BRDA:46,5,0,4232
BRDA:46,5,1,4212
BRDA:46,5,2,2581
BRDA:57,6,0,1642
BRDA:57,6,1,2569
BRDA:58,7,0,1640
BRDA:58,7,1,2
BRDA:85,8,0,0
BRDA:85,8,1,57
BRDA:93,9,0,2
BRDA:93,9,1,19
BRDA:103,10,0,0
BRDA:104,11,0,1201
BRDA:104,11,1,8459
BRDA:106,12,0,143
BRDA:106,12,1,8316
BRDA:108,13,0,2
BRDA:108,13,1,8314
BRDA:110,14,0,18
BRDA:110,14,1,8296
BRDA:112,15,0,2772
BRDA:112,15,1,5524
BRDA:114,16,0,1292
BRDA:114,16,1,4232
BRDA:116,17,0,0
BRDA:116,17,1,4232
BRDA:118,18,0,4211
BRDA:118,18,1,21
BRF:36
BRH:33
end_of_record
TN:
SF:C:\projects\js-slang\src\validator\validator.ts
FN:10,(anonymous_0)
FN:13,validateAndAnnotate
FN:19,processBlock
FN:34,processFunction
FN:37,(anonymous_4)
FN:60,validateIdentifier
FNF:6
FNH:6
FNDA:43743,(anonymous_0)
FNDA:1708,validateAndAnnotate
FNDA:19268,processBlock
FNDA:19451,processFunction
FNDA:27738,(anonymous_4)
FNDA:187372,validateIdentifier
DA:1,19
DA:3,19
DA:4,19
DA:6,19
DA:9,43743
DA:10,43743
DA:13,19
DA:17,1708
DA:18,1708
DA:20,19268
DA:21,19268
DA:22,35809
DA:23,268
DA:27,35541
DA:28,15702
DA:31,19268
DA:32,19268
DA:35,19451
DA:37,27738
DA:39,19451
DA:43,1708
DA:49,39
DA:50,39
DA:51,35
DA:55,35
DA:61,187372
DA:62,187372
DA:63,187372
DA:64,1201307
DA:65,1201307
DA:66,1201307
DA:67,136982
DA:68,136982
DA:69,85
DA:70,2
DA:72,85
DA:73,3
DA:76,136982
DA:80,1708
DA:84,303
DA:85,303
DA:89,1708
DA:93,303
DA:94,303
DA:95,303
DA:97,303
DA:102,15702
DA:103,15702
DA:106,43590
DA:107,43536
DA:108,54
DA:109,54
DA:110,38
DA:115,72554
DA:116,346014
DA:117,346014
DA:118,72554
DA:119,72554
DA:138,1708
LF:59
LH:59
BRDA:22,0,0,268
BRDA:22,0,1,35541
BRDA:27,1,0,15702
BRDA:27,1,1,19839
BRDA:50,2,0,35
BRDA:50,2,1,4
BRDA:66,3,0,136982
BRDA:66,3,1,1064325
BRDA:66,4,0,766138
BRDA:66,4,1,435169
BRDA:66,5,0,1201307
BRDA:66,5,1,1201307
BRDA:68,6,0,85
BRDA:68,6,1,136897
BRDA:68,7,0,136982
BRDA:68,7,1,135
BRDA:69,8,0,2
BRDA:69,8,1,83
BRDA:72,9,0,3
BRDA:72,9,1,82
BRDA:72,10,0,85
BRDA:72,10,1,38
BRDA:72,10,2,38
BRDA:84,11,0,303
BRDA:84,11,1,0
BRDA:97,12,0,20
BRDA:97,12,1,283
BRDA:103,13,0,4
BRDA:103,13,1,15698
BRDA:106,14,0,43536
BRDA:106,14,1,54
BRDA:108,15,0,54
BRDA:108,15,1,0
BRDA:109,16,0,38
BRDA:109,16,1,16
BRDA:117,17,0,72554
BRDA:117,17,1,273460
BRF:37
BRH:35
end_of_record
